[0.759s] DEBUG:colcon:Command line arguments: ['/usr/local/bin/colcon', 'build']
[0.760s] DEBUG:colcon:Parsed command line arguments: Namespace(ament_cmake_args=None, base_paths=['.'], build_base='build', catkin_cmake_args=None, catkin_skip_building_tests=False, cmake_args=None, cmake_clean_cache=False, cmake_clean_first=False, cmake_force_configure=False, cmake_target=None, cmake_target_skip_unavailable=False, continue_on_error=False, event_handlers=None, executor='parallel', ignore_user_meta=False, install_base='install', log_base=None, log_level=None, main=<bound method BuildVerb.main of <colcon_core.verb.build.BuildVerb object at 0x7f8b00d0d668>>, merge_install=False, metas=['./colcon.meta'], packages_above=None, packages_above_and_dependencies=None, packages_above_depth=None, packages_end=None, packages_ignore=None, packages_ignore_regex=None, packages_select=None, packages_select_build_failed=False, packages_select_by_dep=None, packages_select_regex=None, packages_select_test_failures=False, packages_skip=None, packages_skip_build_finished=False, packages_skip_by_dep=None, packages_skip_regex=None, packages_skip_test_passed=False, packages_skip_up_to=None, packages_start=None, packages_up_to=None, packages_up_to_regex=None, parallel_workers=4, paths=None, symlink_install=False, test_result_base=None, verb_extension=<colcon_core.verb.build.BuildVerb object at 0x7f8b00d0d668>, verb_name='build', verb_parser=<colcon_defaults.argument_parser.defaults.DefaultArgumentsDecorator object at 0x7f8b00d0da58>)
[0.786s] Level 1:colcon.colcon_core.package_discovery:discover_packages(colcon_meta) check parameters
[0.787s] Level 1:colcon.colcon_core.package_discovery:discover_packages(recursive) check parameters
[0.787s] Level 1:colcon.colcon_core.package_discovery:discover_packages(ignore) check parameters
[0.787s] Level 1:colcon.colcon_core.package_discovery:discover_packages(path) check parameters
[0.787s] Level 1:colcon.colcon_core.package_discovery:discover_packages(colcon_meta) discover
[0.787s] Level 1:colcon.colcon_core.package_discovery:discover_packages(recursive) discover
[0.787s] INFO:colcon.colcon_core.package_discovery:Crawling recursively for packages in '/home/ubuntu/environment/aws-robomaker-sample-application-helloworld/simulation_ws'
[0.787s] Level 1:colcon.colcon_core.package_identification:_identify(.) by extensions ['ignore', 'ignore_ament_install']
[0.787s] Level 1:colcon.colcon_core.package_identification:_identify(.) by extension 'ignore'
[0.787s] Level 1:colcon.colcon_core.package_identification:_identify(.) by extension 'ignore_ament_install'
[0.787s] Level 1:colcon.colcon_core.package_identification:_identify(.) by extensions ['colcon_pkg']
[0.788s] Level 1:colcon.colcon_core.package_identification:_identify(.) by extension 'colcon_pkg'
[0.788s] Level 1:colcon.colcon_core.package_identification:_identify(.) by extensions ['colcon_meta']
[0.788s] Level 1:colcon.colcon_core.package_identification:_identify(.) by extension 'colcon_meta'
[0.788s] Level 1:colcon.colcon_core.package_identification:_identify(.) by extensions ['ros']
[0.788s] Level 1:colcon.colcon_core.package_identification:_identify(.) by extension 'ros'
[0.802s] Level 1:colcon.colcon_core.package_identification:_identify(.) by extensions ['cmake', 'python']
[0.802s] Level 1:colcon.colcon_core.package_identification:_identify(.) by extension 'cmake'
[0.802s] Level 1:colcon.colcon_core.package_identification:_identify(.) by extension 'python'
[0.802s] Level 1:colcon.colcon_core.package_identification:_identify(.) by extensions ['python_setup_py']
[0.802s] Level 1:colcon.colcon_core.package_identification:_identify(.) by extension 'python_setup_py'
[0.802s] Level 1:colcon.colcon_core.package_identification:_identify(build) by extensions ['ignore', 'ignore_ament_install']
[0.802s] Level 1:colcon.colcon_core.package_identification:_identify(build) by extension 'ignore'
[0.802s] Level 1:colcon.colcon_core.package_identification:_identify(build) ignored
[0.803s] Level 1:colcon.colcon_core.package_identification:_identify(install) by extensions ['ignore', 'ignore_ament_install']
[0.803s] Level 1:colcon.colcon_core.package_identification:_identify(install) by extension 'ignore'
[0.803s] Level 1:colcon.colcon_core.package_identification:_identify(install) ignored
[0.803s] Level 1:colcon.colcon_core.package_identification:_identify(log) by extensions ['ignore', 'ignore_ament_install']
[0.803s] Level 1:colcon.colcon_core.package_identification:_identify(log) by extension 'ignore'
[0.803s] Level 1:colcon.colcon_core.package_identification:_identify(log) ignored
[0.803s] Level 1:colcon.colcon_core.package_identification:_identify(src) by extensions ['ignore', 'ignore_ament_install']
[0.804s] Level 1:colcon.colcon_core.package_identification:_identify(src) by extension 'ignore'
[0.804s] Level 1:colcon.colcon_core.package_identification:_identify(src) by extension 'ignore_ament_install'
[0.804s] Level 1:colcon.colcon_core.package_identification:_identify(src) by extensions ['colcon_pkg']
[0.804s] Level 1:colcon.colcon_core.package_identification:_identify(src) by extension 'colcon_pkg'
[0.804s] Level 1:colcon.colcon_core.package_identification:_identify(src) by extensions ['colcon_meta']
[0.804s] Level 1:colcon.colcon_core.package_identification:_identify(src) by extension 'colcon_meta'
[0.804s] Level 1:colcon.colcon_core.package_identification:_identify(src) by extensions ['ros']
[0.804s] Level 1:colcon.colcon_core.package_identification:_identify(src) by extension 'ros'
[0.804s] Level 1:colcon.colcon_core.package_identification:_identify(src) by extensions ['cmake', 'python']
[0.804s] Level 1:colcon.colcon_core.package_identification:_identify(src) by extension 'cmake'
[0.804s] Level 1:colcon.colcon_core.package_identification:_identify(src) by extension 'python'
[0.804s] Level 1:colcon.colcon_core.package_identification:_identify(src) by extensions ['python_setup_py']
[0.804s] Level 1:colcon.colcon_core.package_identification:_identify(src) by extension 'python_setup_py'
[0.804s] Level 1:colcon.colcon_core.package_identification:_identify(src/deps) by extensions ['ignore', 'ignore_ament_install']
[0.805s] Level 1:colcon.colcon_core.package_identification:_identify(src/deps) by extension 'ignore'
[0.805s] Level 1:colcon.colcon_core.package_identification:_identify(src/deps) by extension 'ignore_ament_install'
[0.805s] Level 1:colcon.colcon_core.package_identification:_identify(src/deps) by extensions ['colcon_pkg']
[0.805s] Level 1:colcon.colcon_core.package_identification:_identify(src/deps) by extension 'colcon_pkg'
[0.805s] Level 1:colcon.colcon_core.package_identification:_identify(src/deps) by extensions ['colcon_meta']
[0.805s] Level 1:colcon.colcon_core.package_identification:_identify(src/deps) by extension 'colcon_meta'
[0.805s] Level 1:colcon.colcon_core.package_identification:_identify(src/deps) by extensions ['ros']
[0.805s] Level 1:colcon.colcon_core.package_identification:_identify(src/deps) by extension 'ros'
[0.805s] Level 1:colcon.colcon_core.package_identification:_identify(src/deps) by extensions ['cmake', 'python']
[0.805s] Level 1:colcon.colcon_core.package_identification:_identify(src/deps) by extension 'cmake'
[0.805s] Level 1:colcon.colcon_core.package_identification:_identify(src/deps) by extension 'python'
[0.805s] Level 1:colcon.colcon_core.package_identification:_identify(src/deps) by extensions ['python_setup_py']
[0.805s] Level 1:colcon.colcon_core.package_identification:_identify(src/deps) by extension 'python_setup_py'
[0.805s] Level 1:colcon.colcon_core.package_identification:_identify(src/deps/turtlebot3-description-reduced-mesh) by extensions ['ignore', 'ignore_ament_install']
[0.806s] Level 1:colcon.colcon_core.package_identification:_identify(src/deps/turtlebot3-description-reduced-mesh) by extension 'ignore'
[0.806s] Level 1:colcon.colcon_core.package_identification:_identify(src/deps/turtlebot3-description-reduced-mesh) by extension 'ignore_ament_install'
[0.806s] Level 1:colcon.colcon_core.package_identification:_identify(src/deps/turtlebot3-description-reduced-mesh) by extensions ['colcon_pkg']
[0.806s] Level 1:colcon.colcon_core.package_identification:_identify(src/deps/turtlebot3-description-reduced-mesh) by extension 'colcon_pkg'
[0.806s] Level 1:colcon.colcon_core.package_identification:_identify(src/deps/turtlebot3-description-reduced-mesh) by extensions ['colcon_meta']
[0.806s] Level 1:colcon.colcon_core.package_identification:_identify(src/deps/turtlebot3-description-reduced-mesh) by extension 'colcon_meta'
[0.806s] Level 1:colcon.colcon_core.package_identification:_identify(src/deps/turtlebot3-description-reduced-mesh) by extensions ['ros']
[0.806s] Level 1:colcon.colcon_core.package_identification:_identify(src/deps/turtlebot3-description-reduced-mesh) by extension 'ros'
[0.809s] DEBUG:colcon.colcon_core.package_identification:Package 'src/deps/turtlebot3-description-reduced-mesh' with type 'ros.catkin' and name 'turtlebot3_description_reduced_mesh'
[0.809s] Level 1:colcon.colcon_core.package_identification:_identify(src/hello_world_simulation) by extensions ['ignore', 'ignore_ament_install']
[0.809s] Level 1:colcon.colcon_core.package_identification:_identify(src/hello_world_simulation) by extension 'ignore'
[0.809s] Level 1:colcon.colcon_core.package_identification:_identify(src/hello_world_simulation) by extension 'ignore_ament_install'
[0.809s] Level 1:colcon.colcon_core.package_identification:_identify(src/hello_world_simulation) by extensions ['colcon_pkg']
[0.809s] Level 1:colcon.colcon_core.package_identification:_identify(src/hello_world_simulation) by extension 'colcon_pkg'
[0.809s] Level 1:colcon.colcon_core.package_identification:_identify(src/hello_world_simulation) by extensions ['colcon_meta']
[0.809s] Level 1:colcon.colcon_core.package_identification:_identify(src/hello_world_simulation) by extension 'colcon_meta'
[0.809s] Level 1:colcon.colcon_core.package_identification:_identify(src/hello_world_simulation) by extensions ['ros']
[0.809s] Level 1:colcon.colcon_core.package_identification:_identify(src/hello_world_simulation) by extension 'ros'
[0.810s] DEBUG:colcon.colcon_core.package_identification:Package 'src/hello_world_simulation' with type 'ros.catkin' and name 'hello_world_simulation'
[0.810s] Level 1:colcon.colcon_core.package_discovery:discover_packages(recursive) using defaults
[0.810s] Level 1:colcon.colcon_core.package_discovery:discover_packages(ignore) discover
[0.810s] Level 1:colcon.colcon_core.package_discovery:discover_packages(ignore) using defaults
[0.810s] Level 1:colcon.colcon_core.package_discovery:discover_packages(path) discover
[0.810s] Level 1:colcon.colcon_core.package_discovery:discover_packages(path) using defaults
[0.873s] Level 5:colcon.colcon_core.verb:set package 'hello_world_simulation' build argument 'cmake_args' from command line to 'None'
[0.873s] Level 5:colcon.colcon_core.verb:set package 'hello_world_simulation' build argument 'cmake_target' from command line to 'None'
[0.873s] Level 5:colcon.colcon_core.verb:set package 'hello_world_simulation' build argument 'cmake_target_skip_unavailable' from command line to 'False'
[0.873s] Level 5:colcon.colcon_core.verb:set package 'hello_world_simulation' build argument 'cmake_clean_cache' from command line to 'False'
[0.873s] Level 5:colcon.colcon_core.verb:set package 'hello_world_simulation' build argument 'cmake_clean_first' from command line to 'False'
[0.873s] Level 5:colcon.colcon_core.verb:set package 'hello_world_simulation' build argument 'cmake_force_configure' from command line to 'False'
[0.873s] Level 5:colcon.colcon_core.verb:set package 'hello_world_simulation' build argument 'ament_cmake_args' from command line to 'None'
[0.873s] Level 5:colcon.colcon_core.verb:set package 'hello_world_simulation' build argument 'catkin_cmake_args' from command line to 'None'
[0.873s] Level 5:colcon.colcon_core.verb:set package 'hello_world_simulation' build argument 'catkin_skip_building_tests' from command line to 'False'
[0.873s] DEBUG:colcon.colcon_core.verb:Building package 'hello_world_simulation' with the following arguments: {'ament_cmake_args': None, 'build_base': '/home/ubuntu/environment/aws-robomaker-sample-application-helloworld/simulation_ws/build/hello_world_simulation', 'catkin_cmake_args': None, 'catkin_skip_building_tests': False, 'cmake_args': None, 'cmake_clean_cache': False, 'cmake_clean_first': False, 'cmake_force_configure': False, 'cmake_target': None, 'cmake_target_skip_unavailable': False, 'install_base': '/home/ubuntu/environment/aws-robomaker-sample-application-helloworld/simulation_ws/install/hello_world_simulation', 'merge_install': False, 'path': '/home/ubuntu/environment/aws-robomaker-sample-application-helloworld/simulation_ws/src/hello_world_simulation', 'symlink_install': False, 'test_result_base': None}
[0.887s] Level 5:colcon.colcon_core.verb:set package 'turtlebot3_description_reduced_mesh' build argument 'cmake_args' from command line to 'None'
[0.887s] Level 5:colcon.colcon_core.verb:set package 'turtlebot3_description_reduced_mesh' build argument 'cmake_target' from command line to 'None'
[0.887s] Level 5:colcon.colcon_core.verb:set package 'turtlebot3_description_reduced_mesh' build argument 'cmake_target_skip_unavailable' from command line to 'False'
[0.887s] Level 5:colcon.colcon_core.verb:set package 'turtlebot3_description_reduced_mesh' build argument 'cmake_clean_cache' from command line to 'False'
[0.887s] Level 5:colcon.colcon_core.verb:set package 'turtlebot3_description_reduced_mesh' build argument 'cmake_clean_first' from command line to 'False'
[0.888s] Level 5:colcon.colcon_core.verb:set package 'turtlebot3_description_reduced_mesh' build argument 'cmake_force_configure' from command line to 'False'
[0.888s] Level 5:colcon.colcon_core.verb:set package 'turtlebot3_description_reduced_mesh' build argument 'ament_cmake_args' from command line to 'None'
[0.888s] Level 5:colcon.colcon_core.verb:set package 'turtlebot3_description_reduced_mesh' build argument 'catkin_cmake_args' from command line to 'None'
[0.888s] Level 5:colcon.colcon_core.verb:set package 'turtlebot3_description_reduced_mesh' build argument 'catkin_skip_building_tests' from command line to 'False'
[0.888s] DEBUG:colcon.colcon_core.verb:Building package 'turtlebot3_description_reduced_mesh' with the following arguments: {'ament_cmake_args': None, 'build_base': '/home/ubuntu/environment/aws-robomaker-sample-application-helloworld/simulation_ws/build/turtlebot3_description_reduced_mesh', 'catkin_cmake_args': None, 'catkin_skip_building_tests': False, 'cmake_args': None, 'cmake_clean_cache': False, 'cmake_clean_first': False, 'cmake_force_configure': False, 'cmake_target': None, 'cmake_target_skip_unavailable': False, 'install_base': '/home/ubuntu/environment/aws-robomaker-sample-application-helloworld/simulation_ws/install/turtlebot3_description_reduced_mesh', 'merge_install': False, 'path': '/home/ubuntu/environment/aws-robomaker-sample-application-helloworld/simulation_ws/src/deps/turtlebot3-description-reduced-mesh', 'symlink_install': False, 'test_result_base': None}
[0.891s] INFO:colcon.colcon_core.executor:Executing jobs using 'parallel' executor
[0.917s] DEBUG:colcon.colcon_parallel_executor.executor.parallel:run_until_complete
[0.917s] INFO:colcon.colcon_ros.task.catkin.build:Building ROS package in '/home/ubuntu/environment/aws-robomaker-sample-application-helloworld/simulation_ws/src/hello_world_simulation' with build type 'catkin'
[0.917s] INFO:colcon.colcon_cmake.task.cmake.build:Building CMake package in '/home/ubuntu/environment/aws-robomaker-sample-application-helloworld/simulation_ws/src/hello_world_simulation'
[0.931s] INFO:colcon.colcon_core.plugin_system:Skipping extension 'colcon_core.shell.bat': Not used on non-Windows systems
[0.931s] INFO:colcon.colcon_core.shell:Skip shell extension 'powershell' for command environment: Not usable outside of PowerShell
[0.931s] DEBUG:colcon.colcon_core.shell:Skip shell extension 'dsv' for command environment
[0.940s] DEBUG:colcon.colcon_core.shell:Ignoring prefix path '/opt/ros/melodic'
[0.943s] INFO:colcon.colcon_ros.task.catkin.build:Building ROS package in '/home/ubuntu/environment/aws-robomaker-sample-application-helloworld/simulation_ws/src/deps/turtlebot3-description-reduced-mesh' with build type 'catkin'
[0.944s] INFO:colcon.colcon_cmake.task.cmake.build:Building CMake package in '/home/ubuntu/environment/aws-robomaker-sample-application-helloworld/simulation_ws/src/deps/turtlebot3-description-reduced-mesh'
[0.955s] INFO:colcon.colcon_core.shell:Skip shell extension 'powershell' for command environment: Not usable outside of PowerShell
[0.955s] DEBUG:colcon.colcon_core.shell:Skip shell extension 'dsv' for command environment
[0.963s] DEBUG:colcon.colcon_core.shell:Ignoring prefix path '/opt/ros/melodic'
[0.975s] DEBUG:colcon.colcon_core.event_handler.log_command:Invoking command in '/home/ubuntu/environment/aws-robomaker-sample-application-helloworld/simulation_ws/build/hello_world_simulation': /usr/bin/cmake --build /home/ubuntu/environment/aws-robomaker-sample-application-helloworld/simulation_ws/build/hello_world_simulation -- -j4 -l4
[0.979s] DEBUG:colcon.colcon_core.event_handler.log_command:Invoking command in '/home/ubuntu/environment/aws-robomaker-sample-application-helloworld/simulation_ws/build/turtlebot3_description_reduced_mesh': /usr/bin/cmake --build /home/ubuntu/environment/aws-robomaker-sample-application-helloworld/simulation_ws/build/turtlebot3_description_reduced_mesh -- -j4 -l4
[1.024s] DEBUG:colcon.colcon_core.event_handler.log_command:Invoked command in '/home/ubuntu/environment/aws-robomaker-sample-application-helloworld/simulation_ws/build/turtlebot3_description_reduced_mesh' returned '0': /usr/bin/cmake --build /home/ubuntu/environment/aws-robomaker-sample-application-helloworld/simulation_ws/build/turtlebot3_description_reduced_mesh -- -j4 -l4
[1.039s] DEBUG:colcon.colcon_core.event_handler.log_command:Invoked command in '/home/ubuntu/environment/aws-robomaker-sample-application-helloworld/simulation_ws/build/hello_world_simulation' returned '0': /usr/bin/cmake --build /home/ubuntu/environment/aws-robomaker-sample-application-helloworld/simulation_ws/build/hello_world_simulation -- -j4 -l4
[1.108s] DEBUG:colcon.colcon_core.event_handler.log_command:Invoking command in '/home/ubuntu/environment/aws-robomaker-sample-application-helloworld/simulation_ws/build/turtlebot3_description_reduced_mesh': /usr/bin/cmake --build /home/ubuntu/environment/aws-robomaker-sample-application-helloworld/simulation_ws/build/turtlebot3_description_reduced_mesh --target tests -- -j4 -l4
[1.122s] DEBUG:colcon.colcon_core.event_handler.log_command:Invoking command in '/home/ubuntu/environment/aws-robomaker-sample-application-helloworld/simulation_ws/build/hello_world_simulation': /usr/bin/cmake --build /home/ubuntu/environment/aws-robomaker-sample-application-helloworld/simulation_ws/build/hello_world_simulation --target tests -- -j4 -l4
[1.190s] DEBUG:colcon.colcon_core.event_handler.log_command:Invoked command in '/home/ubuntu/environment/aws-robomaker-sample-application-helloworld/simulation_ws/build/turtlebot3_description_reduced_mesh' returned '0': /usr/bin/cmake --build /home/ubuntu/environment/aws-robomaker-sample-application-helloworld/simulation_ws/build/turtlebot3_description_reduced_mesh --target tests -- -j4 -l4
[1.213s] DEBUG:colcon.colcon_core.event_handler.log_command:Invoked command in '/home/ubuntu/environment/aws-robomaker-sample-application-helloworld/simulation_ws/build/hello_world_simulation' returned '0': /usr/bin/cmake --build /home/ubuntu/environment/aws-robomaker-sample-application-helloworld/simulation_ws/build/hello_world_simulation --target tests -- -j4 -l4
[1.283s] DEBUG:colcon.colcon_core.event_handler.log_command:Invoking command in '/home/ubuntu/environment/aws-robomaker-sample-application-helloworld/simulation_ws/build/turtlebot3_description_reduced_mesh': /usr/bin/cmake --build /home/ubuntu/environment/aws-robomaker-sample-application-helloworld/simulation_ws/build/turtlebot3_description_reduced_mesh --target install -- -j4 -l4
[1.297s] DEBUG:colcon.colcon_core.event_handler.log_command:Invoking command in '/home/ubuntu/environment/aws-robomaker-sample-application-helloworld/simulation_ws/build/hello_world_simulation': /usr/bin/cmake --build /home/ubuntu/environment/aws-robomaker-sample-application-helloworld/simulation_ws/build/hello_world_simulation --target install -- -j4 -l4
[1.360s] DEBUG:colcon.colcon_core.event_handler.log_command:Invoked command in '/home/ubuntu/environment/aws-robomaker-sample-application-helloworld/simulation_ws/build/turtlebot3_description_reduced_mesh' returned '0': /usr/bin/cmake --build /home/ubuntu/environment/aws-robomaker-sample-application-helloworld/simulation_ws/build/turtlebot3_description_reduced_mesh --target install -- -j4 -l4
[1.394s] DEBUG:colcon.colcon_core.event_handler.log_command:Invoked command in '/home/ubuntu/environment/aws-robomaker-sample-application-helloworld/simulation_ws/build/hello_world_simulation' returned '0': /usr/bin/cmake --build /home/ubuntu/environment/aws-robomaker-sample-application-helloworld/simulation_ws/build/hello_world_simulation --target install -- -j4 -l4
[1.446s] Level 1:colcon.colcon_core.shell:create_environment_hook('turtlebot3_description_reduced_mesh', 'ros_package_path')
[1.461s] INFO:colcon.colcon_core.shell:Creating environment hook '/home/ubuntu/environment/aws-robomaker-sample-application-helloworld/simulation_ws/install/turtlebot3_description_reduced_mesh/share/turtlebot3_description_reduced_mesh/hook/ros_package_path.ps1'
[1.462s] INFO:colcon.colcon_core.shell:Creating environment descriptor '/home/ubuntu/environment/aws-robomaker-sample-application-helloworld/simulation_ws/install/turtlebot3_description_reduced_mesh/share/turtlebot3_description_reduced_mesh/hook/ros_package_path.dsv'
[1.463s] INFO:colcon.colcon_core.shell:Creating environment hook '/home/ubuntu/environment/aws-robomaker-sample-application-helloworld/simulation_ws/install/turtlebot3_description_reduced_mesh/share/turtlebot3_description_reduced_mesh/hook/ros_package_path.sh'
[1.464s] Level 1:colcon.colcon_ros.task.catkin:checking '/home/ubuntu/environment/aws-robomaker-sample-application-helloworld/simulation_ws/install/turtlebot3_description_reduced_mesh/lib/python2.7/dist-packages'
[1.464s] Level 1:colcon.colcon_core.shell:create_environment_hook('turtlebot3_description_reduced_mesh', 'pkg_config_path')
[1.476s] INFO:colcon.colcon_core.shell:Creating environment hook '/home/ubuntu/environment/aws-robomaker-sample-application-helloworld/simulation_ws/install/turtlebot3_description_reduced_mesh/share/turtlebot3_description_reduced_mesh/hook/pkg_config_path.ps1'
[1.476s] INFO:colcon.colcon_core.shell:Creating environment descriptor '/home/ubuntu/environment/aws-robomaker-sample-application-helloworld/simulation_ws/install/turtlebot3_description_reduced_mesh/share/turtlebot3_description_reduced_mesh/hook/pkg_config_path.dsv'
[1.476s] INFO:colcon.colcon_core.shell:Creating environment hook '/home/ubuntu/environment/aws-robomaker-sample-application-helloworld/simulation_ws/install/turtlebot3_description_reduced_mesh/share/turtlebot3_description_reduced_mesh/hook/pkg_config_path.sh'
[1.479s] Level 1:colcon.colcon_core.shell:create_environment_hook('turtlebot3_description_reduced_mesh', 'pkg_config_path_multiarch')
[1.491s] INFO:colcon.colcon_core.shell:Creating environment hook '/home/ubuntu/environment/aws-robomaker-sample-application-helloworld/simulation_ws/install/turtlebot3_description_reduced_mesh/share/turtlebot3_description_reduced_mesh/hook/pkg_config_path_multiarch.ps1'
[1.491s] INFO:colcon.colcon_core.shell:Creating environment descriptor '/home/ubuntu/environment/aws-robomaker-sample-application-helloworld/simulation_ws/install/turtlebot3_description_reduced_mesh/share/turtlebot3_description_reduced_mesh/hook/pkg_config_path_multiarch.dsv'
[1.492s] INFO:colcon.colcon_core.shell:Creating environment hook '/home/ubuntu/environment/aws-robomaker-sample-application-helloworld/simulation_ws/install/turtlebot3_description_reduced_mesh/share/turtlebot3_description_reduced_mesh/hook/pkg_config_path_multiarch.sh'
[1.503s] Level 1:colcon.colcon_core.environment:create_environment_scripts_only(turtlebot3_description_reduced_mesh)
[1.517s] Level 1:colcon.colcon_core.environment:checking '/home/ubuntu/environment/aws-robomaker-sample-application-helloworld/simulation_ws/install/turtlebot3_description_reduced_mesh' for CMake module files
[1.518s] Level 1:colcon.colcon_core.environment:checking '/home/ubuntu/environment/aws-robomaker-sample-application-helloworld/simulation_ws/install/turtlebot3_description_reduced_mesh' for CMake config files
[1.518s] Level 1:colcon.colcon_core.shell:create_environment_hook('turtlebot3_description_reduced_mesh', 'cmake_prefix_path')
[1.529s] INFO:colcon.colcon_core.shell:Creating environment hook '/home/ubuntu/environment/aws-robomaker-sample-application-helloworld/simulation_ws/install/turtlebot3_description_reduced_mesh/share/turtlebot3_description_reduced_mesh/hook/cmake_prefix_path.ps1'
[1.529s] INFO:colcon.colcon_core.shell:Creating environment descriptor '/home/ubuntu/environment/aws-robomaker-sample-application-helloworld/simulation_ws/install/turtlebot3_description_reduced_mesh/share/turtlebot3_description_reduced_mesh/hook/cmake_prefix_path.dsv'
[1.530s] INFO:colcon.colcon_core.shell:Creating environment hook '/home/ubuntu/environment/aws-robomaker-sample-application-helloworld/simulation_ws/install/turtlebot3_description_reduced_mesh/share/turtlebot3_description_reduced_mesh/hook/cmake_prefix_path.sh'
[1.531s] Level 1:colcon.colcon_core.environment:checking '/home/ubuntu/environment/aws-robomaker-sample-application-helloworld/simulation_ws/install/turtlebot3_description_reduced_mesh/lib'
[1.531s] Level 1:colcon.colcon_core.environment:checking '/home/ubuntu/environment/aws-robomaker-sample-application-helloworld/simulation_ws/install/turtlebot3_description_reduced_mesh/bin'
[1.531s] Level 1:colcon.colcon_core.environment:checking '/home/ubuntu/environment/aws-robomaker-sample-application-helloworld/simulation_ws/install/turtlebot3_description_reduced_mesh/lib/pkgconfig/turtlebot3_description_reduced_mesh.pc'
[1.531s] Level 1:colcon.colcon_core.shell:create_environment_hook('turtlebot3_description_reduced_mesh', 'pkg_config')
[1.542s] INFO:colcon.colcon_core.shell:Creating environment hook '/home/ubuntu/environment/aws-robomaker-sample-application-helloworld/simulation_ws/install/turtlebot3_description_reduced_mesh/share/turtlebot3_description_reduced_mesh/hook/pkg_config.ps1'
[1.542s] INFO:colcon.colcon_core.shell:Creating environment descriptor '/home/ubuntu/environment/aws-robomaker-sample-application-helloworld/simulation_ws/install/turtlebot3_description_reduced_mesh/share/turtlebot3_description_reduced_mesh/hook/pkg_config.dsv'
[1.543s] INFO:colcon.colcon_core.shell:Creating environment hook '/home/ubuntu/environment/aws-robomaker-sample-application-helloworld/simulation_ws/install/turtlebot3_description_reduced_mesh/share/turtlebot3_description_reduced_mesh/hook/pkg_config.sh'
[1.543s] Level 1:colcon.colcon_core.environment:checking '/home/ubuntu/environment/aws-robomaker-sample-application-helloworld/simulation_ws/install/turtlebot3_description_reduced_mesh/lib/python3.6/site-packages'
[1.554s] INFO:colcon.colcon_core.shell:Creating package script '/home/ubuntu/environment/aws-robomaker-sample-application-helloworld/simulation_ws/install/turtlebot3_description_reduced_mesh/share/turtlebot3_description_reduced_mesh/package.ps1'
[1.556s] INFO:colcon.colcon_core.shell:Creating package descriptor '/home/ubuntu/environment/aws-robomaker-sample-application-helloworld/simulation_ws/install/turtlebot3_description_reduced_mesh/share/turtlebot3_description_reduced_mesh/package.dsv'
[1.557s] INFO:colcon.colcon_core.shell:Creating package script '/home/ubuntu/environment/aws-robomaker-sample-application-helloworld/simulation_ws/install/turtlebot3_description_reduced_mesh/share/turtlebot3_description_reduced_mesh/package.sh'
[1.558s] INFO:colcon.colcon_core.shell:Creating package script '/home/ubuntu/environment/aws-robomaker-sample-application-helloworld/simulation_ws/install/turtlebot3_description_reduced_mesh/share/turtlebot3_description_reduced_mesh/package.bash'
[1.558s] INFO:colcon.colcon_core.shell:Creating package script '/home/ubuntu/environment/aws-robomaker-sample-application-helloworld/simulation_ws/install/turtlebot3_description_reduced_mesh/share/turtlebot3_description_reduced_mesh/package.zsh'
[1.559s] Level 1:colcon.colcon_core.environment:create_file_with_runtime_dependencies(/home/ubuntu/environment/aws-robomaker-sample-application-helloworld/simulation_ws/install/turtlebot3_description_reduced_mesh/share/colcon-core/packages/turtlebot3_description_reduced_mesh)
[1.561s] Level 1:colcon.colcon_core.shell:create_environment_hook('hello_world_simulation', 'ros_package_path')
[1.572s] INFO:colcon.colcon_core.shell:Creating environment hook '/home/ubuntu/environment/aws-robomaker-sample-application-helloworld/simulation_ws/install/hello_world_simulation/share/hello_world_simulation/hook/ros_package_path.ps1'
[1.573s] INFO:colcon.colcon_core.shell:Creating environment descriptor '/home/ubuntu/environment/aws-robomaker-sample-application-helloworld/simulation_ws/install/hello_world_simulation/share/hello_world_simulation/hook/ros_package_path.dsv'
[1.573s] INFO:colcon.colcon_core.shell:Creating environment hook '/home/ubuntu/environment/aws-robomaker-sample-application-helloworld/simulation_ws/install/hello_world_simulation/share/hello_world_simulation/hook/ros_package_path.sh'
[1.574s] Level 1:colcon.colcon_ros.task.catkin:checking '/home/ubuntu/environment/aws-robomaker-sample-application-helloworld/simulation_ws/install/hello_world_simulation/lib/python2.7/dist-packages'
[1.574s] Level 1:colcon.colcon_core.shell:create_environment_hook('hello_world_simulation', 'pkg_config_path')
[1.584s] INFO:colcon.colcon_core.shell:Creating environment hook '/home/ubuntu/environment/aws-robomaker-sample-application-helloworld/simulation_ws/install/hello_world_simulation/share/hello_world_simulation/hook/pkg_config_path.ps1'
[1.585s] INFO:colcon.colcon_core.shell:Creating environment descriptor '/home/ubuntu/environment/aws-robomaker-sample-application-helloworld/simulation_ws/install/hello_world_simulation/share/hello_world_simulation/hook/pkg_config_path.dsv'
[1.585s] INFO:colcon.colcon_core.shell:Creating environment hook '/home/ubuntu/environment/aws-robomaker-sample-application-helloworld/simulation_ws/install/hello_world_simulation/share/hello_world_simulation/hook/pkg_config_path.sh'
[1.585s] Level 1:colcon.colcon_core.shell:create_environment_hook('hello_world_simulation', 'pkg_config_path_multiarch')
[1.596s] INFO:colcon.colcon_core.shell:Creating environment hook '/home/ubuntu/environment/aws-robomaker-sample-application-helloworld/simulation_ws/install/hello_world_simulation/share/hello_world_simulation/hook/pkg_config_path_multiarch.ps1'
[1.597s] INFO:colcon.colcon_core.shell:Creating environment descriptor '/home/ubuntu/environment/aws-robomaker-sample-application-helloworld/simulation_ws/install/hello_world_simulation/share/hello_world_simulation/hook/pkg_config_path_multiarch.dsv'
[1.597s] INFO:colcon.colcon_core.shell:Creating environment hook '/home/ubuntu/environment/aws-robomaker-sample-application-helloworld/simulation_ws/install/hello_world_simulation/share/hello_world_simulation/hook/pkg_config_path_multiarch.sh'
[1.608s] Level 1:colcon.colcon_core.environment:create_environment_scripts_only(hello_world_simulation)
[1.619s] Level 1:colcon.colcon_core.environment:checking '/home/ubuntu/environment/aws-robomaker-sample-application-helloworld/simulation_ws/install/hello_world_simulation' for CMake module files
[1.619s] Level 1:colcon.colcon_core.environment:checking '/home/ubuntu/environment/aws-robomaker-sample-application-helloworld/simulation_ws/install/hello_world_simulation' for CMake config files
[1.619s] Level 1:colcon.colcon_core.shell:create_environment_hook('hello_world_simulation', 'cmake_prefix_path')
[1.630s] INFO:colcon.colcon_core.shell:Creating environment hook '/home/ubuntu/environment/aws-robomaker-sample-application-helloworld/simulation_ws/install/hello_world_simulation/share/hello_world_simulation/hook/cmake_prefix_path.ps1'
[1.631s] INFO:colcon.colcon_core.shell:Creating environment descriptor '/home/ubuntu/environment/aws-robomaker-sample-application-helloworld/simulation_ws/install/hello_world_simulation/share/hello_world_simulation/hook/cmake_prefix_path.dsv'
[1.631s] INFO:colcon.colcon_core.shell:Creating environment hook '/home/ubuntu/environment/aws-robomaker-sample-application-helloworld/simulation_ws/install/hello_world_simulation/share/hello_world_simulation/hook/cmake_prefix_path.sh'
[1.632s] Level 1:colcon.colcon_core.environment:checking '/home/ubuntu/environment/aws-robomaker-sample-application-helloworld/simulation_ws/install/hello_world_simulation/lib'
[1.632s] Level 1:colcon.colcon_core.environment:checking '/home/ubuntu/environment/aws-robomaker-sample-application-helloworld/simulation_ws/install/hello_world_simulation/bin'
[1.632s] Level 1:colcon.colcon_core.environment:checking '/home/ubuntu/environment/aws-robomaker-sample-application-helloworld/simulation_ws/install/hello_world_simulation/lib/pkgconfig/hello_world_simulation.pc'
[1.632s] Level 1:colcon.colcon_core.shell:create_environment_hook('hello_world_simulation', 'pkg_config')
[1.643s] INFO:colcon.colcon_core.shell:Creating environment hook '/home/ubuntu/environment/aws-robomaker-sample-application-helloworld/simulation_ws/install/hello_world_simulation/share/hello_world_simulation/hook/pkg_config.ps1'
[1.643s] INFO:colcon.colcon_core.shell:Creating environment descriptor '/home/ubuntu/environment/aws-robomaker-sample-application-helloworld/simulation_ws/install/hello_world_simulation/share/hello_world_simulation/hook/pkg_config.dsv'
[1.644s] INFO:colcon.colcon_core.shell:Creating environment hook '/home/ubuntu/environment/aws-robomaker-sample-application-helloworld/simulation_ws/install/hello_world_simulation/share/hello_world_simulation/hook/pkg_config.sh'
[1.644s] Level 1:colcon.colcon_core.environment:checking '/home/ubuntu/environment/aws-robomaker-sample-application-helloworld/simulation_ws/install/hello_world_simulation/lib/python3.6/site-packages'
[1.655s] INFO:colcon.colcon_core.shell:Creating package script '/home/ubuntu/environment/aws-robomaker-sample-application-helloworld/simulation_ws/install/hello_world_simulation/share/hello_world_simulation/package.ps1'
[1.656s] INFO:colcon.colcon_core.shell:Creating package descriptor '/home/ubuntu/environment/aws-robomaker-sample-application-helloworld/simulation_ws/install/hello_world_simulation/share/hello_world_simulation/package.dsv'
[1.656s] INFO:colcon.colcon_core.shell:Creating package script '/home/ubuntu/environment/aws-robomaker-sample-application-helloworld/simulation_ws/install/hello_world_simulation/share/hello_world_simulation/package.sh'
[1.657s] INFO:colcon.colcon_core.shell:Creating package script '/home/ubuntu/environment/aws-robomaker-sample-application-helloworld/simulation_ws/install/hello_world_simulation/share/hello_world_simulation/package.bash'
[1.657s] INFO:colcon.colcon_core.shell:Creating package script '/home/ubuntu/environment/aws-robomaker-sample-application-helloworld/simulation_ws/install/hello_world_simulation/share/hello_world_simulation/package.zsh'
[1.658s] Level 1:colcon.colcon_core.environment:create_file_with_runtime_dependencies(/home/ubuntu/environment/aws-robomaker-sample-application-helloworld/simulation_ws/install/hello_world_simulation/share/colcon-core/packages/hello_world_simulation)
[1.658s] DEBUG:colcon.colcon_parallel_executor.executor.parallel:closing loop
[1.659s] DEBUG:colcon.colcon_parallel_executor.executor.parallel:loop closed
[1.659s] DEBUG:colcon.colcon_parallel_executor.executor.parallel:run_until_complete finished with '0'
[1.659s] DEBUG:colcon.colcon_core.event_reactor:joining thread
[1.673s] INFO:colcon.colcon_core.plugin_system:Skipping extension 'colcon_notification.desktop_notification.terminal_notifier': Not used on non-Darwin systems
[1.673s] INFO:colcon.colcon_core.plugin_system:Skipping extension 'colcon_notification.desktop_notification.win32': Not used on non-Windows systems
[1.673s] INFO:colcon.colcon_notification.desktop_notification:Sending desktop notification using 'notify2'
[1.678s] DEBUG:colcon.colcon_notification.desktop_notification.notify2:Failed to initialize notify2: org.freedesktop.DBus.Error.ServiceUnknown: The name org.freedesktop.Notifications was not provided by any .service files
[1.678s] DEBUG:colcon.colcon_core.event_reactor:joined thread
[1.690s] INFO:colcon.colcon_core.shell:Creating prefix script '/home/ubuntu/environment/aws-robomaker-sample-application-helloworld/simulation_ws/install/local_setup.ps1'
[1.691s] INFO:colcon.colcon_core.shell:Creating prefix util module '/home/ubuntu/environment/aws-robomaker-sample-application-helloworld/simulation_ws/install/_local_setup_util_ps1.py'
[1.693s] INFO:colcon.colcon_core.shell:Creating prefix chain script '/home/ubuntu/environment/aws-robomaker-sample-application-helloworld/simulation_ws/install/setup.ps1'
[1.701s] INFO:colcon.colcon_core.shell:Creating prefix script '/home/ubuntu/environment/aws-robomaker-sample-application-helloworld/simulation_ws/install/local_setup.sh'
[1.702s] INFO:colcon.colcon_core.shell:Creating prefix util module '/home/ubuntu/environment/aws-robomaker-sample-application-helloworld/simulation_ws/install/_local_setup_util_sh.py'
[1.703s] INFO:colcon.colcon_core.shell:Creating prefix chain script '/home/ubuntu/environment/aws-robomaker-sample-application-helloworld/simulation_ws/install/setup.sh'
[1.711s] INFO:colcon.colcon_core.shell:Creating prefix script '/home/ubuntu/environment/aws-robomaker-sample-application-helloworld/simulation_ws/install/local_setup.bash'
[1.712s] INFO:colcon.colcon_core.shell:Creating prefix chain script '/home/ubuntu/environment/aws-robomaker-sample-application-helloworld/simulation_ws/install/setup.bash'
[1.720s] INFO:colcon.colcon_core.shell:Creating prefix script '/home/ubuntu/environment/aws-robomaker-sample-application-helloworld/simulation_ws/install/local_setup.zsh'
[1.721s] INFO:colcon.colcon_core.shell:Creating prefix chain script '/home/ubuntu/environment/aws-robomaker-sample-application-helloworld/simulation_ws/install/setup.zsh'
