[0.054s] Invoking command in '/home/ubuntu/environment/aws-robomaker-sample-application-helloworld/simulation_ws/build/hello_world_simulation': /usr/bin/cmake /home/ubuntu/environment/aws-robomaker-sample-application-helloworld/simulation_ws/src/hello_world_simulation -DCATKIN_INSTALL_INTO_PREFIX_ROOT=0 -DCMAKE_INSTALL_PREFIX=/home/ubuntu/environment/aws-robomaker-sample-application-helloworld/simulation_ws/install/hello_world_simulation
[0.131s] -- The C compiler identification is GNU 7.5.0
[0.206s] -- The CXX compiler identification is GNU 7.5.0
[0.211s] -- Check for working C compiler: /usr/bin/cc
[0.284s] -- Check for working C compiler: /usr/bin/cc -- works
[0.285s] -- Detecting C compiler ABI info
[0.354s] -- Detecting C compiler ABI info - done
[0.371s] -- Detecting C compile features
[0.615s] -- Detecting C compile features - done
[0.620s] -- Check for working CXX compiler: /usr/bin/c++
[0.722s] -- Check for working CXX compiler: /usr/bin/c++ -- works
[0.724s] -- Detecting CXX compiler ABI info
[0.817s] -- Detecting CXX compiler ABI info - done
[0.827s] -- Detecting CXX compile features
[1.247s] -- Detecting CXX compile features - done
[1.250s] -- Using CATKIN_DEVEL_PREFIX: /home/ubuntu/environment/aws-robomaker-sample-application-helloworld/simulation_ws/build/hello_world_simulation/devel
[1.250s] -- Using CMAKE_PREFIX_PATH: /opt/ros/melodic
[1.250s] -- This workspace overlays: /opt/ros/melodic
[1.264s] -- Found PythonInterp: /usr/bin/python2 (found suitable version "2.7.17", minimum required is "2") 
[1.264s] -- Using PYTHON_EXECUTABLE: /usr/bin/python2
[1.265s] -- Using Debian Python package layout
[1.265s] -- Using empy: /usr/bin/empy
[1.418s] -- Using CATKIN_ENABLE_TESTING: ON
[1.419s] -- Call enable_testing()
[1.420s] -- Using CATKIN_TEST_RESULTS_DIR: /home/ubuntu/environment/aws-robomaker-sample-application-helloworld/simulation_ws/build/hello_world_simulation/test_results
[1.437s] -- Found gtest sources under '/usr/src/googletest': gtests will be built
[1.438s] -- Found gmock sources under '/usr/src/googletest': gmock will be built
[1.451s] -- Found PythonInterp: /usr/bin/python2 (found version "2.7.17") 
[1.452s] -- Looking for pthread.h
[1.534s] -- Looking for pthread.h - found
[1.534s] -- Looking for pthread_create
[1.623s] -- Looking for pthread_create - not found
[1.623s] -- Looking for pthread_create in pthreads
[1.690s] -- Looking for pthread_create in pthreads - not found
[1.690s] -- Looking for pthread_create in pthread
[1.769s] -- Looking for pthread_create in pthread - found
[1.771s] -- Found Threads: TRUE  
[1.775s] -- Using Python nosetests: /usr/bin/nosetests-2.7
[1.816s] -- catkin 0.7.29
[1.816s] -- BUILD_SHARED_LIBS is on
[2.021s] -- Using these message generators: gencpp;geneus;genlisp;gennodejs;genpy
[2.334s] -- Configuring done
[2.366s] -- Generating done
[2.381s] -- Build files have been written to: /home/ubuntu/environment/aws-robomaker-sample-application-helloworld/simulation_ws/build/hello_world_simulation
[2.386s] Invoked command in '/home/ubuntu/environment/aws-robomaker-sample-application-helloworld/simulation_ws/build/hello_world_simulation' returned '0': /usr/bin/cmake /home/ubuntu/environment/aws-robomaker-sample-application-helloworld/simulation_ws/src/hello_world_simulation -DCATKIN_INSTALL_INTO_PREFIX_ROOT=0 -DCMAKE_INSTALL_PREFIX=/home/ubuntu/environment/aws-robomaker-sample-application-helloworld/simulation_ws/install/hello_world_simulation
[2.389s] Invoking command in '/home/ubuntu/environment/aws-robomaker-sample-application-helloworld/simulation_ws/build/hello_world_simulation': /usr/bin/cmake --build /home/ubuntu/environment/aws-robomaker-sample-application-helloworld/simulation_ws/build/hello_world_simulation -- -j4 -l4
[2.438s] [35m[1mScanning dependencies of target hello_world_simulation_xacro_generated_to_devel_space_[0m
[2.449s] Built target hello_world_simulation_xacro_generated_to_devel_space_
[2.461s] Invoked command in '/home/ubuntu/environment/aws-robomaker-sample-application-helloworld/simulation_ws/build/hello_world_simulation' returned '0': /usr/bin/cmake --build /home/ubuntu/environment/aws-robomaker-sample-application-helloworld/simulation_ws/build/hello_world_simulation -- -j4 -l4
[2.546s] Invoking command in '/home/ubuntu/environment/aws-robomaker-sample-application-helloworld/simulation_ws/build/hello_world_simulation': /usr/bin/cmake --build /home/ubuntu/environment/aws-robomaker-sample-application-helloworld/simulation_ws/build/hello_world_simulation --target tests -- -j4 -l4
[2.609s] [35m[1mScanning dependencies of target tests[0m
[2.621s] Built target tests
[2.634s] Invoked command in '/home/ubuntu/environment/aws-robomaker-sample-application-helloworld/simulation_ws/build/hello_world_simulation' returned '0': /usr/bin/cmake --build /home/ubuntu/environment/aws-robomaker-sample-application-helloworld/simulation_ws/build/hello_world_simulation --target tests -- -j4 -l4
[2.725s] Invoking command in '/home/ubuntu/environment/aws-robomaker-sample-application-helloworld/simulation_ws/build/hello_world_simulation': /usr/bin/cmake --build /home/ubuntu/environment/aws-robomaker-sample-application-helloworld/simulation_ws/build/hello_world_simulation --target install -- -j4 -l4
[2.807s] Built target hello_world_simulation_xacro_generated_to_devel_space_
[2.834s] [36mInstall the project...[0m
[2.843s] -- Install configuration: ""
[2.844s] -- Installing: /home/ubuntu/environment/aws-robomaker-sample-application-helloworld/simulation_ws/install/hello_world_simulation/lib/pkgconfig/hello_world_simulation.pc
[2.844s] -- Installing: /home/ubuntu/environment/aws-robomaker-sample-application-helloworld/simulation_ws/install/hello_world_simulation/share/hello_world_simulation/cmake/hello_world_simulationConfig.cmake
[2.845s] -- Installing: /home/ubuntu/environment/aws-robomaker-sample-application-helloworld/simulation_ws/install/hello_world_simulation/share/hello_world_simulation/cmake/hello_world_simulationConfig-version.cmake
[2.845s] -- Installing: /home/ubuntu/environment/aws-robomaker-sample-application-helloworld/simulation_ws/install/hello_world_simulation/share/hello_world_simulation/package.xml
[2.845s] -- Installing: /home/ubuntu/environment/aws-robomaker-sample-application-helloworld/simulation_ws/install/hello_world_simulation/share/hello_world_simulation/launch
[2.846s] -- Installing: /home/ubuntu/environment/aws-robomaker-sample-application-helloworld/simulation_ws/install/hello_world_simulation/share/hello_world_simulation/launch/view_empty_world.launch
[2.846s] -- Installing: /home/ubuntu/environment/aws-robomaker-sample-application-helloworld/simulation_ws/install/hello_world_simulation/share/hello_world_simulation/launch/empty_world.launch
[2.846s] -- Installing: /home/ubuntu/environment/aws-robomaker-sample-application-helloworld/simulation_ws/install/hello_world_simulation/share/hello_world_simulation/launch/worldforge_world.launch
[2.846s] -- Installing: /home/ubuntu/environment/aws-robomaker-sample-application-helloworld/simulation_ws/install/hello_world_simulation/share/hello_world_simulation/worlds
[2.846s] -- Installing: /home/ubuntu/environment/aws-robomaker-sample-application-helloworld/simulation_ws/install/hello_world_simulation/share/hello_world_simulation/worlds/empty.world
[2.847s] -- Installing: /home/ubuntu/environment/aws-robomaker-sample-application-helloworld/simulation_ws/install/hello_world_simulation/share/hello_world_simulation/rviz/turtlebot3_model.rviz
[2.849s] Invoked command in '/home/ubuntu/environment/aws-robomaker-sample-application-helloworld/simulation_ws/build/hello_world_simulation' returned '0': /usr/bin/cmake --build /home/ubuntu/environment/aws-robomaker-sample-application-helloworld/simulation_ws/build/hello_world_simulation --target install -- -j4 -l4
