[1.852s] DEBUG:colcon:Command line arguments: ['/usr/local/bin/colcon', 'build']
[1.852s] DEBUG:colcon:Parsed command line arguments: Namespace(ament_cmake_args=None, base_paths=['.'], build_base='build', catkin_cmake_args=None, catkin_skip_building_tests=False, cmake_args=None, cmake_clean_cache=False, cmake_clean_first=False, cmake_force_configure=False, cmake_target=None, cmake_target_skip_unavailable=False, continue_on_error=False, event_handlers=None, executor='parallel', ignore_user_meta=False, install_base='install', log_base=None, log_level=None, main=<bound method BuildVerb.main of <colcon_core.verb.build.BuildVerb object at 0x7f6de33f0748>>, merge_install=False, metas=['./colcon.meta'], packages_above=None, packages_above_and_dependencies=None, packages_above_depth=None, packages_end=None, packages_ignore=None, packages_ignore_regex=None, packages_select=None, packages_select_build_failed=False, packages_select_by_dep=None, packages_select_regex=None, packages_select_test_failures=False, packages_skip=None, packages_skip_build_finished=False, packages_skip_by_dep=None, packages_skip_regex=None, packages_skip_test_passed=False, packages_skip_up_to=None, packages_start=None, packages_up_to=None, packages_up_to_regex=None, parallel_workers=4, paths=None, symlink_install=False, test_result_base=None, verb_extension=<colcon_core.verb.build.BuildVerb object at 0x7f6de33f0748>, verb_name='build', verb_parser=<colcon_defaults.argument_parser.defaults.DefaultArgumentsDecorator object at 0x7f6de33f0b38>)
[1.904s] Level 1:colcon.colcon_core.package_discovery:discover_packages(colcon_meta) check parameters
[1.904s] Level 1:colcon.colcon_core.package_discovery:discover_packages(recursive) check parameters
[1.904s] Level 1:colcon.colcon_core.package_discovery:discover_packages(ignore) check parameters
[1.904s] Level 1:colcon.colcon_core.package_discovery:discover_packages(path) check parameters
[1.904s] Level 1:colcon.colcon_core.package_discovery:discover_packages(colcon_meta) discover
[1.905s] Level 1:colcon.colcon_core.package_discovery:discover_packages(recursive) discover
[1.905s] INFO:colcon.colcon_core.package_discovery:Crawling recursively for packages in '/home/ubuntu/environment/aws-robomaker-sample-application-helloworld/robot_ws'
[1.905s] Level 1:colcon.colcon_core.package_identification:_identify(.) by extensions ['ignore', 'ignore_ament_install']
[1.905s] Level 1:colcon.colcon_core.package_identification:_identify(.) by extension 'ignore'
[1.905s] Level 1:colcon.colcon_core.package_identification:_identify(.) by extension 'ignore_ament_install'
[1.905s] Level 1:colcon.colcon_core.package_identification:_identify(.) by extensions ['colcon_pkg']
[1.905s] Level 1:colcon.colcon_core.package_identification:_identify(.) by extension 'colcon_pkg'
[1.906s] Level 1:colcon.colcon_core.package_identification:_identify(.) by extensions ['colcon_meta']
[1.906s] Level 1:colcon.colcon_core.package_identification:_identify(.) by extension 'colcon_meta'
[1.906s] Level 1:colcon.colcon_core.package_identification:_identify(.) by extensions ['ros']
[1.906s] Level 1:colcon.colcon_core.package_identification:_identify(.) by extension 'ros'
[1.924s] Level 1:colcon.colcon_core.package_identification:_identify(.) by extensions ['cmake', 'python']
[1.925s] Level 1:colcon.colcon_core.package_identification:_identify(.) by extension 'cmake'
[1.925s] Level 1:colcon.colcon_core.package_identification:_identify(.) by extension 'python'
[1.925s] Level 1:colcon.colcon_core.package_identification:_identify(.) by extensions ['python_setup_py']
[1.925s] Level 1:colcon.colcon_core.package_identification:_identify(.) by extension 'python_setup_py'
[1.925s] Level 1:colcon.colcon_core.package_identification:_identify(build) by extensions ['ignore', 'ignore_ament_install']
[1.925s] Level 1:colcon.colcon_core.package_identification:_identify(build) by extension 'ignore'
[1.926s] Level 1:colcon.colcon_core.package_identification:_identify(build) ignored
[1.926s] Level 1:colcon.colcon_core.package_identification:_identify(install) by extensions ['ignore', 'ignore_ament_install']
[1.926s] Level 1:colcon.colcon_core.package_identification:_identify(install) by extension 'ignore'
[1.926s] Level 1:colcon.colcon_core.package_identification:_identify(install) ignored
[1.926s] Level 1:colcon.colcon_core.package_identification:_identify(log) by extensions ['ignore', 'ignore_ament_install']
[1.927s] Level 1:colcon.colcon_core.package_identification:_identify(log) by extension 'ignore'
[1.927s] Level 1:colcon.colcon_core.package_identification:_identify(log) ignored
[1.927s] Level 1:colcon.colcon_core.package_identification:_identify(src) by extensions ['ignore', 'ignore_ament_install']
[1.927s] Level 1:colcon.colcon_core.package_identification:_identify(src) by extension 'ignore'
[1.927s] Level 1:colcon.colcon_core.package_identification:_identify(src) by extension 'ignore_ament_install'
[1.927s] Level 1:colcon.colcon_core.package_identification:_identify(src) by extensions ['colcon_pkg']
[1.927s] Level 1:colcon.colcon_core.package_identification:_identify(src) by extension 'colcon_pkg'
[1.927s] Level 1:colcon.colcon_core.package_identification:_identify(src) by extensions ['colcon_meta']
[1.927s] Level 1:colcon.colcon_core.package_identification:_identify(src) by extension 'colcon_meta'
[1.927s] Level 1:colcon.colcon_core.package_identification:_identify(src) by extensions ['ros']
[1.928s] Level 1:colcon.colcon_core.package_identification:_identify(src) by extension 'ros'
[1.928s] Level 1:colcon.colcon_core.package_identification:_identify(src) by extensions ['cmake', 'python']
[1.928s] Level 1:colcon.colcon_core.package_identification:_identify(src) by extension 'cmake'
[1.928s] Level 1:colcon.colcon_core.package_identification:_identify(src) by extension 'python'
[1.928s] Level 1:colcon.colcon_core.package_identification:_identify(src) by extensions ['python_setup_py']
[1.928s] Level 1:colcon.colcon_core.package_identification:_identify(src) by extension 'python_setup_py'
[1.928s] Level 1:colcon.colcon_core.package_identification:_identify(src/deps) by extensions ['ignore', 'ignore_ament_install']
[1.928s] Level 1:colcon.colcon_core.package_identification:_identify(src/deps) by extension 'ignore'
[1.928s] Level 1:colcon.colcon_core.package_identification:_identify(src/deps) by extension 'ignore_ament_install'
[1.928s] Level 1:colcon.colcon_core.package_identification:_identify(src/deps) by extensions ['colcon_pkg']
[1.929s] Level 1:colcon.colcon_core.package_identification:_identify(src/deps) by extension 'colcon_pkg'
[1.929s] Level 1:colcon.colcon_core.package_identification:_identify(src/deps) by extensions ['colcon_meta']
[1.929s] Level 1:colcon.colcon_core.package_identification:_identify(src/deps) by extension 'colcon_meta'
[1.929s] Level 1:colcon.colcon_core.package_identification:_identify(src/deps) by extensions ['ros']
[1.929s] Level 1:colcon.colcon_core.package_identification:_identify(src/deps) by extension 'ros'
[1.929s] Level 1:colcon.colcon_core.package_identification:_identify(src/deps) by extensions ['cmake', 'python']
[1.929s] Level 1:colcon.colcon_core.package_identification:_identify(src/deps) by extension 'cmake'
[1.929s] Level 1:colcon.colcon_core.package_identification:_identify(src/deps) by extension 'python'
[1.929s] Level 1:colcon.colcon_core.package_identification:_identify(src/deps) by extensions ['python_setup_py']
[1.929s] Level 1:colcon.colcon_core.package_identification:_identify(src/deps) by extension 'python_setup_py'
[1.930s] Level 1:colcon.colcon_core.package_identification:_identify(src/deps/turtlebot3-description-reduced-mesh) by extensions ['ignore', 'ignore_ament_install']
[1.930s] Level 1:colcon.colcon_core.package_identification:_identify(src/deps/turtlebot3-description-reduced-mesh) by extension 'ignore'
[1.930s] Level 1:colcon.colcon_core.package_identification:_identify(src/deps/turtlebot3-description-reduced-mesh) by extension 'ignore_ament_install'
[1.930s] Level 1:colcon.colcon_core.package_identification:_identify(src/deps/turtlebot3-description-reduced-mesh) by extensions ['colcon_pkg']
[1.930s] Level 1:colcon.colcon_core.package_identification:_identify(src/deps/turtlebot3-description-reduced-mesh) by extension 'colcon_pkg'
[1.930s] Level 1:colcon.colcon_core.package_identification:_identify(src/deps/turtlebot3-description-reduced-mesh) by extensions ['colcon_meta']
[1.930s] Level 1:colcon.colcon_core.package_identification:_identify(src/deps/turtlebot3-description-reduced-mesh) by extension 'colcon_meta'
[1.930s] Level 1:colcon.colcon_core.package_identification:_identify(src/deps/turtlebot3-description-reduced-mesh) by extensions ['ros']
[1.930s] Level 1:colcon.colcon_core.package_identification:_identify(src/deps/turtlebot3-description-reduced-mesh) by extension 'ros'
[1.934s] DEBUG:colcon.colcon_core.package_identification:Package 'src/deps/turtlebot3-description-reduced-mesh' with type 'ros.catkin' and name 'turtlebot3_description_reduced_mesh'
[1.934s] Level 1:colcon.colcon_core.package_identification:_identify(src/hello_world_robot) by extensions ['ignore', 'ignore_ament_install']
[1.934s] Level 1:colcon.colcon_core.package_identification:_identify(src/hello_world_robot) by extension 'ignore'
[1.934s] Level 1:colcon.colcon_core.package_identification:_identify(src/hello_world_robot) by extension 'ignore_ament_install'
[1.934s] Level 1:colcon.colcon_core.package_identification:_identify(src/hello_world_robot) by extensions ['colcon_pkg']
[1.934s] Level 1:colcon.colcon_core.package_identification:_identify(src/hello_world_robot) by extension 'colcon_pkg'
[1.934s] Level 1:colcon.colcon_core.package_identification:_identify(src/hello_world_robot) by extensions ['colcon_meta']
[1.934s] Level 1:colcon.colcon_core.package_identification:_identify(src/hello_world_robot) by extension 'colcon_meta'
[1.935s] Level 1:colcon.colcon_core.package_identification:_identify(src/hello_world_robot) by extensions ['ros']
[1.935s] Level 1:colcon.colcon_core.package_identification:_identify(src/hello_world_robot) by extension 'ros'
[1.937s] DEBUG:colcon.colcon_core.package_identification:Package 'src/hello_world_robot' with type 'ros.catkin' and name 'hello_world_robot'
[1.937s] Level 1:colcon.colcon_core.package_discovery:discover_packages(recursive) using defaults
[1.937s] Level 1:colcon.colcon_core.package_discovery:discover_packages(ignore) discover
[1.937s] Level 1:colcon.colcon_core.package_discovery:discover_packages(ignore) using defaults
[1.937s] Level 1:colcon.colcon_core.package_discovery:discover_packages(path) discover
[1.938s] Level 1:colcon.colcon_core.package_discovery:discover_packages(path) using defaults
[2.044s] Level 5:colcon.colcon_core.verb:set package 'turtlebot3_description_reduced_mesh' build argument 'cmake_args' from command line to 'None'
[2.044s] Level 5:colcon.colcon_core.verb:set package 'turtlebot3_description_reduced_mesh' build argument 'cmake_target' from command line to 'None'
[2.044s] Level 5:colcon.colcon_core.verb:set package 'turtlebot3_description_reduced_mesh' build argument 'cmake_target_skip_unavailable' from command line to 'False'
[2.044s] Level 5:colcon.colcon_core.verb:set package 'turtlebot3_description_reduced_mesh' build argument 'cmake_clean_cache' from command line to 'False'
[2.044s] Level 5:colcon.colcon_core.verb:set package 'turtlebot3_description_reduced_mesh' build argument 'cmake_clean_first' from command line to 'False'
[2.044s] Level 5:colcon.colcon_core.verb:set package 'turtlebot3_description_reduced_mesh' build argument 'cmake_force_configure' from command line to 'False'
[2.044s] Level 5:colcon.colcon_core.verb:set package 'turtlebot3_description_reduced_mesh' build argument 'ament_cmake_args' from command line to 'None'
[2.044s] Level 5:colcon.colcon_core.verb:set package 'turtlebot3_description_reduced_mesh' build argument 'catkin_cmake_args' from command line to 'None'
[2.044s] Level 5:colcon.colcon_core.verb:set package 'turtlebot3_description_reduced_mesh' build argument 'catkin_skip_building_tests' from command line to 'False'
[2.044s] DEBUG:colcon.colcon_core.verb:Building package 'turtlebot3_description_reduced_mesh' with the following arguments: {'ament_cmake_args': None, 'build_base': '/home/ubuntu/environment/aws-robomaker-sample-application-helloworld/robot_ws/build/turtlebot3_description_reduced_mesh', 'catkin_cmake_args': None, 'catkin_skip_building_tests': False, 'cmake_args': None, 'cmake_clean_cache': False, 'cmake_clean_first': False, 'cmake_force_configure': False, 'cmake_target': None, 'cmake_target_skip_unavailable': False, 'install_base': '/home/ubuntu/environment/aws-robomaker-sample-application-helloworld/robot_ws/install/turtlebot3_description_reduced_mesh', 'merge_install': False, 'path': '/home/ubuntu/environment/aws-robomaker-sample-application-helloworld/robot_ws/src/deps/turtlebot3-description-reduced-mesh', 'symlink_install': False, 'test_result_base': None}
[2.069s] Level 5:colcon.colcon_core.verb:set package 'hello_world_robot' build argument 'cmake_args' from command line to 'None'
[2.070s] Level 5:colcon.colcon_core.verb:set package 'hello_world_robot' build argument 'cmake_target' from command line to 'None'
[2.070s] Level 5:colcon.colcon_core.verb:set package 'hello_world_robot' build argument 'cmake_target_skip_unavailable' from command line to 'False'
[2.070s] Level 5:colcon.colcon_core.verb:set package 'hello_world_robot' build argument 'cmake_clean_cache' from command line to 'False'
[2.070s] Level 5:colcon.colcon_core.verb:set package 'hello_world_robot' build argument 'cmake_clean_first' from command line to 'False'
[2.070s] Level 5:colcon.colcon_core.verb:set package 'hello_world_robot' build argument 'cmake_force_configure' from command line to 'False'
[2.070s] Level 5:colcon.colcon_core.verb:set package 'hello_world_robot' build argument 'ament_cmake_args' from command line to 'None'
[2.070s] Level 5:colcon.colcon_core.verb:set package 'hello_world_robot' build argument 'catkin_cmake_args' from command line to 'None'
[2.070s] Level 5:colcon.colcon_core.verb:set package 'hello_world_robot' build argument 'catkin_skip_building_tests' from command line to 'False'
[2.070s] DEBUG:colcon.colcon_core.verb:Building package 'hello_world_robot' with the following arguments: {'ament_cmake_args': None, 'build_base': '/home/ubuntu/environment/aws-robomaker-sample-application-helloworld/robot_ws/build/hello_world_robot', 'catkin_cmake_args': None, 'catkin_skip_building_tests': False, 'cmake_args': None, 'cmake_clean_cache': False, 'cmake_clean_first': False, 'cmake_force_configure': False, 'cmake_target': None, 'cmake_target_skip_unavailable': False, 'install_base': '/home/ubuntu/environment/aws-robomaker-sample-application-helloworld/robot_ws/install/hello_world_robot', 'merge_install': False, 'path': '/home/ubuntu/environment/aws-robomaker-sample-application-helloworld/robot_ws/src/hello_world_robot', 'symlink_install': False, 'test_result_base': None}
[2.076s] INFO:colcon.colcon_core.executor:Executing jobs using 'parallel' executor
[2.115s] DEBUG:colcon.colcon_parallel_executor.executor.parallel:run_until_complete
[2.115s] INFO:colcon.colcon_ros.task.catkin.build:Building ROS package in '/home/ubuntu/environment/aws-robomaker-sample-application-helloworld/robot_ws/src/deps/turtlebot3-description-reduced-mesh' with build type 'catkin'
[2.115s] INFO:colcon.colcon_cmake.task.cmake.build:Building CMake package in '/home/ubuntu/environment/aws-robomaker-sample-application-helloworld/robot_ws/src/deps/turtlebot3-description-reduced-mesh'
[2.136s] INFO:colcon.colcon_core.plugin_system:Skipping extension 'colcon_core.shell.bat': Not used on non-Windows systems
[2.137s] INFO:colcon.colcon_core.shell:Skip shell extension 'powershell' for command environment: Not usable outside of PowerShell
[2.137s] DEBUG:colcon.colcon_core.shell:Skip shell extension 'dsv' for command environment
[2.148s] DEBUG:colcon.colcon_core.shell:Ignoring prefix path '/opt/ros/melodic'
[2.165s] DEBUG:colcon.colcon_core.event_handler.log_command:Invoking command in '/home/ubuntu/environment/aws-robomaker-sample-application-helloworld/robot_ws/build/turtlebot3_description_reduced_mesh': /usr/bin/cmake --build /home/ubuntu/environment/aws-robomaker-sample-application-helloworld/robot_ws/build/turtlebot3_description_reduced_mesh -- -j4 -l4
[2.251s] DEBUG:colcon.colcon_core.event_handler.log_command:Invoked command in '/home/ubuntu/environment/aws-robomaker-sample-application-helloworld/robot_ws/build/turtlebot3_description_reduced_mesh' returned '0': /usr/bin/cmake --build /home/ubuntu/environment/aws-robomaker-sample-application-helloworld/robot_ws/build/turtlebot3_description_reduced_mesh -- -j4 -l4
[2.338s] DEBUG:colcon.colcon_core.event_handler.log_command:Invoking command in '/home/ubuntu/environment/aws-robomaker-sample-application-helloworld/robot_ws/build/turtlebot3_description_reduced_mesh': /usr/bin/cmake --build /home/ubuntu/environment/aws-robomaker-sample-application-helloworld/robot_ws/build/turtlebot3_description_reduced_mesh --target tests -- -j4 -l4
[2.473s] DEBUG:colcon.colcon_core.event_handler.log_command:Invoked command in '/home/ubuntu/environment/aws-robomaker-sample-application-helloworld/robot_ws/build/turtlebot3_description_reduced_mesh' returned '0': /usr/bin/cmake --build /home/ubuntu/environment/aws-robomaker-sample-application-helloworld/robot_ws/build/turtlebot3_description_reduced_mesh --target tests -- -j4 -l4
[2.576s] DEBUG:colcon.colcon_core.event_handler.log_command:Invoking command in '/home/ubuntu/environment/aws-robomaker-sample-application-helloworld/robot_ws/build/turtlebot3_description_reduced_mesh': /usr/bin/cmake --build /home/ubuntu/environment/aws-robomaker-sample-application-helloworld/robot_ws/build/turtlebot3_description_reduced_mesh --target install -- -j4 -l4
[2.674s] DEBUG:colcon.colcon_core.event_handler.log_command:Invoked command in '/home/ubuntu/environment/aws-robomaker-sample-application-helloworld/robot_ws/build/turtlebot3_description_reduced_mesh' returned '0': /usr/bin/cmake --build /home/ubuntu/environment/aws-robomaker-sample-application-helloworld/robot_ws/build/turtlebot3_description_reduced_mesh --target install -- -j4 -l4
[2.806s] Level 1:colcon.colcon_core.shell:create_environment_hook('turtlebot3_description_reduced_mesh', 'ros_package_path')
[2.831s] INFO:colcon.colcon_core.shell:Creating environment hook '/home/ubuntu/environment/aws-robomaker-sample-application-helloworld/robot_ws/install/turtlebot3_description_reduced_mesh/share/turtlebot3_description_reduced_mesh/hook/ros_package_path.ps1'
[2.832s] INFO:colcon.colcon_core.shell:Creating environment descriptor '/home/ubuntu/environment/aws-robomaker-sample-application-helloworld/robot_ws/install/turtlebot3_description_reduced_mesh/share/turtlebot3_description_reduced_mesh/hook/ros_package_path.dsv'
[2.833s] INFO:colcon.colcon_core.shell:Creating environment hook '/home/ubuntu/environment/aws-robomaker-sample-application-helloworld/robot_ws/install/turtlebot3_description_reduced_mesh/share/turtlebot3_description_reduced_mesh/hook/ros_package_path.sh'
[2.834s] Level 1:colcon.colcon_ros.task.catkin:checking '/home/ubuntu/environment/aws-robomaker-sample-application-helloworld/robot_ws/install/turtlebot3_description_reduced_mesh/lib/python2.7/dist-packages'
[2.834s] Level 1:colcon.colcon_core.shell:create_environment_hook('turtlebot3_description_reduced_mesh', 'pkg_config_path')
[2.854s] INFO:colcon.colcon_core.shell:Creating environment hook '/home/ubuntu/environment/aws-robomaker-sample-application-helloworld/robot_ws/install/turtlebot3_description_reduced_mesh/share/turtlebot3_description_reduced_mesh/hook/pkg_config_path.ps1'
[2.854s] INFO:colcon.colcon_core.shell:Creating environment descriptor '/home/ubuntu/environment/aws-robomaker-sample-application-helloworld/robot_ws/install/turtlebot3_description_reduced_mesh/share/turtlebot3_description_reduced_mesh/hook/pkg_config_path.dsv'
[2.855s] INFO:colcon.colcon_core.shell:Creating environment hook '/home/ubuntu/environment/aws-robomaker-sample-application-helloworld/robot_ws/install/turtlebot3_description_reduced_mesh/share/turtlebot3_description_reduced_mesh/hook/pkg_config_path.sh'
[2.861s] Level 1:colcon.colcon_core.shell:create_environment_hook('turtlebot3_description_reduced_mesh', 'pkg_config_path_multiarch')
[2.891s] INFO:colcon.colcon_core.shell:Creating environment hook '/home/ubuntu/environment/aws-robomaker-sample-application-helloworld/robot_ws/install/turtlebot3_description_reduced_mesh/share/turtlebot3_description_reduced_mesh/hook/pkg_config_path_multiarch.ps1'
[2.892s] INFO:colcon.colcon_core.shell:Creating environment descriptor '/home/ubuntu/environment/aws-robomaker-sample-application-helloworld/robot_ws/install/turtlebot3_description_reduced_mesh/share/turtlebot3_description_reduced_mesh/hook/pkg_config_path_multiarch.dsv'
[2.893s] INFO:colcon.colcon_core.shell:Creating environment hook '/home/ubuntu/environment/aws-robomaker-sample-application-helloworld/robot_ws/install/turtlebot3_description_reduced_mesh/share/turtlebot3_description_reduced_mesh/hook/pkg_config_path_multiarch.sh'
[2.912s] Level 1:colcon.colcon_core.environment:create_environment_scripts_only(turtlebot3_description_reduced_mesh)
[2.936s] Level 1:colcon.colcon_core.environment:checking '/home/ubuntu/environment/aws-robomaker-sample-application-helloworld/robot_ws/install/turtlebot3_description_reduced_mesh' for CMake module files
[2.939s] Level 1:colcon.colcon_core.environment:checking '/home/ubuntu/environment/aws-robomaker-sample-application-helloworld/robot_ws/install/turtlebot3_description_reduced_mesh' for CMake config files
[2.939s] Level 1:colcon.colcon_core.shell:create_environment_hook('turtlebot3_description_reduced_mesh', 'cmake_prefix_path')
[2.950s] INFO:colcon.colcon_core.shell:Creating environment hook '/home/ubuntu/environment/aws-robomaker-sample-application-helloworld/robot_ws/install/turtlebot3_description_reduced_mesh/share/turtlebot3_description_reduced_mesh/hook/cmake_prefix_path.ps1'
[2.951s] INFO:colcon.colcon_core.shell:Creating environment descriptor '/home/ubuntu/environment/aws-robomaker-sample-application-helloworld/robot_ws/install/turtlebot3_description_reduced_mesh/share/turtlebot3_description_reduced_mesh/hook/cmake_prefix_path.dsv'
[2.951s] INFO:colcon.colcon_core.shell:Creating environment hook '/home/ubuntu/environment/aws-robomaker-sample-application-helloworld/robot_ws/install/turtlebot3_description_reduced_mesh/share/turtlebot3_description_reduced_mesh/hook/cmake_prefix_path.sh'
[2.952s] Level 1:colcon.colcon_core.environment:checking '/home/ubuntu/environment/aws-robomaker-sample-application-helloworld/robot_ws/install/turtlebot3_description_reduced_mesh/lib'
[2.952s] Level 1:colcon.colcon_core.environment:checking '/home/ubuntu/environment/aws-robomaker-sample-application-helloworld/robot_ws/install/turtlebot3_description_reduced_mesh/bin'
[2.952s] Level 1:colcon.colcon_core.environment:checking '/home/ubuntu/environment/aws-robomaker-sample-application-helloworld/robot_ws/install/turtlebot3_description_reduced_mesh/lib/pkgconfig/turtlebot3_description_reduced_mesh.pc'
[2.952s] Level 1:colcon.colcon_core.shell:create_environment_hook('turtlebot3_description_reduced_mesh', 'pkg_config')
[2.964s] INFO:colcon.colcon_core.shell:Creating environment hook '/home/ubuntu/environment/aws-robomaker-sample-application-helloworld/robot_ws/install/turtlebot3_description_reduced_mesh/share/turtlebot3_description_reduced_mesh/hook/pkg_config.ps1'
[2.965s] INFO:colcon.colcon_core.shell:Creating environment descriptor '/home/ubuntu/environment/aws-robomaker-sample-application-helloworld/robot_ws/install/turtlebot3_description_reduced_mesh/share/turtlebot3_description_reduced_mesh/hook/pkg_config.dsv'
[2.965s] INFO:colcon.colcon_core.shell:Creating environment hook '/home/ubuntu/environment/aws-robomaker-sample-application-helloworld/robot_ws/install/turtlebot3_description_reduced_mesh/share/turtlebot3_description_reduced_mesh/hook/pkg_config.sh'
[2.966s] Level 1:colcon.colcon_core.environment:checking '/home/ubuntu/environment/aws-robomaker-sample-application-helloworld/robot_ws/install/turtlebot3_description_reduced_mesh/lib/python3.6/site-packages'
[2.978s] INFO:colcon.colcon_core.shell:Creating package script '/home/ubuntu/environment/aws-robomaker-sample-application-helloworld/robot_ws/install/turtlebot3_description_reduced_mesh/share/turtlebot3_description_reduced_mesh/package.ps1'
[2.979s] INFO:colcon.colcon_core.shell:Creating package descriptor '/home/ubuntu/environment/aws-robomaker-sample-application-helloworld/robot_ws/install/turtlebot3_description_reduced_mesh/share/turtlebot3_description_reduced_mesh/package.dsv'
[2.981s] INFO:colcon.colcon_core.shell:Creating package script '/home/ubuntu/environment/aws-robomaker-sample-application-helloworld/robot_ws/install/turtlebot3_description_reduced_mesh/share/turtlebot3_description_reduced_mesh/package.sh'
[2.982s] INFO:colcon.colcon_core.shell:Creating package script '/home/ubuntu/environment/aws-robomaker-sample-application-helloworld/robot_ws/install/turtlebot3_description_reduced_mesh/share/turtlebot3_description_reduced_mesh/package.bash'
[2.983s] INFO:colcon.colcon_core.shell:Creating package script '/home/ubuntu/environment/aws-robomaker-sample-application-helloworld/robot_ws/install/turtlebot3_description_reduced_mesh/share/turtlebot3_description_reduced_mesh/package.zsh'
[2.984s] Level 1:colcon.colcon_core.environment:create_file_with_runtime_dependencies(/home/ubuntu/environment/aws-robomaker-sample-application-helloworld/robot_ws/install/turtlebot3_description_reduced_mesh/share/colcon-core/packages/turtlebot3_description_reduced_mesh)
[2.985s] INFO:colcon.colcon_ros.task.catkin.build:Building ROS package in '/home/ubuntu/environment/aws-robomaker-sample-application-helloworld/robot_ws/src/hello_world_robot' with build type 'catkin'
[2.985s] INFO:colcon.colcon_cmake.task.cmake.build:Building CMake package in '/home/ubuntu/environment/aws-robomaker-sample-application-helloworld/robot_ws/src/hello_world_robot'
[2.997s] INFO:colcon.colcon_core.shell:Skip shell extension 'powershell' for command environment: Not usable outside of PowerShell
[2.997s] DEBUG:colcon.colcon_core.shell:Skip shell extension 'dsv' for command environment
[3.007s] DEBUG:colcon.colcon_core.shell:Ignoring prefix path '/opt/ros/melodic'
[3.032s] DEBUG:colcon.colcon_core.event_handler.log_command:Invoking command in '/home/ubuntu/environment/aws-robomaker-sample-application-helloworld/robot_ws/build/hello_world_robot': CMAKE_PREFIX_PATH=/home/ubuntu/environment/aws-robomaker-sample-application-helloworld/robot_ws/install/turtlebot3_description_reduced_mesh:/home/ubuntu/environment/aws-robomaker-sample-application-helloworld/robot_ws/install/hello_world_robot:/opt/ros/melodic PKG_CONFIG_PATH=/home/ubuntu/environment/aws-robomaker-sample-application-helloworld/robot_ws/install/turtlebot3_description_reduced_mesh/lib/x86_64-linux-gnu/pkgconfig:/home/ubuntu/environment/aws-robomaker-sample-application-helloworld/robot_ws/install/turtlebot3_description_reduced_mesh/lib/pkgconfig:/home/ubuntu/environment/aws-robomaker-sample-application-helloworld/robot_ws/install/hello_world_robot/lib/x86_64-linux-gnu/pkgconfig:/home/ubuntu/environment/aws-robomaker-sample-application-helloworld/robot_ws/install/hello_world_robot/lib/pkgconfig:/opt/ros/melodic/lib/pkgconfig ROS_PACKAGE_PATH=/home/ubuntu/environment/aws-robomaker-sample-application-helloworld/robot_ws/install/turtlebot3_description_reduced_mesh/share:/home/ubuntu/environment/aws-robomaker-sample-application-helloworld/robot_ws/install/hello_world_robot/share:/opt/ros/melodic/share /usr/bin/cmake --build /home/ubuntu/environment/aws-robomaker-sample-application-helloworld/robot_ws/build/hello_world_robot -- -j4 -l4
[4.936s] DEBUG:colcon.colcon_core.event_handler.log_command:Invoked command in '/home/ubuntu/environment/aws-robomaker-sample-application-helloworld/robot_ws/build/hello_world_robot' returned '0': CMAKE_PREFIX_PATH=/home/ubuntu/environment/aws-robomaker-sample-application-helloworld/robot_ws/install/turtlebot3_description_reduced_mesh:/home/ubuntu/environment/aws-robomaker-sample-application-helloworld/robot_ws/install/hello_world_robot:/opt/ros/melodic PKG_CONFIG_PATH=/home/ubuntu/environment/aws-robomaker-sample-application-helloworld/robot_ws/install/turtlebot3_description_reduced_mesh/lib/x86_64-linux-gnu/pkgconfig:/home/ubuntu/environment/aws-robomaker-sample-application-helloworld/robot_ws/install/turtlebot3_description_reduced_mesh/lib/pkgconfig:/home/ubuntu/environment/aws-robomaker-sample-application-helloworld/robot_ws/install/hello_world_robot/lib/x86_64-linux-gnu/pkgconfig:/home/ubuntu/environment/aws-robomaker-sample-application-helloworld/robot_ws/install/hello_world_robot/lib/pkgconfig:/opt/ros/melodic/lib/pkgconfig ROS_PACKAGE_PATH=/home/ubuntu/environment/aws-robomaker-sample-application-helloworld/robot_ws/install/turtlebot3_description_reduced_mesh/share:/home/ubuntu/environment/aws-robomaker-sample-application-helloworld/robot_ws/install/hello_world_robot/share:/opt/ros/melodic/share /usr/bin/cmake --build /home/ubuntu/environment/aws-robomaker-sample-application-helloworld/robot_ws/build/hello_world_robot -- -j4 -l4
[5.182s] DEBUG:colcon.colcon_core.event_handler.log_command:Invoking command in '/home/ubuntu/environment/aws-robomaker-sample-application-helloworld/robot_ws/build/hello_world_robot': CMAKE_PREFIX_PATH=/home/ubuntu/environment/aws-robomaker-sample-application-helloworld/robot_ws/install/turtlebot3_description_reduced_mesh:/home/ubuntu/environment/aws-robomaker-sample-application-helloworld/robot_ws/install/hello_world_robot:/opt/ros/melodic PKG_CONFIG_PATH=/home/ubuntu/environment/aws-robomaker-sample-application-helloworld/robot_ws/install/turtlebot3_description_reduced_mesh/lib/x86_64-linux-gnu/pkgconfig:/home/ubuntu/environment/aws-robomaker-sample-application-helloworld/robot_ws/install/turtlebot3_description_reduced_mesh/lib/pkgconfig:/home/ubuntu/environment/aws-robomaker-sample-application-helloworld/robot_ws/install/hello_world_robot/lib/x86_64-linux-gnu/pkgconfig:/home/ubuntu/environment/aws-robomaker-sample-application-helloworld/robot_ws/install/hello_world_robot/lib/pkgconfig:/opt/ros/melodic/lib/pkgconfig ROS_PACKAGE_PATH=/home/ubuntu/environment/aws-robomaker-sample-application-helloworld/robot_ws/install/turtlebot3_description_reduced_mesh/share:/home/ubuntu/environment/aws-robomaker-sample-application-helloworld/robot_ws/install/hello_world_robot/share:/opt/ros/melodic/share /usr/bin/cmake --build /home/ubuntu/environment/aws-robomaker-sample-application-helloworld/robot_ws/build/hello_world_robot --target tests -- -j4 -l4
[5.508s] DEBUG:colcon.colcon_core.event_handler.log_command:Invoked command in '/home/ubuntu/environment/aws-robomaker-sample-application-helloworld/robot_ws/build/hello_world_robot' returned '0': CMAKE_PREFIX_PATH=/home/ubuntu/environment/aws-robomaker-sample-application-helloworld/robot_ws/install/turtlebot3_description_reduced_mesh:/home/ubuntu/environment/aws-robomaker-sample-application-helloworld/robot_ws/install/hello_world_robot:/opt/ros/melodic PKG_CONFIG_PATH=/home/ubuntu/environment/aws-robomaker-sample-application-helloworld/robot_ws/install/turtlebot3_description_reduced_mesh/lib/x86_64-linux-gnu/pkgconfig:/home/ubuntu/environment/aws-robomaker-sample-application-helloworld/robot_ws/install/turtlebot3_description_reduced_mesh/lib/pkgconfig:/home/ubuntu/environment/aws-robomaker-sample-application-helloworld/robot_ws/install/hello_world_robot/lib/x86_64-linux-gnu/pkgconfig:/home/ubuntu/environment/aws-robomaker-sample-application-helloworld/robot_ws/install/hello_world_robot/lib/pkgconfig:/opt/ros/melodic/lib/pkgconfig ROS_PACKAGE_PATH=/home/ubuntu/environment/aws-robomaker-sample-application-helloworld/robot_ws/install/turtlebot3_description_reduced_mesh/share:/home/ubuntu/environment/aws-robomaker-sample-application-helloworld/robot_ws/install/hello_world_robot/share:/opt/ros/melodic/share /usr/bin/cmake --build /home/ubuntu/environment/aws-robomaker-sample-application-helloworld/robot_ws/build/hello_world_robot --target tests -- -j4 -l4
[5.739s] DEBUG:colcon.colcon_core.event_handler.log_command:Invoking command in '/home/ubuntu/environment/aws-robomaker-sample-application-helloworld/robot_ws/build/hello_world_robot': CMAKE_PREFIX_PATH=/home/ubuntu/environment/aws-robomaker-sample-application-helloworld/robot_ws/install/turtlebot3_description_reduced_mesh:/home/ubuntu/environment/aws-robomaker-sample-application-helloworld/robot_ws/install/hello_world_robot:/opt/ros/melodic PKG_CONFIG_PATH=/home/ubuntu/environment/aws-robomaker-sample-application-helloworld/robot_ws/install/turtlebot3_description_reduced_mesh/lib/x86_64-linux-gnu/pkgconfig:/home/ubuntu/environment/aws-robomaker-sample-application-helloworld/robot_ws/install/turtlebot3_description_reduced_mesh/lib/pkgconfig:/home/ubuntu/environment/aws-robomaker-sample-application-helloworld/robot_ws/install/hello_world_robot/lib/x86_64-linux-gnu/pkgconfig:/home/ubuntu/environment/aws-robomaker-sample-application-helloworld/robot_ws/install/hello_world_robot/lib/pkgconfig:/opt/ros/melodic/lib/pkgconfig ROS_PACKAGE_PATH=/home/ubuntu/environment/aws-robomaker-sample-application-helloworld/robot_ws/install/turtlebot3_description_reduced_mesh/share:/home/ubuntu/environment/aws-robomaker-sample-application-helloworld/robot_ws/install/hello_world_robot/share:/opt/ros/melodic/share /usr/bin/cmake --build /home/ubuntu/environment/aws-robomaker-sample-application-helloworld/robot_ws/build/hello_world_robot --target install -- -j4 -l4
[6.085s] DEBUG:colcon.colcon_core.event_handler.log_command:Invoked command in '/home/ubuntu/environment/aws-robomaker-sample-application-helloworld/robot_ws/build/hello_world_robot' returned '0': CMAKE_PREFIX_PATH=/home/ubuntu/environment/aws-robomaker-sample-application-helloworld/robot_ws/install/turtlebot3_description_reduced_mesh:/home/ubuntu/environment/aws-robomaker-sample-application-helloworld/robot_ws/install/hello_world_robot:/opt/ros/melodic PKG_CONFIG_PATH=/home/ubuntu/environment/aws-robomaker-sample-application-helloworld/robot_ws/install/turtlebot3_description_reduced_mesh/lib/x86_64-linux-gnu/pkgconfig:/home/ubuntu/environment/aws-robomaker-sample-application-helloworld/robot_ws/install/turtlebot3_description_reduced_mesh/lib/pkgconfig:/home/ubuntu/environment/aws-robomaker-sample-application-helloworld/robot_ws/install/hello_world_robot/lib/x86_64-linux-gnu/pkgconfig:/home/ubuntu/environment/aws-robomaker-sample-application-helloworld/robot_ws/install/hello_world_robot/lib/pkgconfig:/opt/ros/melodic/lib/pkgconfig ROS_PACKAGE_PATH=/home/ubuntu/environment/aws-robomaker-sample-application-helloworld/robot_ws/install/turtlebot3_description_reduced_mesh/share:/home/ubuntu/environment/aws-robomaker-sample-application-helloworld/robot_ws/install/hello_world_robot/share:/opt/ros/melodic/share /usr/bin/cmake --build /home/ubuntu/environment/aws-robomaker-sample-application-helloworld/robot_ws/build/hello_world_robot --target install -- -j4 -l4
[6.347s] Level 1:colcon.colcon_core.shell:create_environment_hook('hello_world_robot', 'ros_package_path')
[6.375s] INFO:colcon.colcon_core.shell:Creating environment hook '/home/ubuntu/environment/aws-robomaker-sample-application-helloworld/robot_ws/install/hello_world_robot/share/hello_world_robot/hook/ros_package_path.ps1'
[6.376s] INFO:colcon.colcon_core.shell:Creating environment descriptor '/home/ubuntu/environment/aws-robomaker-sample-application-helloworld/robot_ws/install/hello_world_robot/share/hello_world_robot/hook/ros_package_path.dsv'
[6.376s] INFO:colcon.colcon_core.shell:Creating environment hook '/home/ubuntu/environment/aws-robomaker-sample-application-helloworld/robot_ws/install/hello_world_robot/share/hello_world_robot/hook/ros_package_path.sh'
[6.378s] Level 1:colcon.colcon_ros.task.catkin:checking '/home/ubuntu/environment/aws-robomaker-sample-application-helloworld/robot_ws/install/hello_world_robot/lib/python2.7/dist-packages'
[6.378s] Level 1:colcon.colcon_core.shell:create_environment_hook('hello_world_robot', 'catkin_pythonpath')
[6.406s] INFO:colcon.colcon_core.shell:Creating environment hook '/home/ubuntu/environment/aws-robomaker-sample-application-helloworld/robot_ws/install/hello_world_robot/share/hello_world_robot/hook/catkin_pythonpath.ps1'
[6.408s] INFO:colcon.colcon_core.shell:Creating environment descriptor '/home/ubuntu/environment/aws-robomaker-sample-application-helloworld/robot_ws/install/hello_world_robot/share/hello_world_robot/hook/catkin_pythonpath.dsv'
[6.408s] INFO:colcon.colcon_core.shell:Creating environment hook '/home/ubuntu/environment/aws-robomaker-sample-application-helloworld/robot_ws/install/hello_world_robot/share/hello_world_robot/hook/catkin_pythonpath.sh'
[6.409s] Level 1:colcon.colcon_core.shell:create_environment_hook('hello_world_robot', 'pkg_config_path')
[6.429s] INFO:colcon.colcon_core.shell:Creating environment hook '/home/ubuntu/environment/aws-robomaker-sample-application-helloworld/robot_ws/install/hello_world_robot/share/hello_world_robot/hook/pkg_config_path.ps1'
[6.431s] INFO:colcon.colcon_core.shell:Creating environment descriptor '/home/ubuntu/environment/aws-robomaker-sample-application-helloworld/robot_ws/install/hello_world_robot/share/hello_world_robot/hook/pkg_config_path.dsv'
[6.431s] INFO:colcon.colcon_core.shell:Creating environment hook '/home/ubuntu/environment/aws-robomaker-sample-application-helloworld/robot_ws/install/hello_world_robot/share/hello_world_robot/hook/pkg_config_path.sh'
[6.432s] Level 1:colcon.colcon_core.shell:create_environment_hook('hello_world_robot', 'pkg_config_path_multiarch')
[6.453s] INFO:colcon.colcon_core.shell:Creating environment hook '/home/ubuntu/environment/aws-robomaker-sample-application-helloworld/robot_ws/install/hello_world_robot/share/hello_world_robot/hook/pkg_config_path_multiarch.ps1'
[6.454s] INFO:colcon.colcon_core.shell:Creating environment descriptor '/home/ubuntu/environment/aws-robomaker-sample-application-helloworld/robot_ws/install/hello_world_robot/share/hello_world_robot/hook/pkg_config_path_multiarch.dsv'
[6.454s] INFO:colcon.colcon_core.shell:Creating environment hook '/home/ubuntu/environment/aws-robomaker-sample-application-helloworld/robot_ws/install/hello_world_robot/share/hello_world_robot/hook/pkg_config_path_multiarch.sh'
[6.479s] Level 1:colcon.colcon_core.environment:create_environment_scripts_only(hello_world_robot)
[6.501s] Level 1:colcon.colcon_core.environment:checking '/home/ubuntu/environment/aws-robomaker-sample-application-helloworld/robot_ws/install/hello_world_robot' for CMake module files
[6.502s] Level 1:colcon.colcon_core.environment:checking '/home/ubuntu/environment/aws-robomaker-sample-application-helloworld/robot_ws/install/hello_world_robot' for CMake config files
[6.502s] Level 1:colcon.colcon_core.shell:create_environment_hook('hello_world_robot', 'cmake_prefix_path')
[6.526s] INFO:colcon.colcon_core.shell:Creating environment hook '/home/ubuntu/environment/aws-robomaker-sample-application-helloworld/robot_ws/install/hello_world_robot/share/hello_world_robot/hook/cmake_prefix_path.ps1'
[6.527s] INFO:colcon.colcon_core.shell:Creating environment descriptor '/home/ubuntu/environment/aws-robomaker-sample-application-helloworld/robot_ws/install/hello_world_robot/share/hello_world_robot/hook/cmake_prefix_path.dsv'
[6.527s] INFO:colcon.colcon_core.shell:Creating environment hook '/home/ubuntu/environment/aws-robomaker-sample-application-helloworld/robot_ws/install/hello_world_robot/share/hello_world_robot/hook/cmake_prefix_path.sh'
[6.529s] Level 1:colcon.colcon_core.environment:checking '/home/ubuntu/environment/aws-robomaker-sample-application-helloworld/robot_ws/install/hello_world_robot/lib'
[6.529s] Level 1:colcon.colcon_core.environment:checking '/home/ubuntu/environment/aws-robomaker-sample-application-helloworld/robot_ws/install/hello_world_robot/bin'
[6.529s] Level 1:colcon.colcon_core.environment:checking '/home/ubuntu/environment/aws-robomaker-sample-application-helloworld/robot_ws/install/hello_world_robot/lib/pkgconfig/hello_world_robot.pc'
[6.529s] Level 1:colcon.colcon_core.shell:create_environment_hook('hello_world_robot', 'pkg_config')
[6.552s] INFO:colcon.colcon_core.shell:Creating environment hook '/home/ubuntu/environment/aws-robomaker-sample-application-helloworld/robot_ws/install/hello_world_robot/share/hello_world_robot/hook/pkg_config.ps1'
[6.553s] INFO:colcon.colcon_core.shell:Creating environment descriptor '/home/ubuntu/environment/aws-robomaker-sample-application-helloworld/robot_ws/install/hello_world_robot/share/hello_world_robot/hook/pkg_config.dsv'
[6.553s] INFO:colcon.colcon_core.shell:Creating environment hook '/home/ubuntu/environment/aws-robomaker-sample-application-helloworld/robot_ws/install/hello_world_robot/share/hello_world_robot/hook/pkg_config.sh'
[6.554s] Level 1:colcon.colcon_core.environment:checking '/home/ubuntu/environment/aws-robomaker-sample-application-helloworld/robot_ws/install/hello_world_robot/lib/python3.6/site-packages'
[6.576s] INFO:colcon.colcon_core.shell:Creating package script '/home/ubuntu/environment/aws-robomaker-sample-application-helloworld/robot_ws/install/hello_world_robot/share/hello_world_robot/package.ps1'
[6.578s] INFO:colcon.colcon_core.shell:Creating package descriptor '/home/ubuntu/environment/aws-robomaker-sample-application-helloworld/robot_ws/install/hello_world_robot/share/hello_world_robot/package.dsv'
[6.579s] INFO:colcon.colcon_core.shell:Creating package script '/home/ubuntu/environment/aws-robomaker-sample-application-helloworld/robot_ws/install/hello_world_robot/share/hello_world_robot/package.sh'
[6.581s] INFO:colcon.colcon_core.shell:Creating package script '/home/ubuntu/environment/aws-robomaker-sample-application-helloworld/robot_ws/install/hello_world_robot/share/hello_world_robot/package.bash'
[6.581s] INFO:colcon.colcon_core.shell:Creating package script '/home/ubuntu/environment/aws-robomaker-sample-application-helloworld/robot_ws/install/hello_world_robot/share/hello_world_robot/package.zsh'
[6.582s] Level 1:colcon.colcon_core.environment:create_file_with_runtime_dependencies(/home/ubuntu/environment/aws-robomaker-sample-application-helloworld/robot_ws/install/hello_world_robot/share/colcon-core/packages/hello_world_robot)
[6.584s] DEBUG:colcon.colcon_parallel_executor.executor.parallel:closing loop
[6.585s] DEBUG:colcon.colcon_parallel_executor.executor.parallel:loop closed
[6.585s] DEBUG:colcon.colcon_parallel_executor.executor.parallel:run_until_complete finished with '0'
[6.586s] DEBUG:colcon.colcon_core.event_reactor:joining thread
[6.608s] INFO:colcon.colcon_core.plugin_system:Skipping extension 'colcon_notification.desktop_notification.terminal_notifier': Not used on non-Darwin systems
[6.609s] INFO:colcon.colcon_core.plugin_system:Skipping extension 'colcon_notification.desktop_notification.win32': Not used on non-Windows systems
[6.609s] INFO:colcon.colcon_notification.desktop_notification:Sending desktop notification using 'notify2'
[6.609s] DEBUG:colcon.colcon_notification.desktop_notification.notify2:Failed to initialize notify2: org.freedesktop.DBus.Error.NotSupported: Unable to autolaunch a dbus-daemon without a $DISPLAY for X11
[6.609s] DEBUG:colcon.colcon_core.event_reactor:joined thread
[6.631s] INFO:colcon.colcon_core.shell:Creating prefix script '/home/ubuntu/environment/aws-robomaker-sample-application-helloworld/robot_ws/install/local_setup.ps1'
[6.635s] INFO:colcon.colcon_core.shell:Creating prefix util module '/home/ubuntu/environment/aws-robomaker-sample-application-helloworld/robot_ws/install/_local_setup_util_ps1.py'
[6.651s] INFO:colcon.colcon_core.shell:Creating prefix chain script '/home/ubuntu/environment/aws-robomaker-sample-application-helloworld/robot_ws/install/setup.ps1'
[6.668s] INFO:colcon.colcon_core.shell:Creating prefix script '/home/ubuntu/environment/aws-robomaker-sample-application-helloworld/robot_ws/install/local_setup.sh'
[6.669s] INFO:colcon.colcon_core.shell:Creating prefix util module '/home/ubuntu/environment/aws-robomaker-sample-application-helloworld/robot_ws/install/_local_setup_util_sh.py'
[6.670s] INFO:colcon.colcon_core.shell:Creating prefix chain script '/home/ubuntu/environment/aws-robomaker-sample-application-helloworld/robot_ws/install/setup.sh'
[6.690s] INFO:colcon.colcon_core.shell:Creating prefix script '/home/ubuntu/environment/aws-robomaker-sample-application-helloworld/robot_ws/install/local_setup.bash'
[6.691s] INFO:colcon.colcon_core.shell:Creating prefix chain script '/home/ubuntu/environment/aws-robomaker-sample-application-helloworld/robot_ws/install/setup.bash'
[6.710s] INFO:colcon.colcon_core.shell:Creating prefix script '/home/ubuntu/environment/aws-robomaker-sample-application-helloworld/robot_ws/install/local_setup.zsh'
[6.711s] INFO:colcon.colcon_core.shell:Creating prefix chain script '/home/ubuntu/environment/aws-robomaker-sample-application-helloworld/robot_ws/install/setup.zsh'
