[0.018s] Invoking command in '/home/ubuntu/environment/aws-robomaker-sample-application-helloworld/robot_ws/build/turtlebot3_description_reduced_mesh': /usr/bin/cmake --build /home/ubuntu/environment/aws-robomaker-sample-application-helloworld/robot_ws/build/turtlebot3_description_reduced_mesh -- -j4 -l4
[0.215s] Invoked command in '/home/ubuntu/environment/aws-robomaker-sample-application-helloworld/robot_ws/build/turtlebot3_description_reduced_mesh' returned '0': /usr/bin/cmake --build /home/ubuntu/environment/aws-robomaker-sample-application-helloworld/robot_ws/build/turtlebot3_description_reduced_mesh -- -j4 -l4
[0.570s] Invoking command in '/home/ubuntu/environment/aws-robomaker-sample-application-helloworld/robot_ws/build/turtlebot3_description_reduced_mesh': /usr/bin/cmake --build /home/ubuntu/environment/aws-robomaker-sample-application-helloworld/robot_ws/build/turtlebot3_description_reduced_mesh --target tests -- -j4 -l4
[0.846s] Built target tests
[0.868s] Invoked command in '/home/ubuntu/environment/aws-robomaker-sample-application-helloworld/robot_ws/build/turtlebot3_description_reduced_mesh' returned '0': /usr/bin/cmake --build /home/ubuntu/environment/aws-robomaker-sample-application-helloworld/robot_ws/build/turtlebot3_description_reduced_mesh --target tests -- -j4 -l4
[1.316s] Invoking command in '/home/ubuntu/environment/aws-robomaker-sample-application-helloworld/robot_ws/build/turtlebot3_description_reduced_mesh': /usr/bin/cmake --build /home/ubuntu/environment/aws-robomaker-sample-application-helloworld/robot_ws/build/turtlebot3_description_reduced_mesh --target install -- -j4 -l4
[1.479s] [36mInstall the project...[0m
[1.525s] -- Install configuration: ""
[1.525s] -- Up-to-date: /home/ubuntu/environment/aws-robomaker-sample-application-helloworld/robot_ws/install/turtlebot3_description_reduced_mesh/lib/pkgconfig/turtlebot3_description_reduced_mesh.pc
[1.525s] -- Up-to-date: /home/ubuntu/environment/aws-robomaker-sample-application-helloworld/robot_ws/install/turtlebot3_description_reduced_mesh/share/turtlebot3_description_reduced_mesh/cmake/turtlebot3_description_reduced_meshConfig.cmake
[1.525s] -- Up-to-date: /home/ubuntu/environment/aws-robomaker-sample-application-helloworld/robot_ws/install/turtlebot3_description_reduced_mesh/share/turtlebot3_description_reduced_mesh/cmake/turtlebot3_description_reduced_meshConfig-version.cmake
[1.526s] -- Up-to-date: /home/ubuntu/environment/aws-robomaker-sample-application-helloworld/robot_ws/install/turtlebot3_description_reduced_mesh/share/turtlebot3_description_reduced_mesh/package.xml
[1.526s] -- Up-to-date: /home/ubuntu/environment/aws-robomaker-sample-application-helloworld/robot_ws/install/turtlebot3_description_reduced_mesh/share/turtlebot3_description_reduced_mesh/launch
[1.526s] -- Up-to-date: /home/ubuntu/environment/aws-robomaker-sample-application-helloworld/robot_ws/install/turtlebot3_description_reduced_mesh/share/turtlebot3_description_reduced_mesh/launch/spawn_turtlebot.launch
[1.526s] -- Up-to-date: /home/ubuntu/environment/aws-robomaker-sample-application-helloworld/robot_ws/install/turtlebot3_description_reduced_mesh/share/turtlebot3_description_reduced_mesh/meshes
[1.526s] -- Up-to-date: /home/ubuntu/environment/aws-robomaker-sample-application-helloworld/robot_ws/install/turtlebot3_description_reduced_mesh/share/turtlebot3_description_reduced_mesh/meshes/sensors
[1.527s] -- Up-to-date: /home/ubuntu/environment/aws-robomaker-sample-application-helloworld/robot_ws/install/turtlebot3_description_reduced_mesh/share/turtlebot3_description_reduced_mesh/meshes/sensors/r200.jpg
[1.527s] -- Up-to-date: /home/ubuntu/environment/aws-robomaker-sample-application-helloworld/robot_ws/install/turtlebot3_description_reduced_mesh/share/turtlebot3_description_reduced_mesh/meshes/sensors/astra.dae
[1.527s] -- Up-to-date: /home/ubuntu/environment/aws-robomaker-sample-application-helloworld/robot_ws/install/turtlebot3_description_reduced_mesh/share/turtlebot3_description_reduced_mesh/meshes/sensors/astra.jpg
[1.527s] -- Up-to-date: /home/ubuntu/environment/aws-robomaker-sample-application-helloworld/robot_ws/install/turtlebot3_description_reduced_mesh/share/turtlebot3_description_reduced_mesh/meshes/sensors/r200.dae
[1.527s] -- Up-to-date: /home/ubuntu/environment/aws-robomaker-sample-application-helloworld/robot_ws/install/turtlebot3_description_reduced_mesh/share/turtlebot3_description_reduced_mesh/meshes/sensors/lds.stl
[1.528s] -- Up-to-date: /home/ubuntu/environment/aws-robomaker-sample-application-helloworld/robot_ws/install/turtlebot3_description_reduced_mesh/share/turtlebot3_description_reduced_mesh/meshes/wheels
[1.529s] -- Up-to-date: /home/ubuntu/environment/aws-robomaker-sample-application-helloworld/robot_ws/install/turtlebot3_description_reduced_mesh/share/turtlebot3_description_reduced_mesh/meshes/wheels/left_tire.stl
[1.529s] -- Up-to-date: /home/ubuntu/environment/aws-robomaker-sample-application-helloworld/robot_ws/install/turtlebot3_description_reduced_mesh/share/turtlebot3_description_reduced_mesh/meshes/wheels/right_tire.stl
[1.529s] -- Up-to-date: /home/ubuntu/environment/aws-robomaker-sample-application-helloworld/robot_ws/install/turtlebot3_description_reduced_mesh/share/turtlebot3_description_reduced_mesh/meshes/wheels/right_tire_reduced.stl
[1.529s] -- Up-to-date: /home/ubuntu/environment/aws-robomaker-sample-application-helloworld/robot_ws/install/turtlebot3_description_reduced_mesh/share/turtlebot3_description_reduced_mesh/meshes/wheels/left_tire_reduced.stl
[1.529s] -- Up-to-date: /home/ubuntu/environment/aws-robomaker-sample-application-helloworld/robot_ws/install/turtlebot3_description_reduced_mesh/share/turtlebot3_description_reduced_mesh/meshes/bases
[1.529s] -- Up-to-date: /home/ubuntu/environment/aws-robomaker-sample-application-helloworld/robot_ws/install/turtlebot3_description_reduced_mesh/share/turtlebot3_description_reduced_mesh/meshes/bases/waffle_pi_base_reduced.stl
[1.530s] -- Up-to-date: /home/ubuntu/environment/aws-robomaker-sample-application-helloworld/robot_ws/install/turtlebot3_description_reduced_mesh/share/turtlebot3_description_reduced_mesh/meshes/bases/burger_base.stl
[1.530s] -- Up-to-date: /home/ubuntu/environment/aws-robomaker-sample-application-helloworld/robot_ws/install/turtlebot3_description_reduced_mesh/share/turtlebot3_description_reduced_mesh/meshes/bases/waffle_pi_base.stl
[1.530s] -- Up-to-date: /home/ubuntu/environment/aws-robomaker-sample-application-helloworld/robot_ws/install/turtlebot3_description_reduced_mesh/share/turtlebot3_description_reduced_mesh/meshes/bases/waffle_base_for_open_manipulator.stl
[1.533s] -- Up-to-date: /home/ubuntu/environment/aws-robomaker-sample-application-helloworld/robot_ws/install/turtlebot3_description_reduced_mesh/share/turtlebot3_description_reduced_mesh/meshes/bases/waffle_pi_base_for_open_manipulator.stl
[1.534s] -- Up-to-date: /home/ubuntu/environment/aws-robomaker-sample-application-helloworld/robot_ws/install/turtlebot3_description_reduced_mesh/share/turtlebot3_description_reduced_mesh/meshes/bases/waffle_base.stl
[1.534s] -- Up-to-date: /home/ubuntu/environment/aws-robomaker-sample-application-helloworld/robot_ws/install/turtlebot3_description_reduced_mesh/share/turtlebot3_description_reduced_mesh/meshes/bases/burger_base_decimated.stl
[1.534s] -- Up-to-date: /home/ubuntu/environment/aws-robomaker-sample-application-helloworld/robot_ws/install/turtlebot3_description_reduced_mesh/share/turtlebot3_description_reduced_mesh/urdf
[1.534s] -- Up-to-date: /home/ubuntu/environment/aws-robomaker-sample-application-helloworld/robot_ws/install/turtlebot3_description_reduced_mesh/share/turtlebot3_description_reduced_mesh/urdf/turtlebot3_burger_for_autorace.gazebo.xacro
[1.534s] -- Up-to-date: /home/ubuntu/environment/aws-robomaker-sample-application-helloworld/robot_ws/install/turtlebot3_description_reduced_mesh/share/turtlebot3_description_reduced_mesh/urdf/turtlebot3_waffle_pi.gazebo.xacro
[1.535s] -- Up-to-date: /home/ubuntu/environment/aws-robomaker-sample-application-helloworld/robot_ws/install/turtlebot3_description_reduced_mesh/share/turtlebot3_description_reduced_mesh/urdf/turtlebot3_burger.urdf.xacro
[1.535s] -- Up-to-date: /home/ubuntu/environment/aws-robomaker-sample-application-helloworld/robot_ws/install/turtlebot3_description_reduced_mesh/share/turtlebot3_description_reduced_mesh/urdf/turtlebot3_waffle_for_open_manipulator.urdf.xacro
[1.535s] -- Up-to-date: /home/ubuntu/environment/aws-robomaker-sample-application-helloworld/robot_ws/install/turtlebot3_description_reduced_mesh/share/turtlebot3_description_reduced_mesh/urdf/common_properties.xacro
[1.535s] -- Up-to-date: /home/ubuntu/environment/aws-robomaker-sample-application-helloworld/robot_ws/install/turtlebot3_description_reduced_mesh/share/turtlebot3_description_reduced_mesh/urdf/turtlebot3_waffle_pi_for_open_manipulator.urdf.xacro
[1.535s] -- Up-to-date: /home/ubuntu/environment/aws-robomaker-sample-application-helloworld/robot_ws/install/turtlebot3_description_reduced_mesh/share/turtlebot3_description_reduced_mesh/urdf/turtlebot3_burger_for_autorace.urdf.xacro
[1.535s] -- Up-to-date: /home/ubuntu/environment/aws-robomaker-sample-application-helloworld/robot_ws/install/turtlebot3_description_reduced_mesh/share/turtlebot3_description_reduced_mesh/urdf/turtlebot3_waffle_pi.urdf.xacro
[1.536s] -- Up-to-date: /home/ubuntu/environment/aws-robomaker-sample-application-helloworld/robot_ws/install/turtlebot3_description_reduced_mesh/share/turtlebot3_description_reduced_mesh/urdf/turtlebot3_waffle.urdf.xacro
[1.536s] -- Up-to-date: /home/ubuntu/environment/aws-robomaker-sample-application-helloworld/robot_ws/install/turtlebot3_description_reduced_mesh/share/turtlebot3_description_reduced_mesh/urdf/turtlebot3_waffle.gazebo.xacro
[1.536s] -- Up-to-date: /home/ubuntu/environment/aws-robomaker-sample-application-helloworld/robot_ws/install/turtlebot3_description_reduced_mesh/share/turtlebot3_description_reduced_mesh/urdf/turtlebot3_burger.gazebo.xacro
[1.536s] Invoked command in '/home/ubuntu/environment/aws-robomaker-sample-application-helloworld/robot_ws/build/turtlebot3_description_reduced_mesh' returned '0': /usr/bin/cmake --build /home/ubuntu/environment/aws-robomaker-sample-application-helloworld/robot_ws/build/turtlebot3_description_reduced_mesh --target install -- -j4 -l4
