[0.026s] Invoking command in '/home/ubuntu/environment/aws-robomaker-sample-application-helloworld/robot_ws/build/hello_world_robot': CMAKE_PREFIX_PATH=/home/ubuntu/environment/aws-robomaker-sample-application-helloworld/robot_ws/install/turtlebot3_description_reduced_mesh:/home/ubuntu/environment/aws-robomaker-sample-application-helloworld/robot_ws/install/hello_world_robot:/opt/ros/melodic PKG_CONFIG_PATH=/home/ubuntu/environment/aws-robomaker-sample-application-helloworld/robot_ws/install/turtlebot3_description_reduced_mesh/lib/x86_64-linux-gnu/pkgconfig:/home/ubuntu/environment/aws-robomaker-sample-application-helloworld/robot_ws/install/turtlebot3_description_reduced_mesh/lib/pkgconfig:/home/ubuntu/environment/aws-robomaker-sample-application-helloworld/robot_ws/install/hello_world_robot/lib/x86_64-linux-gnu/pkgconfig:/home/ubuntu/environment/aws-robomaker-sample-application-helloworld/robot_ws/install/hello_world_robot/lib/pkgconfig:/opt/ros/melodic/lib/pkgconfig ROS_PACKAGE_PATH=/home/ubuntu/environment/aws-robomaker-sample-application-helloworld/robot_ws/install/turtlebot3_description_reduced_mesh/share:/home/ubuntu/environment/aws-robomaker-sample-application-helloworld/robot_ws/install/hello_world_robot/share:/opt/ros/melodic/share /usr/bin/cmake --build /home/ubuntu/environment/aws-robomaker-sample-application-helloworld/robot_ws/build/hello_world_robot -- -j4 -l4
[0.060s] -- Using CATKIN_DEVEL_PREFIX: /home/ubuntu/environment/aws-robomaker-sample-application-helloworld/robot_ws/build/hello_world_robot/devel
[0.060s] -- Using CMAKE_PREFIX_PATH: /home/ubuntu/environment/aws-robomaker-sample-application-helloworld/robot_ws/install/turtlebot3_description_reduced_mesh;/home/ubuntu/environment/aws-robomaker-sample-application-helloworld/robot_ws/install/hello_world_robot;/opt/ros/melodic
[0.060s] -- This workspace overlays: /home/ubuntu/environment/aws-robomaker-sample-application-helloworld/robot_ws/install/turtlebot3_description_reduced_mesh;/home/ubuntu/environment/aws-robomaker-sample-application-helloworld/robot_ws/install/hello_world_robot;/opt/ros/melodic
[0.076s] -- Found PythonInterp: /usr/bin/python2 (found suitable version "2.7.17", minimum required is "2") 
[0.076s] -- Using PYTHON_EXECUTABLE: /usr/bin/python2
[0.077s] -- Using Debian Python package layout
[0.077s] -- Using empy: /usr/bin/empy
[0.296s] -- Using CATKIN_ENABLE_TESTING: ON
[0.297s] -- Call enable_testing()
[0.307s] -- Using CATKIN_TEST_RESULTS_DIR: /home/ubuntu/environment/aws-robomaker-sample-application-helloworld/robot_ws/build/hello_world_robot/test_results
[0.326s] -- Found gtest sources under '/usr/src/googletest': gtests will be built
[0.327s] -- Found gmock sources under '/usr/src/googletest': gmock will be built
[0.348s] -- Found PythonInterp: /usr/bin/python2 (found version "2.7.17") 
[0.356s] -- Using Python nosetests: /usr/bin/nosetests-2.7
[0.411s] -- catkin 0.7.29
[0.412s] -- BUILD_SHARED_LIBS is on
[0.605s] -- Using these message generators: gencpp;geneus;genlisp;gennodejs;genpy
[1.689s] -- Configuring done
[1.743s] -- Generating done
[1.761s] -- Build files have been written to: /home/ubuntu/environment/aws-robomaker-sample-application-helloworld/robot_ws/build/hello_world_robot
[1.906s] Built target hello_world_robot_xacro_generated_to_devel_space_
[1.929s] Invoked command in '/home/ubuntu/environment/aws-robomaker-sample-application-helloworld/robot_ws/build/hello_world_robot' returned '0': CMAKE_PREFIX_PATH=/home/ubuntu/environment/aws-robomaker-sample-application-helloworld/robot_ws/install/turtlebot3_description_reduced_mesh:/home/ubuntu/environment/aws-robomaker-sample-application-helloworld/robot_ws/install/hello_world_robot:/opt/ros/melodic PKG_CONFIG_PATH=/home/ubuntu/environment/aws-robomaker-sample-application-helloworld/robot_ws/install/turtlebot3_description_reduced_mesh/lib/x86_64-linux-gnu/pkgconfig:/home/ubuntu/environment/aws-robomaker-sample-application-helloworld/robot_ws/install/turtlebot3_description_reduced_mesh/lib/pkgconfig:/home/ubuntu/environment/aws-robomaker-sample-application-helloworld/robot_ws/install/hello_world_robot/lib/x86_64-linux-gnu/pkgconfig:/home/ubuntu/environment/aws-robomaker-sample-application-helloworld/robot_ws/install/hello_world_robot/lib/pkgconfig:/opt/ros/melodic/lib/pkgconfig ROS_PACKAGE_PATH=/home/ubuntu/environment/aws-robomaker-sample-application-helloworld/robot_ws/install/turtlebot3_description_reduced_mesh/share:/home/ubuntu/environment/aws-robomaker-sample-application-helloworld/robot_ws/install/hello_world_robot/share:/opt/ros/melodic/share /usr/bin/cmake --build /home/ubuntu/environment/aws-robomaker-sample-application-helloworld/robot_ws/build/hello_world_robot -- -j4 -l4
[2.175s] Invoking command in '/home/ubuntu/environment/aws-robomaker-sample-application-helloworld/robot_ws/build/hello_world_robot': CMAKE_PREFIX_PATH=/home/ubuntu/environment/aws-robomaker-sample-application-helloworld/robot_ws/install/turtlebot3_description_reduced_mesh:/home/ubuntu/environment/aws-robomaker-sample-application-helloworld/robot_ws/install/hello_world_robot:/opt/ros/melodic PKG_CONFIG_PATH=/home/ubuntu/environment/aws-robomaker-sample-application-helloworld/robot_ws/install/turtlebot3_description_reduced_mesh/lib/x86_64-linux-gnu/pkgconfig:/home/ubuntu/environment/aws-robomaker-sample-application-helloworld/robot_ws/install/turtlebot3_description_reduced_mesh/lib/pkgconfig:/home/ubuntu/environment/aws-robomaker-sample-application-helloworld/robot_ws/install/hello_world_robot/lib/x86_64-linux-gnu/pkgconfig:/home/ubuntu/environment/aws-robomaker-sample-application-helloworld/robot_ws/install/hello_world_robot/lib/pkgconfig:/opt/ros/melodic/lib/pkgconfig ROS_PACKAGE_PATH=/home/ubuntu/environment/aws-robomaker-sample-application-helloworld/robot_ws/install/turtlebot3_description_reduced_mesh/share:/home/ubuntu/environment/aws-robomaker-sample-application-helloworld/robot_ws/install/hello_world_robot/share:/opt/ros/melodic/share /usr/bin/cmake --build /home/ubuntu/environment/aws-robomaker-sample-application-helloworld/robot_ws/build/hello_world_robot --target tests -- -j4 -l4
[2.463s] Built target tests
[2.502s] Invoked command in '/home/ubuntu/environment/aws-robomaker-sample-application-helloworld/robot_ws/build/hello_world_robot' returned '0': CMAKE_PREFIX_PATH=/home/ubuntu/environment/aws-robomaker-sample-application-helloworld/robot_ws/install/turtlebot3_description_reduced_mesh:/home/ubuntu/environment/aws-robomaker-sample-application-helloworld/robot_ws/install/hello_world_robot:/opt/ros/melodic PKG_CONFIG_PATH=/home/ubuntu/environment/aws-robomaker-sample-application-helloworld/robot_ws/install/turtlebot3_description_reduced_mesh/lib/x86_64-linux-gnu/pkgconfig:/home/ubuntu/environment/aws-robomaker-sample-application-helloworld/robot_ws/install/turtlebot3_description_reduced_mesh/lib/pkgconfig:/home/ubuntu/environment/aws-robomaker-sample-application-helloworld/robot_ws/install/hello_world_robot/lib/x86_64-linux-gnu/pkgconfig:/home/ubuntu/environment/aws-robomaker-sample-application-helloworld/robot_ws/install/hello_world_robot/lib/pkgconfig:/opt/ros/melodic/lib/pkgconfig ROS_PACKAGE_PATH=/home/ubuntu/environment/aws-robomaker-sample-application-helloworld/robot_ws/install/turtlebot3_description_reduced_mesh/share:/home/ubuntu/environment/aws-robomaker-sample-application-helloworld/robot_ws/install/hello_world_robot/share:/opt/ros/melodic/share /usr/bin/cmake --build /home/ubuntu/environment/aws-robomaker-sample-application-helloworld/robot_ws/build/hello_world_robot --target tests -- -j4 -l4
[2.732s] Invoking command in '/home/ubuntu/environment/aws-robomaker-sample-application-helloworld/robot_ws/build/hello_world_robot': CMAKE_PREFIX_PATH=/home/ubuntu/environment/aws-robomaker-sample-application-helloworld/robot_ws/install/turtlebot3_description_reduced_mesh:/home/ubuntu/environment/aws-robomaker-sample-application-helloworld/robot_ws/install/hello_world_robot:/opt/ros/melodic PKG_CONFIG_PATH=/home/ubuntu/environment/aws-robomaker-sample-application-helloworld/robot_ws/install/turtlebot3_description_reduced_mesh/lib/x86_64-linux-gnu/pkgconfig:/home/ubuntu/environment/aws-robomaker-sample-application-helloworld/robot_ws/install/turtlebot3_description_reduced_mesh/lib/pkgconfig:/home/ubuntu/environment/aws-robomaker-sample-application-helloworld/robot_ws/install/hello_world_robot/lib/x86_64-linux-gnu/pkgconfig:/home/ubuntu/environment/aws-robomaker-sample-application-helloworld/robot_ws/install/hello_world_robot/lib/pkgconfig:/opt/ros/melodic/lib/pkgconfig ROS_PACKAGE_PATH=/home/ubuntu/environment/aws-robomaker-sample-application-helloworld/robot_ws/install/turtlebot3_description_reduced_mesh/share:/home/ubuntu/environment/aws-robomaker-sample-application-helloworld/robot_ws/install/hello_world_robot/share:/opt/ros/melodic/share /usr/bin/cmake --build /home/ubuntu/environment/aws-robomaker-sample-application-helloworld/robot_ws/build/hello_world_robot --target install -- -j4 -l4
[2.922s] Built target hello_world_robot_xacro_generated_to_devel_space_
[2.978s] [36mInstall the project...[0m
[2.991s] -- Install configuration: ""
[2.993s] + cd /home/ubuntu/environment/aws-robomaker-sample-application-helloworld/robot_ws/src/hello_world_robot
[2.993s] + mkdir -p /home/ubuntu/environment/aws-robomaker-sample-application-helloworld/robot_ws/install/hello_world_robot/lib/python2.7/dist-packages
[2.995s] + /usr/bin/env PYTHONPATH=/home/ubuntu/environment/aws-robomaker-sample-application-helloworld/robot_ws/install/hello_world_robot/lib/python2.7/dist-packages:/home/ubuntu/environment/aws-robomaker-sample-application-helloworld/robot_ws/build/hello_world_robot/lib/python2.7/dist-packages:/home/ubuntu/environment/aws-robomaker-sample-application-helloworld/robot_ws/install/hello_world_robot/lib/python2.7/dist-packages:/opt/ros/melodic/lib/python2.7/dist-packages CATKIN_BINARY_DIR=/home/ubuntu/environment/aws-robomaker-sample-application-helloworld/robot_ws/build/hello_world_robot /usr/bin/python2 /home/ubuntu/environment/aws-robomaker-sample-application-helloworld/robot_ws/src/hello_world_robot/setup.py build --build-base /home/ubuntu/environment/aws-robomaker-sample-application-helloworld/robot_ws/build/hello_world_robot install --root=/ --install-layout=deb --prefix=/home/ubuntu/environment/aws-robomaker-sample-application-helloworld/robot_ws/install/hello_world_robot --install-scripts=/home/ubuntu/environment/aws-robomaker-sample-application-helloworld/robot_ws/install/hello_world_robot/bin
[3.058s] running build
[3.058s] running build_py
[3.059s] running install
[3.060s] running install_lib
[3.061s] running install_egg_info
[3.061s] Removing /home/ubuntu/environment/aws-robomaker-sample-application-helloworld/robot_ws/install/hello_world_robot/lib/python2.7/dist-packages/hello_world_robot-1.4.1.egg-info
[3.062s] Writing /home/ubuntu/environment/aws-robomaker-sample-application-helloworld/robot_ws/install/hello_world_robot/lib/python2.7/dist-packages/hello_world_robot-1.4.1.egg-info
[3.067s] -- Installing: /home/ubuntu/environment/aws-robomaker-sample-application-helloworld/robot_ws/install/hello_world_robot/lib/pkgconfig/hello_world_robot.pc
[3.067s] -- Up-to-date: /home/ubuntu/environment/aws-robomaker-sample-application-helloworld/robot_ws/install/hello_world_robot/share/hello_world_robot/cmake/hello_world_robotConfig.cmake
[3.068s] -- Up-to-date: /home/ubuntu/environment/aws-robomaker-sample-application-helloworld/robot_ws/install/hello_world_robot/share/hello_world_robot/cmake/hello_world_robotConfig-version.cmake
[3.068s] -- Up-to-date: /home/ubuntu/environment/aws-robomaker-sample-application-helloworld/robot_ws/install/hello_world_robot/share/hello_world_robot/package.xml
[3.068s] -- Installing: /home/ubuntu/environment/aws-robomaker-sample-application-helloworld/robot_ws/install/hello_world_robot/lib/hello_world_robot/rotate.py
[3.068s] -- Up-to-date: /home/ubuntu/environment/aws-robomaker-sample-application-helloworld/robot_ws/install/hello_world_robot/share/hello_world_robot/launch
[3.069s] -- Up-to-date: /home/ubuntu/environment/aws-robomaker-sample-application-helloworld/robot_ws/install/hello_world_robot/share/hello_world_robot/launch/deploy_rotate.launch
[3.069s] -- Up-to-date: /home/ubuntu/environment/aws-robomaker-sample-application-helloworld/robot_ws/install/hello_world_robot/share/hello_world_robot/launch/rotate.launch
[3.077s] -- Up-to-date: /home/ubuntu/environment/aws-robomaker-sample-application-helloworld/robot_ws/install/hello_world_robot/share/deploymentScripts
[3.077s] -- Up-to-date: /home/ubuntu/environment/aws-robomaker-sample-application-helloworld/robot_ws/install/hello_world_robot/share/deploymentScripts/post_launch_file.sh
[3.078s] -- Up-to-date: /home/ubuntu/environment/aws-robomaker-sample-application-helloworld/robot_ws/install/hello_world_robot/share/deploymentScripts/pre_launch_file.sh
[3.078s] -- Up-to-date: /home/ubuntu/environment/aws-robomaker-sample-application-helloworld/robot_ws/install/hello_world_robot/share/hello_world_robot/rviz/turtlebot3_model.rviz
[3.078s] Invoked command in '/home/ubuntu/environment/aws-robomaker-sample-application-helloworld/robot_ws/build/hello_world_robot' returned '0': CMAKE_PREFIX_PATH=/home/ubuntu/environment/aws-robomaker-sample-application-helloworld/robot_ws/install/turtlebot3_description_reduced_mesh:/home/ubuntu/environment/aws-robomaker-sample-application-helloworld/robot_ws/install/hello_world_robot:/opt/ros/melodic PKG_CONFIG_PATH=/home/ubuntu/environment/aws-robomaker-sample-application-helloworld/robot_ws/install/turtlebot3_description_reduced_mesh/lib/x86_64-linux-gnu/pkgconfig:/home/ubuntu/environment/aws-robomaker-sample-application-helloworld/robot_ws/install/turtlebot3_description_reduced_mesh/lib/pkgconfig:/home/ubuntu/environment/aws-robomaker-sample-application-helloworld/robot_ws/install/hello_world_robot/lib/x86_64-linux-gnu/pkgconfig:/home/ubuntu/environment/aws-robomaker-sample-application-helloworld/robot_ws/install/hello_world_robot/lib/pkgconfig:/opt/ros/melodic/lib/pkgconfig ROS_PACKAGE_PATH=/home/ubuntu/environment/aws-robomaker-sample-application-helloworld/robot_ws/install/turtlebot3_description_reduced_mesh/share:/home/ubuntu/environment/aws-robomaker-sample-application-helloworld/robot_ws/install/hello_world_robot/share:/opt/ros/melodic/share /usr/bin/cmake --build /home/ubuntu/environment/aws-robomaker-sample-application-helloworld/robot_ws/build/hello_world_robot --target install -- -j4 -l4
