[0.058s] Invoking command in '/home/ubuntu/environment/aws-robomaker-sample-application-helloworld/simulation_ws/build/hello_world_simulation': /usr/bin/cmake --build /home/ubuntu/environment/aws-robomaker-sample-application-helloworld/simulation_ws/build/hello_world_simulation -- -j4 -l4
[0.125s] Built target hello_world_simulation_xacro_generated_to_devel_space_
[0.137s] Invoked command in '/home/ubuntu/environment/aws-robomaker-sample-application-helloworld/simulation_ws/build/hello_world_simulation' returned '0': /usr/bin/cmake --build /home/ubuntu/environment/aws-robomaker-sample-application-helloworld/simulation_ws/build/hello_world_simulation -- -j4 -l4
[0.236s] Invoking command in '/home/ubuntu/environment/aws-robomaker-sample-application-helloworld/simulation_ws/build/hello_world_simulation': /usr/bin/cmake --build /home/ubuntu/environment/aws-robomaker-sample-application-helloworld/simulation_ws/build/hello_world_simulation --target tests -- -j4 -l4
[0.305s] Built target tests
[0.317s] Invoked command in '/home/ubuntu/environment/aws-robomaker-sample-application-helloworld/simulation_ws/build/hello_world_simulation' returned '0': /usr/bin/cmake --build /home/ubuntu/environment/aws-robomaker-sample-application-helloworld/simulation_ws/build/hello_world_simulation --target tests -- -j4 -l4
[0.401s] Invoking command in '/home/ubuntu/environment/aws-robomaker-sample-application-helloworld/simulation_ws/build/hello_world_simulation': /usr/bin/cmake --build /home/ubuntu/environment/aws-robomaker-sample-application-helloworld/simulation_ws/build/hello_world_simulation --target install -- -j4 -l4
[0.462s] Built target hello_world_simulation_xacro_generated_to_devel_space_
[0.478s] [36mInstall the project...[0m
[0.487s] -- Install configuration: ""
[0.488s] -- Up-to-date: /home/ubuntu/environment/aws-robomaker-sample-application-helloworld/simulation_ws/install/hello_world_simulation/lib/pkgconfig/hello_world_simulation.pc
[0.488s] -- Up-to-date: /home/ubuntu/environment/aws-robomaker-sample-application-helloworld/simulation_ws/install/hello_world_simulation/share/hello_world_simulation/cmake/hello_world_simulationConfig.cmake
[0.488s] -- Up-to-date: /home/ubuntu/environment/aws-robomaker-sample-application-helloworld/simulation_ws/install/hello_world_simulation/share/hello_world_simulation/cmake/hello_world_simulationConfig-version.cmake
[0.488s] -- Up-to-date: /home/ubuntu/environment/aws-robomaker-sample-application-helloworld/simulation_ws/install/hello_world_simulation/share/hello_world_simulation/package.xml
[0.489s] -- Up-to-date: /home/ubuntu/environment/aws-robomaker-sample-application-helloworld/simulation_ws/install/hello_world_simulation/share/hello_world_simulation/launch
[0.489s] -- Up-to-date: /home/ubuntu/environment/aws-robomaker-sample-application-helloworld/simulation_ws/install/hello_world_simulation/share/hello_world_simulation/launch/view_empty_world.launch
[0.489s] -- Up-to-date: /home/ubuntu/environment/aws-robomaker-sample-application-helloworld/simulation_ws/install/hello_world_simulation/share/hello_world_simulation/launch/empty_world.launch
[0.489s] -- Up-to-date: /home/ubuntu/environment/aws-robomaker-sample-application-helloworld/simulation_ws/install/hello_world_simulation/share/hello_world_simulation/launch/worldforge_world.launch
[0.489s] -- Up-to-date: /home/ubuntu/environment/aws-robomaker-sample-application-helloworld/simulation_ws/install/hello_world_simulation/share/hello_world_simulation/worlds
[0.490s] -- Up-to-date: /home/ubuntu/environment/aws-robomaker-sample-application-helloworld/simulation_ws/install/hello_world_simulation/share/hello_world_simulation/worlds/empty.world
[0.490s] -- Up-to-date: /home/ubuntu/environment/aws-robomaker-sample-application-helloworld/simulation_ws/install/hello_world_simulation/share/hello_world_simulation/rviz/turtlebot3_model.rviz
[0.492s] Invoked command in '/home/ubuntu/environment/aws-robomaker-sample-application-helloworld/simulation_ws/build/hello_world_simulation' returned '0': /usr/bin/cmake --build /home/ubuntu/environment/aws-robomaker-sample-application-helloworld/simulation_ws/build/hello_world_simulation --target install -- -j4 -l4
