[0.000000] (-) TimerEvent: {}
[0.000349] (turtlebot3_description_reduced_mesh) JobQueued: {'identifier': 'turtlebot3_description_reduced_mesh', 'dependencies': OrderedDict()}
[0.000425] (hello_world_robot) JobQueued: {'identifier': 'hello_world_robot', 'dependencies': OrderedDict([('turtlebot3_description_reduced_mesh', '/home/ubuntu/environment/aws-robomaker-sample-application-helloworld/robot_ws/install/turtlebot3_description_reduced_mesh')])}
[0.001030] (turtlebot3_description_reduced_mesh) JobStarted: {'identifier': 'turtlebot3_description_reduced_mesh'}
[0.035586] (turtlebot3_description_reduced_mesh) JobProgress: {'identifier': 'turtlebot3_description_reduced_mesh', 'progress': 'cmake'}
[0.036165] (turtlebot3_description_reduced_mesh) Command: {'cmd': ['/usr/bin/cmake', '/home/ubuntu/environment/aws-robomaker-sample-application-helloworld/robot_ws/src/deps/turtlebot3-description-reduced-mesh', '-DCATKIN_INSTALL_INTO_PREFIX_ROOT=0', '-DCMAKE_INSTALL_PREFIX=/home/ubuntu/environment/aws-robomaker-sample-application-helloworld/robot_ws/install/turtlebot3_description_reduced_mesh'], 'cwd': '/home/ubuntu/environment/aws-robomaker-sample-application-helloworld/robot_ws/build/turtlebot3_description_reduced_mesh', 'env': OrderedDict([('HISTFILESIZE', '100000'), ('TMUX', '/tmp/tmux-1000/cloud92.2,7027,2'), ('MAIL', '/var/mail/ubuntu'), ('USER', 'ubuntu'), ('SSH_CLIENT', '18.188.9.34 45920 22'), ('ROS_PACKAGE_PATH', '/opt/ros/melodic/share'), ('LD_LIBRARY_PATH', '/opt/ros/melodic/lib'), ('ROS_ETC_DIR', '/opt/ros/melodic/etc/ros'), ('SHLVL', '4'), ('OLDPWD', '/home/ubuntu/environment/aws-robomaker-sample-application-helloworld/simulation_ws'), ('HOME', '/home/ubuntu'), ('PORT', '8080'), ('ISOUTPUTPANE', '0'), ('NVM_BIN', '/home/ubuntu/.nvm/versions/node/v8.17.0/bin'), ('NVM_NODEJS_ORG_MIRROR', 'https://nodejs.org/dist'), ('ROS_PYTHON_VERSION', '2'), ('C9_USER', 'root'), ('NVM_DIR', '/home/ubuntu/.nvm'), ('NVM_PATH', '/home/ubuntu/.nvm/versions/node/v8.17.0/lib/node'), ('ROS_DISTRO', 'melodic'), ('HGUSER', 'root'), ('LOGNAME', 'ubuntu'), ('rvm_bin_path', '/usr/local/rvm/bin'), ('_', '/usr/local/bin/colcon'), ('RUBY_VERSION', 'ruby-2.6.6'), ('ROS_VERSION', '1'), ('C9_PORT', '8080'), ('PKG_CONFIG_PATH', '/opt/ros/melodic/lib/pkgconfig'), ('IRBRC', '/usr/local/rvm/rubies/ruby-2.6.6/.irbrc'), ('XDG_SESSION_ID', '87'), ('TERM', 'xterm-256color'), ('PATH', '/home/ubuntu/.nvm/versions/node/v8.17.0/bin:/opt/ros/melodic/bin:/usr/local/rvm/gems/ruby-2.6.6/bin:/usr/local/rvm/gems/ruby-2.6.6@global/bin:/usr/local/rvm/rubies/ruby-2.6.6/bin:/usr/local/sbin:/usr/local/bin:/usr/sbin:/usr/bin:/sbin:/bin:/usr/games:/usr/local/games:/snap/bin:/home/ubuntu/.local/bin:/home/ubuntu/bin:/home/ubuntu/.local/bin:/home/ubuntu/bin:/usr/local/rvm/bin:/home/ubuntu/.local/bin:/home/ubuntu/bin'), ('NVM_IOJS_ORG_MIRROR', 'https://iojs.org/dist'), ('XDG_RUNTIME_DIR', '/run/user/1000'), ('MY_RUBY_HOME', '/usr/local/rvm/rubies/ruby-2.6.6'), ('LANG', 'C.UTF-8'), ('HISTSIZE', '100000'), ('ROS_ROOT', '/opt/ros/melodic/share/ros'), ('ROSLISP_PACKAGE_DIRECTORIES', ''), ('C9_HOSTNAME', '18.224.182.144'), ('NODE_PATH', '/home/ubuntu/.c9/node_modules'), ('SHELL', '/bin/bash'), ('ROS_MASTER_URI', 'http://localhost:11311'), ('rvm_prefix', '/usr/local'), ('PROMPT_COMMAND', 'history -a;'), ('GEM_HOME', '/usr/local/rvm/gems/ruby-2.6.6'), ('C9_PID', '7b743f9ec4604edabf6b35e8d9b6071f'), ('rvm_version', '1.29.12 (latest)'), ('C9_PROJECT', 'lab1-ros-melodic'), ('PWD', '/home/ubuntu/environment/aws-robomaker-sample-application-helloworld/robot_ws/build/turtlebot3_description_reduced_mesh'), ('GEM_PATH', '/usr/local/rvm/gems/ruby-2.6.6:/usr/local/rvm/gems/ruby-2.6.6@global'), ('SSH_CONNECTION', '18.188.9.34 45920 172.31.41.254 22'), ('NVM_CD_FLAGS', ''), ('XDG_DATA_DIRS', '/usr/local/share:/usr/share:/var/lib/snapd/desktop'), ('IP', '127.0.0.1'), ('PYTHONPATH', '/opt/ros/melodic/lib/python2.7/dist-packages'), ('COLCON', '1'), ('rvm_path', '/usr/local/rvm'), ('TMUX_PANE', '%2'), ('MANPATH', '/home/ubuntu/.nvm/versions/node/v8.17.0/share/man:/usr/local/rvm/rubies/ruby-2.6.6/share/man:/usr/local/man:/usr/local/share/man:/usr/share/man:/usr/local/rvm/man'), ('EDITOR', ''), ('CMAKE_PREFIX_PATH', '/opt/ros/melodic')]), 'shell': False}
[0.099904] (-) TimerEvent: {}
[0.200350] (-) TimerEvent: {}
[0.300665] (-) TimerEvent: {}
[0.400952] (-) TimerEvent: {}
[0.501351] (-) TimerEvent: {}
[0.601775] (-) TimerEvent: {}
[0.702238] (-) TimerEvent: {}
[0.802563] (-) TimerEvent: {}
[0.902861] (-) TimerEvent: {}
[1.003170] (-) TimerEvent: {}
[1.103549] (-) TimerEvent: {}
[1.203795] (-) TimerEvent: {}
[1.304085] (-) TimerEvent: {}
[1.404484] (-) TimerEvent: {}
[1.504912] (-) TimerEvent: {}
[1.605437] (-) TimerEvent: {}
[1.705865] (-) TimerEvent: {}
[1.806180] (-) TimerEvent: {}
[1.906481] (-) TimerEvent: {}
[2.006868] (-) TimerEvent: {}
[2.107115] (-) TimerEvent: {}
[2.207411] (-) TimerEvent: {}
[2.307651] (-) TimerEvent: {}
[2.407951] (-) TimerEvent: {}
[2.508340] (-) TimerEvent: {}
[2.608814] (-) TimerEvent: {}
[2.709086] (-) TimerEvent: {}
[2.809401] (-) TimerEvent: {}
[2.909837] (-) TimerEvent: {}
[3.010291] (-) TimerEvent: {}
[3.110759] (-) TimerEvent: {}
[3.211195] (-) TimerEvent: {}
[3.311623] (-) TimerEvent: {}
[3.411901] (-) TimerEvent: {}
[3.512179] (-) TimerEvent: {}
[3.612526] (-) TimerEvent: {}
[3.712963] (-) TimerEvent: {}
[3.813431] (-) TimerEvent: {}
[3.913876] (-) TimerEvent: {}
[4.014311] (-) TimerEvent: {}
[4.114736] (-) TimerEvent: {}
[4.215124] (-) TimerEvent: {}
[4.315590] (-) TimerEvent: {}
[4.415899] (-) TimerEvent: {}
[4.516266] (-) TimerEvent: {}
[4.616794] (-) TimerEvent: {}
[4.717068] (-) TimerEvent: {}
[4.817361] (-) TimerEvent: {}
[4.917789] (-) TimerEvent: {}
[5.018182] (-) TimerEvent: {}
[5.118607] (-) TimerEvent: {}
[5.219007] (-) TimerEvent: {}
[5.319276] (-) TimerEvent: {}
[5.419548] (-) TimerEvent: {}
[5.519867] (-) TimerEvent: {}
[5.620302] (-) TimerEvent: {}
[5.720794] (-) TimerEvent: {}
[5.821229] (-) TimerEvent: {}
[5.921629] (-) TimerEvent: {}
[6.021886] (-) TimerEvent: {}
[6.122151] (-) TimerEvent: {}
[6.222408] (-) TimerEvent: {}
[6.322732] (-) TimerEvent: {}
[6.423050] (-) TimerEvent: {}
[6.523386] (-) TimerEvent: {}
[6.623776] (-) TimerEvent: {}
[6.724221] (-) TimerEvent: {}
[6.824505] (-) TimerEvent: {}
[6.924795] (-) TimerEvent: {}
[7.025106] (-) TimerEvent: {}
[7.106369] (turtlebot3_description_reduced_mesh) StdoutLine: {'line': b'-- The C compiler identification is GNU 7.5.0\n'}
[7.125231] (-) TimerEvent: {}
[7.225566] (-) TimerEvent: {}
[7.326071] (-) TimerEvent: {}
[7.426495] (-) TimerEvent: {}
[7.526960] (-) TimerEvent: {}
[7.627402] (-) TimerEvent: {}
[7.727847] (-) TimerEvent: {}
[7.828188] (-) TimerEvent: {}
[7.928546] (-) TimerEvent: {}
[8.028836] (-) TimerEvent: {}
[8.129174] (-) TimerEvent: {}
[8.229585] (-) TimerEvent: {}
[8.329999] (-) TimerEvent: {}
[8.430351] (-) TimerEvent: {}
[8.530687] (-) TimerEvent: {}
[8.631102] (-) TimerEvent: {}
[8.731455] (-) TimerEvent: {}
[8.831783] (-) TimerEvent: {}
[8.932083] (-) TimerEvent: {}
[9.032444] (-) TimerEvent: {}
[9.132779] (-) TimerEvent: {}
[9.233242] (-) TimerEvent: {}
[9.333648] (-) TimerEvent: {}
[9.433899] (-) TimerEvent: {}
[9.534237] (-) TimerEvent: {}
[9.634713] (-) TimerEvent: {}
[9.735039] (-) TimerEvent: {}
[9.835324] (-) TimerEvent: {}
[9.935704] (-) TimerEvent: {}
[10.036112] (-) TimerEvent: {}
[10.136362] (-) TimerEvent: {}
[10.236666] (-) TimerEvent: {}
[10.337045] (-) TimerEvent: {}
[10.437378] (-) TimerEvent: {}
[10.537832] (-) TimerEvent: {}
[10.638208] (-) TimerEvent: {}
[10.738518] (-) TimerEvent: {}
[10.838884] (-) TimerEvent: {}
[10.939125] (-) TimerEvent: {}
[11.039432] (-) TimerEvent: {}
[11.139793] (-) TimerEvent: {}
[11.240195] (-) TimerEvent: {}
[11.340510] (-) TimerEvent: {}
[11.341597] (turtlebot3_description_reduced_mesh) StdoutLine: {'line': b'-- The CXX compiler identification is GNU 7.5.0\n'}
[11.351011] (turtlebot3_description_reduced_mesh) StdoutLine: {'line': b'-- Check for working C compiler: /usr/bin/cc\n'}
[11.419061] (turtlebot3_description_reduced_mesh) StdoutLine: {'line': b'-- Check for working C compiler: /usr/bin/cc -- works\n'}
[11.420512] (turtlebot3_description_reduced_mesh) StdoutLine: {'line': b'-- Detecting C compiler ABI info\n'}
[11.440645] (-) TimerEvent: {}
[11.484814] (turtlebot3_description_reduced_mesh) StdoutLine: {'line': b'-- Detecting C compiler ABI info - done\n'}
[11.494800] (turtlebot3_description_reduced_mesh) StdoutLine: {'line': b'-- Detecting C compile features\n'}
[11.540795] (-) TimerEvent: {}
[11.641066] (-) TimerEvent: {}
[11.741460] (-) TimerEvent: {}
[11.765805] (turtlebot3_description_reduced_mesh) StdoutLine: {'line': b'-- Detecting C compile features - done\n'}
[11.770881] (turtlebot3_description_reduced_mesh) StdoutLine: {'line': b'-- Check for working CXX compiler: /usr/bin/c++\n'}
[11.841610] (-) TimerEvent: {}
[11.844745] (turtlebot3_description_reduced_mesh) StdoutLine: {'line': b'-- Check for working CXX compiler: /usr/bin/c++ -- works\n'}
[11.845578] (turtlebot3_description_reduced_mesh) StdoutLine: {'line': b'-- Detecting CXX compiler ABI info\n'}
[11.919932] (turtlebot3_description_reduced_mesh) StdoutLine: {'line': b'-- Detecting CXX compiler ABI info - done\n'}
[11.929081] (turtlebot3_description_reduced_mesh) StdoutLine: {'line': b'-- Detecting CXX compile features\n'}
[11.941750] (-) TimerEvent: {}
[12.042101] (-) TimerEvent: {}
[12.142539] (-) TimerEvent: {}
[12.242912] (-) TimerEvent: {}
[12.263283] (turtlebot3_description_reduced_mesh) StdoutLine: {'line': b'-- Detecting CXX compile features - done\n'}
[12.266738] (turtlebot3_description_reduced_mesh) StdoutLine: {'line': b'-- Using CATKIN_DEVEL_PREFIX: /home/ubuntu/environment/aws-robomaker-sample-application-helloworld/robot_ws/build/turtlebot3_description_reduced_mesh/devel\n'}
[12.267035] (turtlebot3_description_reduced_mesh) StdoutLine: {'line': b'-- Using CMAKE_PREFIX_PATH: /opt/ros/melodic\n'}
[12.267289] (turtlebot3_description_reduced_mesh) StdoutLine: {'line': b'-- This workspace overlays: /opt/ros/melodic\n'}
[12.343094] (-) TimerEvent: {}
[12.443584] (-) TimerEvent: {}
[12.475641] (turtlebot3_description_reduced_mesh) StdoutLine: {'line': b'-- Found PythonInterp: /usr/bin/python2 (found suitable version "2.7.17", minimum required is "2") \n'}
[12.475970] (turtlebot3_description_reduced_mesh) StdoutLine: {'line': b'-- Using PYTHON_EXECUTABLE: /usr/bin/python2\n'}
[12.476096] (turtlebot3_description_reduced_mesh) StdoutLine: {'line': b'-- Using Debian Python package layout\n'}
[12.476675] (turtlebot3_description_reduced_mesh) StdoutLine: {'line': b'-- Using empy: /usr/bin/empy\n'}
[12.543756] (-) TimerEvent: {}
[12.637532] (turtlebot3_description_reduced_mesh) StdoutLine: {'line': b'-- Using CATKIN_ENABLE_TESTING: ON\n'}
[12.637727] (turtlebot3_description_reduced_mesh) StdoutLine: {'line': b'-- Call enable_testing()\n'}
[12.639618] (turtlebot3_description_reduced_mesh) StdoutLine: {'line': b'-- Using CATKIN_TEST_RESULTS_DIR: /home/ubuntu/environment/aws-robomaker-sample-application-helloworld/robot_ws/build/turtlebot3_description_reduced_mesh/test_results\n'}
[12.643885] (-) TimerEvent: {}
[12.659013] (turtlebot3_description_reduced_mesh) StdoutLine: {'line': b"-- Found gtest sources under '/usr/src/googletest': gtests will be built\n"}
[12.659292] (turtlebot3_description_reduced_mesh) StdoutLine: {'line': b"-- Found gmock sources under '/usr/src/googletest': gmock will be built\n"}
[12.740404] (turtlebot3_description_reduced_mesh) StdoutLine: {'line': b'-- Found PythonInterp: /usr/bin/python2 (found version "2.7.17") \n'}
[12.743336] (turtlebot3_description_reduced_mesh) StdoutLine: {'line': b'-- Looking for pthread.h\n'}
[12.744021] (-) TimerEvent: {}
[12.844328] (-) TimerEvent: {}
[12.944709] (-) TimerEvent: {}
[13.045095] (-) TimerEvent: {}
[13.075939] (turtlebot3_description_reduced_mesh) StdoutLine: {'line': b'-- Looking for pthread.h - found\n'}
[13.077038] (turtlebot3_description_reduced_mesh) StdoutLine: {'line': b'-- Looking for pthread_create\n'}
[13.143712] (turtlebot3_description_reduced_mesh) StdoutLine: {'line': b'-- Looking for pthread_create - not found\n'}
[13.144158] (turtlebot3_description_reduced_mesh) StdoutLine: {'line': b'-- Looking for pthread_create in pthreads\n'}
[13.145235] (-) TimerEvent: {}
[13.198589] (turtlebot3_description_reduced_mesh) StdoutLine: {'line': b'-- Looking for pthread_create in pthreads - not found\n'}
[13.198936] (turtlebot3_description_reduced_mesh) StdoutLine: {'line': b'-- Looking for pthread_create in pthread\n'}
[13.245407] (-) TimerEvent: {}
[13.264203] (turtlebot3_description_reduced_mesh) StdoutLine: {'line': b'-- Looking for pthread_create in pthread - found\n'}
[13.265580] (turtlebot3_description_reduced_mesh) StdoutLine: {'line': b'-- Found Threads: TRUE  \n'}
[13.270634] (turtlebot3_description_reduced_mesh) StdoutLine: {'line': b'-- Using Python nosetests: /usr/bin/nosetests-2.7\n'}
[13.345604] (-) TimerEvent: {}
[13.446068] (-) TimerEvent: {}
[13.546492] (-) TimerEvent: {}
[13.646794] (-) TimerEvent: {}
[13.747157] (-) TimerEvent: {}
[13.847557] (-) TimerEvent: {}
[13.947842] (-) TimerEvent: {}
[13.995462] (turtlebot3_description_reduced_mesh) StdoutLine: {'line': b'-- catkin 0.7.29\n'}
[13.995665] (turtlebot3_description_reduced_mesh) StdoutLine: {'line': b'-- BUILD_SHARED_LIBS is on\n'}
[14.048040] (-) TimerEvent: {}
[14.148496] (-) TimerEvent: {}
[14.241082] (turtlebot3_description_reduced_mesh) StdoutLine: {'line': b'-- Using these message generators: gencpp;geneus;genlisp;gennodejs;genpy\n'}
[14.248625] (-) TimerEvent: {}
[14.348936] (-) TimerEvent: {}
[14.449311] (-) TimerEvent: {}
[14.549688] (-) TimerEvent: {}
[14.650060] (-) TimerEvent: {}
[14.670439] (turtlebot3_description_reduced_mesh) StdoutLine: {'line': b'-- Configuring done\n'}
[14.700704] (turtlebot3_description_reduced_mesh) StdoutLine: {'line': b'-- Generating done\n'}
[14.709851] (turtlebot3_description_reduced_mesh) StdoutLine: {'line': b'-- Build files have been written to: /home/ubuntu/environment/aws-robomaker-sample-application-helloworld/robot_ws/build/turtlebot3_description_reduced_mesh\n'}
[14.714454] (turtlebot3_description_reduced_mesh) CommandEnded: {'returncode': 0}
[14.715193] (turtlebot3_description_reduced_mesh) JobProgress: {'identifier': 'turtlebot3_description_reduced_mesh', 'progress': 'build'}
[14.717562] (turtlebot3_description_reduced_mesh) Command: {'cmd': ['/usr/bin/cmake', '--build', '/home/ubuntu/environment/aws-robomaker-sample-application-helloworld/robot_ws/build/turtlebot3_description_reduced_mesh', '--', '-j4', '-l4'], 'cwd': '/home/ubuntu/environment/aws-robomaker-sample-application-helloworld/robot_ws/build/turtlebot3_description_reduced_mesh', 'env': OrderedDict([('HISTFILESIZE', '100000'), ('TMUX', '/tmp/tmux-1000/cloud92.2,7027,2'), ('MAIL', '/var/mail/ubuntu'), ('USER', 'ubuntu'), ('SSH_CLIENT', '18.188.9.34 45920 22'), ('ROS_PACKAGE_PATH', '/opt/ros/melodic/share'), ('LD_LIBRARY_PATH', '/opt/ros/melodic/lib'), ('ROS_ETC_DIR', '/opt/ros/melodic/etc/ros'), ('SHLVL', '4'), ('OLDPWD', '/home/ubuntu/environment/aws-robomaker-sample-application-helloworld/simulation_ws'), ('HOME', '/home/ubuntu'), ('PORT', '8080'), ('ISOUTPUTPANE', '0'), ('NVM_BIN', '/home/ubuntu/.nvm/versions/node/v8.17.0/bin'), ('NVM_NODEJS_ORG_MIRROR', 'https://nodejs.org/dist'), ('ROS_PYTHON_VERSION', '2'), ('C9_USER', 'root'), ('NVM_DIR', '/home/ubuntu/.nvm'), ('NVM_PATH', '/home/ubuntu/.nvm/versions/node/v8.17.0/lib/node'), ('ROS_DISTRO', 'melodic'), ('HGUSER', 'root'), ('LOGNAME', 'ubuntu'), ('rvm_bin_path', '/usr/local/rvm/bin'), ('_', '/usr/local/bin/colcon'), ('RUBY_VERSION', 'ruby-2.6.6'), ('ROS_VERSION', '1'), ('C9_PORT', '8080'), ('PKG_CONFIG_PATH', '/opt/ros/melodic/lib/pkgconfig'), ('IRBRC', '/usr/local/rvm/rubies/ruby-2.6.6/.irbrc'), ('XDG_SESSION_ID', '87'), ('TERM', 'xterm-256color'), ('PATH', '/home/ubuntu/.nvm/versions/node/v8.17.0/bin:/opt/ros/melodic/bin:/usr/local/rvm/gems/ruby-2.6.6/bin:/usr/local/rvm/gems/ruby-2.6.6@global/bin:/usr/local/rvm/rubies/ruby-2.6.6/bin:/usr/local/sbin:/usr/local/bin:/usr/sbin:/usr/bin:/sbin:/bin:/usr/games:/usr/local/games:/snap/bin:/home/ubuntu/.local/bin:/home/ubuntu/bin:/home/ubuntu/.local/bin:/home/ubuntu/bin:/usr/local/rvm/bin:/home/ubuntu/.local/bin:/home/ubuntu/bin'), ('NVM_IOJS_ORG_MIRROR', 'https://iojs.org/dist'), ('XDG_RUNTIME_DIR', '/run/user/1000'), ('MY_RUBY_HOME', '/usr/local/rvm/rubies/ruby-2.6.6'), ('LANG', 'C.UTF-8'), ('HISTSIZE', '100000'), ('ROS_ROOT', '/opt/ros/melodic/share/ros'), ('ROSLISP_PACKAGE_DIRECTORIES', ''), ('C9_HOSTNAME', '18.224.182.144'), ('NODE_PATH', '/home/ubuntu/.c9/node_modules'), ('SHELL', '/bin/bash'), ('ROS_MASTER_URI', 'http://localhost:11311'), ('rvm_prefix', '/usr/local'), ('PROMPT_COMMAND', 'history -a;'), ('GEM_HOME', '/usr/local/rvm/gems/ruby-2.6.6'), ('C9_PID', '7b743f9ec4604edabf6b35e8d9b6071f'), ('rvm_version', '1.29.12 (latest)'), ('C9_PROJECT', 'lab1-ros-melodic'), ('PWD', '/home/ubuntu/environment/aws-robomaker-sample-application-helloworld/robot_ws/build/turtlebot3_description_reduced_mesh'), ('GEM_PATH', '/usr/local/rvm/gems/ruby-2.6.6:/usr/local/rvm/gems/ruby-2.6.6@global'), ('SSH_CONNECTION', '18.188.9.34 45920 172.31.41.254 22'), ('NVM_CD_FLAGS', ''), ('XDG_DATA_DIRS', '/usr/local/share:/usr/share:/var/lib/snapd/desktop'), ('IP', '127.0.0.1'), ('PYTHONPATH', '/opt/ros/melodic/lib/python2.7/dist-packages'), ('COLCON', '1'), ('rvm_path', '/usr/local/rvm'), ('TMUX_PANE', '%2'), ('MANPATH', '/home/ubuntu/.nvm/versions/node/v8.17.0/share/man:/usr/local/rvm/rubies/ruby-2.6.6/share/man:/usr/local/man:/usr/local/share/man:/usr/share/man:/usr/local/rvm/man'), ('EDITOR', ''), ('CMAKE_PREFIX_PATH', '/opt/ros/melodic')]), 'shell': False}
[14.750236] (-) TimerEvent: {}
[14.760188] (turtlebot3_description_reduced_mesh) CommandEnded: {'returncode': 0}
[14.823599] (turtlebot3_description_reduced_mesh) JobProgress: {'identifier': 'turtlebot3_description_reduced_mesh', 'progress': "build target 'tests'"}
[14.824817] (turtlebot3_description_reduced_mesh) Command: {'cmd': ['/usr/bin/cmake', '--build', '/home/ubuntu/environment/aws-robomaker-sample-application-helloworld/robot_ws/build/turtlebot3_description_reduced_mesh', '--target', 'tests', '--', '-j4', '-l4'], 'cwd': '/home/ubuntu/environment/aws-robomaker-sample-application-helloworld/robot_ws/build/turtlebot3_description_reduced_mesh', 'env': OrderedDict([('HISTFILESIZE', '100000'), ('TMUX', '/tmp/tmux-1000/cloud92.2,7027,2'), ('MAIL', '/var/mail/ubuntu'), ('USER', 'ubuntu'), ('SSH_CLIENT', '18.188.9.34 45920 22'), ('ROS_PACKAGE_PATH', '/opt/ros/melodic/share'), ('LD_LIBRARY_PATH', '/opt/ros/melodic/lib'), ('ROS_ETC_DIR', '/opt/ros/melodic/etc/ros'), ('SHLVL', '4'), ('OLDPWD', '/home/ubuntu/environment/aws-robomaker-sample-application-helloworld/simulation_ws'), ('HOME', '/home/ubuntu'), ('PORT', '8080'), ('ISOUTPUTPANE', '0'), ('NVM_BIN', '/home/ubuntu/.nvm/versions/node/v8.17.0/bin'), ('NVM_NODEJS_ORG_MIRROR', 'https://nodejs.org/dist'), ('ROS_PYTHON_VERSION', '2'), ('C9_USER', 'root'), ('NVM_DIR', '/home/ubuntu/.nvm'), ('NVM_PATH', '/home/ubuntu/.nvm/versions/node/v8.17.0/lib/node'), ('ROS_DISTRO', 'melodic'), ('HGUSER', 'root'), ('LOGNAME', 'ubuntu'), ('rvm_bin_path', '/usr/local/rvm/bin'), ('_', '/usr/local/bin/colcon'), ('RUBY_VERSION', 'ruby-2.6.6'), ('ROS_VERSION', '1'), ('C9_PORT', '8080'), ('PKG_CONFIG_PATH', '/opt/ros/melodic/lib/pkgconfig'), ('IRBRC', '/usr/local/rvm/rubies/ruby-2.6.6/.irbrc'), ('XDG_SESSION_ID', '87'), ('TERM', 'xterm-256color'), ('PATH', '/home/ubuntu/.nvm/versions/node/v8.17.0/bin:/opt/ros/melodic/bin:/usr/local/rvm/gems/ruby-2.6.6/bin:/usr/local/rvm/gems/ruby-2.6.6@global/bin:/usr/local/rvm/rubies/ruby-2.6.6/bin:/usr/local/sbin:/usr/local/bin:/usr/sbin:/usr/bin:/sbin:/bin:/usr/games:/usr/local/games:/snap/bin:/home/ubuntu/.local/bin:/home/ubuntu/bin:/home/ubuntu/.local/bin:/home/ubuntu/bin:/usr/local/rvm/bin:/home/ubuntu/.local/bin:/home/ubuntu/bin'), ('NVM_IOJS_ORG_MIRROR', 'https://iojs.org/dist'), ('XDG_RUNTIME_DIR', '/run/user/1000'), ('MY_RUBY_HOME', '/usr/local/rvm/rubies/ruby-2.6.6'), ('LANG', 'C.UTF-8'), ('HISTSIZE', '100000'), ('ROS_ROOT', '/opt/ros/melodic/share/ros'), ('ROSLISP_PACKAGE_DIRECTORIES', ''), ('C9_HOSTNAME', '18.224.182.144'), ('NODE_PATH', '/home/ubuntu/.c9/node_modules'), ('SHELL', '/bin/bash'), ('ROS_MASTER_URI', 'http://localhost:11311'), ('rvm_prefix', '/usr/local'), ('PROMPT_COMMAND', 'history -a;'), ('GEM_HOME', '/usr/local/rvm/gems/ruby-2.6.6'), ('C9_PID', '7b743f9ec4604edabf6b35e8d9b6071f'), ('rvm_version', '1.29.12 (latest)'), ('C9_PROJECT', 'lab1-ros-melodic'), ('PWD', '/home/ubuntu/environment/aws-robomaker-sample-application-helloworld/robot_ws/build/turtlebot3_description_reduced_mesh'), ('GEM_PATH', '/usr/local/rvm/gems/ruby-2.6.6:/usr/local/rvm/gems/ruby-2.6.6@global'), ('SSH_CONNECTION', '18.188.9.34 45920 172.31.41.254 22'), ('NVM_CD_FLAGS', ''), ('XDG_DATA_DIRS', '/usr/local/share:/usr/share:/var/lib/snapd/desktop'), ('IP', '127.0.0.1'), ('PYTHONPATH', '/opt/ros/melodic/lib/python2.7/dist-packages'), ('COLCON', '1'), ('rvm_path', '/usr/local/rvm'), ('TMUX_PANE', '%2'), ('MANPATH', '/home/ubuntu/.nvm/versions/node/v8.17.0/share/man:/usr/local/rvm/rubies/ruby-2.6.6/share/man:/usr/local/man:/usr/local/share/man:/usr/share/man:/usr/local/rvm/man'), ('EDITOR', ''), ('CMAKE_PREFIX_PATH', '/opt/ros/melodic')]), 'shell': False}
[14.850383] (-) TimerEvent: {}
[14.878465] (turtlebot3_description_reduced_mesh) StdoutLine: {'line': b'\x1b[35m\x1b[1mScanning dependencies of target tests\x1b[0m\n'}
[14.888120] (turtlebot3_description_reduced_mesh) StdoutLine: {'line': b'Built target tests\n'}
[14.898316] (turtlebot3_description_reduced_mesh) CommandEnded: {'returncode': 0}
[14.950616] (-) TimerEvent: {}
[14.961451] (turtlebot3_description_reduced_mesh) JobProgress: {'identifier': 'turtlebot3_description_reduced_mesh', 'progress': 'install'}
[14.971940] (turtlebot3_description_reduced_mesh) Command: {'cmd': ['/usr/bin/cmake', '--build', '/home/ubuntu/environment/aws-robomaker-sample-application-helloworld/robot_ws/build/turtlebot3_description_reduced_mesh', '--target', 'install', '--', '-j4', '-l4'], 'cwd': '/home/ubuntu/environment/aws-robomaker-sample-application-helloworld/robot_ws/build/turtlebot3_description_reduced_mesh', 'env': OrderedDict([('HISTFILESIZE', '100000'), ('TMUX', '/tmp/tmux-1000/cloud92.2,7027,2'), ('MAIL', '/var/mail/ubuntu'), ('USER', 'ubuntu'), ('SSH_CLIENT', '18.188.9.34 45920 22'), ('ROS_PACKAGE_PATH', '/opt/ros/melodic/share'), ('LD_LIBRARY_PATH', '/opt/ros/melodic/lib'), ('ROS_ETC_DIR', '/opt/ros/melodic/etc/ros'), ('SHLVL', '4'), ('OLDPWD', '/home/ubuntu/environment/aws-robomaker-sample-application-helloworld/simulation_ws'), ('HOME', '/home/ubuntu'), ('PORT', '8080'), ('ISOUTPUTPANE', '0'), ('NVM_BIN', '/home/ubuntu/.nvm/versions/node/v8.17.0/bin'), ('NVM_NODEJS_ORG_MIRROR', 'https://nodejs.org/dist'), ('ROS_PYTHON_VERSION', '2'), ('C9_USER', 'root'), ('NVM_DIR', '/home/ubuntu/.nvm'), ('NVM_PATH', '/home/ubuntu/.nvm/versions/node/v8.17.0/lib/node'), ('ROS_DISTRO', 'melodic'), ('HGUSER', 'root'), ('LOGNAME', 'ubuntu'), ('rvm_bin_path', '/usr/local/rvm/bin'), ('_', '/usr/local/bin/colcon'), ('RUBY_VERSION', 'ruby-2.6.6'), ('ROS_VERSION', '1'), ('C9_PORT', '8080'), ('PKG_CONFIG_PATH', '/opt/ros/melodic/lib/pkgconfig'), ('IRBRC', '/usr/local/rvm/rubies/ruby-2.6.6/.irbrc'), ('XDG_SESSION_ID', '87'), ('TERM', 'xterm-256color'), ('PATH', '/home/ubuntu/.nvm/versions/node/v8.17.0/bin:/opt/ros/melodic/bin:/usr/local/rvm/gems/ruby-2.6.6/bin:/usr/local/rvm/gems/ruby-2.6.6@global/bin:/usr/local/rvm/rubies/ruby-2.6.6/bin:/usr/local/sbin:/usr/local/bin:/usr/sbin:/usr/bin:/sbin:/bin:/usr/games:/usr/local/games:/snap/bin:/home/ubuntu/.local/bin:/home/ubuntu/bin:/home/ubuntu/.local/bin:/home/ubuntu/bin:/usr/local/rvm/bin:/home/ubuntu/.local/bin:/home/ubuntu/bin'), ('NVM_IOJS_ORG_MIRROR', 'https://iojs.org/dist'), ('XDG_RUNTIME_DIR', '/run/user/1000'), ('MY_RUBY_HOME', '/usr/local/rvm/rubies/ruby-2.6.6'), ('LANG', 'C.UTF-8'), ('HISTSIZE', '100000'), ('ROS_ROOT', '/opt/ros/melodic/share/ros'), ('ROSLISP_PACKAGE_DIRECTORIES', ''), ('C9_HOSTNAME', '18.224.182.144'), ('NODE_PATH', '/home/ubuntu/.c9/node_modules'), ('SHELL', '/bin/bash'), ('ROS_MASTER_URI', 'http://localhost:11311'), ('rvm_prefix', '/usr/local'), ('PROMPT_COMMAND', 'history -a;'), ('GEM_HOME', '/usr/local/rvm/gems/ruby-2.6.6'), ('C9_PID', '7b743f9ec4604edabf6b35e8d9b6071f'), ('rvm_version', '1.29.12 (latest)'), ('C9_PROJECT', 'lab1-ros-melodic'), ('PWD', '/home/ubuntu/environment/aws-robomaker-sample-application-helloworld/robot_ws/build/turtlebot3_description_reduced_mesh'), ('GEM_PATH', '/usr/local/rvm/gems/ruby-2.6.6:/usr/local/rvm/gems/ruby-2.6.6@global'), ('SSH_CONNECTION', '18.188.9.34 45920 172.31.41.254 22'), ('NVM_CD_FLAGS', ''), ('XDG_DATA_DIRS', '/usr/local/share:/usr/share:/var/lib/snapd/desktop'), ('IP', '127.0.0.1'), ('PYTHONPATH', '/opt/ros/melodic/lib/python2.7/dist-packages'), ('COLCON', '1'), ('rvm_path', '/usr/local/rvm'), ('TMUX_PANE', '%2'), ('MANPATH', '/home/ubuntu/.nvm/versions/node/v8.17.0/share/man:/usr/local/rvm/rubies/ruby-2.6.6/share/man:/usr/local/man:/usr/local/share/man:/usr/share/man:/usr/local/rvm/man'), ('EDITOR', ''), ('CMAKE_PREFIX_PATH', '/opt/ros/melodic')]), 'shell': False}
[15.021436] (turtlebot3_description_reduced_mesh) StdoutLine: {'line': b'\x1b[36mInstall the project...\x1b[0m\n'}
[15.029629] (turtlebot3_description_reduced_mesh) StdoutLine: {'line': b'-- Install configuration: ""\n'}
[15.029847] (turtlebot3_description_reduced_mesh) StdoutLine: {'line': b'-- Installing: /home/ubuntu/environment/aws-robomaker-sample-application-helloworld/robot_ws/install/turtlebot3_description_reduced_mesh/lib/pkgconfig/turtlebot3_description_reduced_mesh.pc\n'}
[15.030099] (turtlebot3_description_reduced_mesh) StdoutLine: {'line': b'-- Installing: /home/ubuntu/environment/aws-robomaker-sample-application-helloworld/robot_ws/install/turtlebot3_description_reduced_mesh/share/turtlebot3_description_reduced_mesh/cmake/turtlebot3_description_reduced_meshConfig.cmake\n'}
[15.030283] (turtlebot3_description_reduced_mesh) StdoutLine: {'line': b'-- Installing: /home/ubuntu/environment/aws-robomaker-sample-application-helloworld/robot_ws/install/turtlebot3_description_reduced_mesh/share/turtlebot3_description_reduced_mesh/cmake/turtlebot3_description_reduced_meshConfig-version.cmake\n'}
[15.030484] (turtlebot3_description_reduced_mesh) StdoutLine: {'line': b'-- Installing: /home/ubuntu/environment/aws-robomaker-sample-application-helloworld/robot_ws/install/turtlebot3_description_reduced_mesh/share/turtlebot3_description_reduced_mesh/package.xml\n'}
[15.030755] (turtlebot3_description_reduced_mesh) StdoutLine: {'line': b'-- Installing: /home/ubuntu/environment/aws-robomaker-sample-application-helloworld/robot_ws/install/turtlebot3_description_reduced_mesh/share/turtlebot3_description_reduced_mesh/launch\n'}
[15.030908] (turtlebot3_description_reduced_mesh) StdoutLine: {'line': b'-- Installing: /home/ubuntu/environment/aws-robomaker-sample-application-helloworld/robot_ws/install/turtlebot3_description_reduced_mesh/share/turtlebot3_description_reduced_mesh/launch/spawn_turtlebot.launch\n'}
[15.031204] (turtlebot3_description_reduced_mesh) StdoutLine: {'line': b'-- Installing: /home/ubuntu/environment/aws-robomaker-sample-application-helloworld/robot_ws/install/turtlebot3_description_reduced_mesh/share/turtlebot3_description_reduced_mesh/meshes\n'}
[15.031307] (turtlebot3_description_reduced_mesh) StdoutLine: {'line': b'-- Installing: /home/ubuntu/environment/aws-robomaker-sample-application-helloworld/robot_ws/install/turtlebot3_description_reduced_mesh/share/turtlebot3_description_reduced_mesh/meshes/sensors\n'}
[15.031406] (turtlebot3_description_reduced_mesh) StdoutLine: {'line': b'-- Installing: /home/ubuntu/environment/aws-robomaker-sample-application-helloworld/robot_ws/install/turtlebot3_description_reduced_mesh/share/turtlebot3_description_reduced_mesh/meshes/sensors/r200.jpg\n'}
[15.031519] (turtlebot3_description_reduced_mesh) StdoutLine: {'line': b'-- Installing: /home/ubuntu/environment/aws-robomaker-sample-application-helloworld/robot_ws/install/turtlebot3_description_reduced_mesh/share/turtlebot3_description_reduced_mesh/meshes/sensors/astra.dae\n'}
[15.040221] (turtlebot3_description_reduced_mesh) StdoutLine: {'line': b'-- Installing: /home/ubuntu/environment/aws-robomaker-sample-application-helloworld/robot_ws/install/turtlebot3_description_reduced_mesh/share/turtlebot3_description_reduced_mesh/meshes/sensors/astra.jpg\n'}
[15.040429] (turtlebot3_description_reduced_mesh) StdoutLine: {'line': b'-- Installing: /home/ubuntu/environment/aws-robomaker-sample-application-helloworld/robot_ws/install/turtlebot3_description_reduced_mesh/share/turtlebot3_description_reduced_mesh/meshes/sensors/r200.dae\n'}
[15.040676] (turtlebot3_description_reduced_mesh) StdoutLine: {'line': b'-- Installing: /home/ubuntu/environment/aws-robomaker-sample-application-helloworld/robot_ws/install/turtlebot3_description_reduced_mesh/share/turtlebot3_description_reduced_mesh/meshes/sensors/lds.stl\n'}
[15.041575] (turtlebot3_description_reduced_mesh) StdoutLine: {'line': b'-- Installing: /home/ubuntu/environment/aws-robomaker-sample-application-helloworld/robot_ws/install/turtlebot3_description_reduced_mesh/share/turtlebot3_description_reduced_mesh/meshes/wheels\n'}
[15.041778] (turtlebot3_description_reduced_mesh) StdoutLine: {'line': b'-- Installing: /home/ubuntu/environment/aws-robomaker-sample-application-helloworld/robot_ws/install/turtlebot3_description_reduced_mesh/share/turtlebot3_description_reduced_mesh/meshes/wheels/left_tire.stl\n'}
[15.042887] (turtlebot3_description_reduced_mesh) StdoutLine: {'line': b'-- Installing: /home/ubuntu/environment/aws-robomaker-sample-application-helloworld/robot_ws/install/turtlebot3_description_reduced_mesh/share/turtlebot3_description_reduced_mesh/meshes/wheels/right_tire.stl\n'}
[15.044032] (turtlebot3_description_reduced_mesh) StdoutLine: {'line': b'-- Installing: /home/ubuntu/environment/aws-robomaker-sample-application-helloworld/robot_ws/install/turtlebot3_description_reduced_mesh/share/turtlebot3_description_reduced_mesh/meshes/wheels/right_tire_reduced.stl\n'}
[15.044215] (turtlebot3_description_reduced_mesh) StdoutLine: {'line': b'-- Installing: /home/ubuntu/environment/aws-robomaker-sample-application-helloworld/robot_ws/install/turtlebot3_description_reduced_mesh/share/turtlebot3_description_reduced_mesh/meshes/wheels/left_tire_reduced.stl\n'}
[15.044426] (turtlebot3_description_reduced_mesh) StdoutLine: {'line': b'-- Installing: /home/ubuntu/environment/aws-robomaker-sample-application-helloworld/robot_ws/install/turtlebot3_description_reduced_mesh/share/turtlebot3_description_reduced_mesh/meshes/bases\n'}
[15.044621] (turtlebot3_description_reduced_mesh) StdoutLine: {'line': b'-- Installing: /home/ubuntu/environment/aws-robomaker-sample-application-helloworld/robot_ws/install/turtlebot3_description_reduced_mesh/share/turtlebot3_description_reduced_mesh/meshes/bases/waffle_pi_base_reduced.stl\n'}
[15.047317] (turtlebot3_description_reduced_mesh) StdoutLine: {'line': b'-- Installing: /home/ubuntu/environment/aws-robomaker-sample-application-helloworld/robot_ws/install/turtlebot3_description_reduced_mesh/share/turtlebot3_description_reduced_mesh/meshes/bases/burger_base.stl\n'}
[15.050719] (-) TimerEvent: {}
[15.052407] (turtlebot3_description_reduced_mesh) StdoutLine: {'line': b'-- Installing: /home/ubuntu/environment/aws-robomaker-sample-application-helloworld/robot_ws/install/turtlebot3_description_reduced_mesh/share/turtlebot3_description_reduced_mesh/meshes/bases/waffle_pi_base.stl\n'}
[15.060250] (turtlebot3_description_reduced_mesh) StdoutLine: {'line': b'-- Installing: /home/ubuntu/environment/aws-robomaker-sample-application-helloworld/robot_ws/install/turtlebot3_description_reduced_mesh/share/turtlebot3_description_reduced_mesh/meshes/bases/waffle_base_for_open_manipulator.stl\n'}
[15.070725] (turtlebot3_description_reduced_mesh) StdoutLine: {'line': b'-- Installing: /home/ubuntu/environment/aws-robomaker-sample-application-helloworld/robot_ws/install/turtlebot3_description_reduced_mesh/share/turtlebot3_description_reduced_mesh/meshes/bases/waffle_pi_base_for_open_manipulator.stl\n'}
[15.078543] (turtlebot3_description_reduced_mesh) StdoutLine: {'line': b'-- Installing: /home/ubuntu/environment/aws-robomaker-sample-application-helloworld/robot_ws/install/turtlebot3_description_reduced_mesh/share/turtlebot3_description_reduced_mesh/meshes/bases/waffle_base.stl\n'}
[15.094830] (turtlebot3_description_reduced_mesh) StdoutLine: {'line': b'-- Installing: /home/ubuntu/environment/aws-robomaker-sample-application-helloworld/robot_ws/install/turtlebot3_description_reduced_mesh/share/turtlebot3_description_reduced_mesh/meshes/bases/burger_base_decimated.stl\n'}
[15.095341] (turtlebot3_description_reduced_mesh) StdoutLine: {'line': b'-- Installing: /home/ubuntu/environment/aws-robomaker-sample-application-helloworld/robot_ws/install/turtlebot3_description_reduced_mesh/share/turtlebot3_description_reduced_mesh/urdf\n'}
[15.095551] (turtlebot3_description_reduced_mesh) StdoutLine: {'line': b'-- Installing: /home/ubuntu/environment/aws-robomaker-sample-application-helloworld/robot_ws/install/turtlebot3_description_reduced_mesh/share/turtlebot3_description_reduced_mesh/urdf/turtlebot3_burger_for_autorace.gazebo.xacro\n'}
[15.095754] (turtlebot3_description_reduced_mesh) StdoutLine: {'line': b'-- Installing: /home/ubuntu/environment/aws-robomaker-sample-application-helloworld/robot_ws/install/turtlebot3_description_reduced_mesh/share/turtlebot3_description_reduced_mesh/urdf/turtlebot3_waffle_pi.gazebo.xacro\n'}
[15.095921] (turtlebot3_description_reduced_mesh) StdoutLine: {'line': b'-- Installing: /home/ubuntu/environment/aws-robomaker-sample-application-helloworld/robot_ws/install/turtlebot3_description_reduced_mesh/share/turtlebot3_description_reduced_mesh/urdf/turtlebot3_burger.urdf.xacro\n'}
[15.096139] (turtlebot3_description_reduced_mesh) StdoutLine: {'line': b'-- Installing: /home/ubuntu/environment/aws-robomaker-sample-application-helloworld/robot_ws/install/turtlebot3_description_reduced_mesh/share/turtlebot3_description_reduced_mesh/urdf/turtlebot3_waffle_for_open_manipulator.urdf.xacro\n'}
[15.096353] (turtlebot3_description_reduced_mesh) StdoutLine: {'line': b'-- Installing: /home/ubuntu/environment/aws-robomaker-sample-application-helloworld/robot_ws/install/turtlebot3_description_reduced_mesh/share/turtlebot3_description_reduced_mesh/urdf/common_properties.xacro\n'}
[15.096575] (turtlebot3_description_reduced_mesh) StdoutLine: {'line': b'-- Installing: /home/ubuntu/environment/aws-robomaker-sample-application-helloworld/robot_ws/install/turtlebot3_description_reduced_mesh/share/turtlebot3_description_reduced_mesh/urdf/turtlebot3_waffle_pi_for_open_manipulator.urdf.xacro\n'}
[15.096711] (turtlebot3_description_reduced_mesh) StdoutLine: {'line': b'-- Installing: /home/ubuntu/environment/aws-robomaker-sample-application-helloworld/robot_ws/install/turtlebot3_description_reduced_mesh/share/turtlebot3_description_reduced_mesh/urdf/turtlebot3_burger_for_autorace.urdf.xacro\n'}
[15.096860] (turtlebot3_description_reduced_mesh) StdoutLine: {'line': b'-- Installing: /home/ubuntu/environment/aws-robomaker-sample-application-helloworld/robot_ws/install/turtlebot3_description_reduced_mesh/share/turtlebot3_description_reduced_mesh/urdf/turtlebot3_waffle_pi.urdf.xacro\n'}
[15.097061] (turtlebot3_description_reduced_mesh) StdoutLine: {'line': b'-- Installing: /home/ubuntu/environment/aws-robomaker-sample-application-helloworld/robot_ws/install/turtlebot3_description_reduced_mesh/share/turtlebot3_description_reduced_mesh/urdf/turtlebot3_waffle.urdf.xacro\n'}
[15.097161] (turtlebot3_description_reduced_mesh) StdoutLine: {'line': b'-- Installing: /home/ubuntu/environment/aws-robomaker-sample-application-helloworld/robot_ws/install/turtlebot3_description_reduced_mesh/share/turtlebot3_description_reduced_mesh/urdf/turtlebot3_waffle.gazebo.xacro\n'}
[15.097251] (turtlebot3_description_reduced_mesh) StdoutLine: {'line': b'-- Installing: /home/ubuntu/environment/aws-robomaker-sample-application-helloworld/robot_ws/install/turtlebot3_description_reduced_mesh/share/turtlebot3_description_reduced_mesh/urdf/turtlebot3_burger.gazebo.xacro\n'}
[15.100246] (turtlebot3_description_reduced_mesh) CommandEnded: {'returncode': 0}
[15.150923] (-) TimerEvent: {}
[15.256506] (-) TimerEvent: {}
[15.276558] (turtlebot3_description_reduced_mesh) JobEnded: {'identifier': 'turtlebot3_description_reduced_mesh', 'rc': 0}
[15.295744] (hello_world_robot) JobStarted: {'identifier': 'hello_world_robot'}
[15.301744] (hello_world_robot) JobProgress: {'identifier': 'hello_world_robot', 'progress': 'cmake'}
[15.303219] (hello_world_robot) Command: {'cmd': ['/usr/bin/cmake', '/home/ubuntu/environment/aws-robomaker-sample-application-helloworld/robot_ws/src/hello_world_robot', '-DCATKIN_INSTALL_INTO_PREFIX_ROOT=0', '-DCMAKE_INSTALL_PREFIX=/home/ubuntu/environment/aws-robomaker-sample-application-helloworld/robot_ws/install/hello_world_robot'], 'cwd': '/home/ubuntu/environment/aws-robomaker-sample-application-helloworld/robot_ws/build/hello_world_robot', 'env': OrderedDict([('HISTFILESIZE', '100000'), ('TMUX', '/tmp/tmux-1000/cloud92.2,7027,2'), ('MAIL', '/var/mail/ubuntu'), ('USER', 'ubuntu'), ('SSH_CLIENT', '18.188.9.34 45920 22'), ('ROS_PACKAGE_PATH', '/home/ubuntu/environment/aws-robomaker-sample-application-helloworld/robot_ws/install/turtlebot3_description_reduced_mesh/share:/opt/ros/melodic/share'), ('LD_LIBRARY_PATH', '/opt/ros/melodic/lib'), ('ROS_ETC_DIR', '/opt/ros/melodic/etc/ros'), ('SHLVL', '4'), ('OLDPWD', '/home/ubuntu/environment/aws-robomaker-sample-application-helloworld/simulation_ws'), ('HOME', '/home/ubuntu'), ('PORT', '8080'), ('ISOUTPUTPANE', '0'), ('NVM_BIN', '/home/ubuntu/.nvm/versions/node/v8.17.0/bin'), ('NVM_NODEJS_ORG_MIRROR', 'https://nodejs.org/dist'), ('ROS_PYTHON_VERSION', '2'), ('C9_USER', 'root'), ('NVM_DIR', '/home/ubuntu/.nvm'), ('NVM_PATH', '/home/ubuntu/.nvm/versions/node/v8.17.0/lib/node'), ('ROS_DISTRO', 'melodic'), ('HGUSER', 'root'), ('LOGNAME', 'ubuntu'), ('rvm_bin_path', '/usr/local/rvm/bin'), ('_', '/usr/local/bin/colcon'), ('RUBY_VERSION', 'ruby-2.6.6'), ('ROS_VERSION', '1'), ('C9_PORT', '8080'), ('PKG_CONFIG_PATH', '/home/ubuntu/environment/aws-robomaker-sample-application-helloworld/robot_ws/install/turtlebot3_description_reduced_mesh/lib/x86_64-linux-gnu/pkgconfig:/home/ubuntu/environment/aws-robomaker-sample-application-helloworld/robot_ws/install/turtlebot3_description_reduced_mesh/lib/pkgconfig:/opt/ros/melodic/lib/pkgconfig'), ('IRBRC', '/usr/local/rvm/rubies/ruby-2.6.6/.irbrc'), ('XDG_SESSION_ID', '87'), ('TERM', 'xterm-256color'), ('PATH', '/home/ubuntu/.nvm/versions/node/v8.17.0/bin:/opt/ros/melodic/bin:/usr/local/rvm/gems/ruby-2.6.6/bin:/usr/local/rvm/gems/ruby-2.6.6@global/bin:/usr/local/rvm/rubies/ruby-2.6.6/bin:/usr/local/sbin:/usr/local/bin:/usr/sbin:/usr/bin:/sbin:/bin:/usr/games:/usr/local/games:/snap/bin:/home/ubuntu/.local/bin:/home/ubuntu/bin:/home/ubuntu/.local/bin:/home/ubuntu/bin:/usr/local/rvm/bin:/home/ubuntu/.local/bin:/home/ubuntu/bin'), ('NVM_IOJS_ORG_MIRROR', 'https://iojs.org/dist'), ('XDG_RUNTIME_DIR', '/run/user/1000'), ('MY_RUBY_HOME', '/usr/local/rvm/rubies/ruby-2.6.6'), ('LANG', 'C.UTF-8'), ('HISTSIZE', '100000'), ('ROS_ROOT', '/opt/ros/melodic/share/ros'), ('ROSLISP_PACKAGE_DIRECTORIES', ''), ('C9_HOSTNAME', '18.224.182.144'), ('NODE_PATH', '/home/ubuntu/.c9/node_modules'), ('SHELL', '/bin/bash'), ('ROS_MASTER_URI', 'http://localhost:11311'), ('rvm_prefix', '/usr/local'), ('PROMPT_COMMAND', 'history -a;'), ('GEM_HOME', '/usr/local/rvm/gems/ruby-2.6.6'), ('C9_PID', '7b743f9ec4604edabf6b35e8d9b6071f'), ('rvm_version', '1.29.12 (latest)'), ('C9_PROJECT', 'lab1-ros-melodic'), ('PWD', '/home/ubuntu/environment/aws-robomaker-sample-application-helloworld/robot_ws/build/hello_world_robot'), ('GEM_PATH', '/usr/local/rvm/gems/ruby-2.6.6:/usr/local/rvm/gems/ruby-2.6.6@global'), ('SSH_CONNECTION', '18.188.9.34 45920 172.31.41.254 22'), ('NVM_CD_FLAGS', ''), ('XDG_DATA_DIRS', '/usr/local/share:/usr/share:/var/lib/snapd/desktop'), ('IP', '127.0.0.1'), ('PYTHONPATH', '/opt/ros/melodic/lib/python2.7/dist-packages'), ('COLCON', '1'), ('rvm_path', '/usr/local/rvm'), ('TMUX_PANE', '%2'), ('MANPATH', '/home/ubuntu/.nvm/versions/node/v8.17.0/share/man:/usr/local/rvm/rubies/ruby-2.6.6/share/man:/usr/local/man:/usr/local/share/man:/usr/share/man:/usr/local/rvm/man'), ('EDITOR', ''), ('CMAKE_PREFIX_PATH', '/home/ubuntu/environment/aws-robomaker-sample-application-helloworld/robot_ws/install/turtlebot3_description_reduced_mesh:/opt/ros/melodic')]), 'shell': False}
[15.356685] (-) TimerEvent: {}
[15.364388] (hello_world_robot) StdoutLine: {'line': b'-- The C compiler identification is GNU 7.5.0\n'}
[15.423153] (hello_world_robot) StdoutLine: {'line': b'-- The CXX compiler identification is GNU 7.5.0\n'}
[15.427997] (hello_world_robot) StdoutLine: {'line': b'-- Check for working C compiler: /usr/bin/cc\n'}
[15.456827] (-) TimerEvent: {}
[15.491831] (hello_world_robot) StdoutLine: {'line': b'-- Check for working C compiler: /usr/bin/cc -- works\n'}
[15.492419] (hello_world_robot) StdoutLine: {'line': b'-- Detecting C compiler ABI info\n'}
[15.556063] (hello_world_robot) StdoutLine: {'line': b'-- Detecting C compiler ABI info - done\n'}
[15.556960] (-) TimerEvent: {}
[15.565739] (hello_world_robot) StdoutLine: {'line': b'-- Detecting C compile features\n'}
[15.657083] (-) TimerEvent: {}
[15.757463] (-) TimerEvent: {}
[15.757900] (hello_world_robot) StdoutLine: {'line': b'-- Detecting C compile features - done\n'}
[15.761269] (hello_world_robot) StdoutLine: {'line': b'-- Check for working CXX compiler: /usr/bin/c++\n'}
[15.834562] (hello_world_robot) StdoutLine: {'line': b'-- Check for working CXX compiler: /usr/bin/c++ -- works\n'}
[15.835231] (hello_world_robot) StdoutLine: {'line': b'-- Detecting CXX compiler ABI info\n'}
[15.857595] (-) TimerEvent: {}
[15.909618] (hello_world_robot) StdoutLine: {'line': b'-- Detecting CXX compiler ABI info - done\n'}
[15.918668] (hello_world_robot) StdoutLine: {'line': b'-- Detecting CXX compile features\n'}
[15.957749] (-) TimerEvent: {}
[16.058135] (-) TimerEvent: {}
[16.158646] (-) TimerEvent: {}
[16.252076] (hello_world_robot) StdoutLine: {'line': b'-- Detecting CXX compile features - done\n'}
[16.253948] (hello_world_robot) StdoutLine: {'line': b'-- Using CATKIN_DEVEL_PREFIX: /home/ubuntu/environment/aws-robomaker-sample-application-helloworld/robot_ws/build/hello_world_robot/devel\n'}
[16.254145] (hello_world_robot) StdoutLine: {'line': b'-- Using CMAKE_PREFIX_PATH: /home/ubuntu/environment/aws-robomaker-sample-application-helloworld/robot_ws/install/turtlebot3_description_reduced_mesh;/opt/ros/melodic\n'}
[16.254342] (hello_world_robot) StdoutLine: {'line': b'-- This workspace overlays: /home/ubuntu/environment/aws-robomaker-sample-application-helloworld/robot_ws/install/turtlebot3_description_reduced_mesh;/opt/ros/melodic\n'}
[16.258772] (-) TimerEvent: {}
[16.268093] (hello_world_robot) StdoutLine: {'line': b'-- Found PythonInterp: /usr/bin/python2 (found suitable version "2.7.17", minimum required is "2") \n'}
[16.268380] (hello_world_robot) StdoutLine: {'line': b'-- Using PYTHON_EXECUTABLE: /usr/bin/python2\n'}
[16.268493] (hello_world_robot) StdoutLine: {'line': b'-- Using Debian Python package layout\n'}
[16.268739] (hello_world_robot) StdoutLine: {'line': b'-- Using empy: /usr/bin/empy\n'}
[16.358946] (-) TimerEvent: {}
[16.420985] (hello_world_robot) StdoutLine: {'line': b'-- Using CATKIN_ENABLE_TESTING: ON\n'}
[16.421266] (hello_world_robot) StdoutLine: {'line': b'-- Call enable_testing()\n'}
[16.422982] (hello_world_robot) StdoutLine: {'line': b'-- Using CATKIN_TEST_RESULTS_DIR: /home/ubuntu/environment/aws-robomaker-sample-application-helloworld/robot_ws/build/hello_world_robot/test_results\n'}
[16.439786] (hello_world_robot) StdoutLine: {'line': b"-- Found gtest sources under '/usr/src/googletest': gtests will be built\n"}
[16.440015] (hello_world_robot) StdoutLine: {'line': b"-- Found gmock sources under '/usr/src/googletest': gmock will be built\n"}
[16.452739] (hello_world_robot) StdoutLine: {'line': b'-- Found PythonInterp: /usr/bin/python2 (found version "2.7.17") \n'}
[16.453907] (hello_world_robot) StdoutLine: {'line': b'-- Looking for pthread.h\n'}
[16.459077] (-) TimerEvent: {}
[16.521330] (hello_world_robot) StdoutLine: {'line': b'-- Looking for pthread.h - found\n'}
[16.521925] (hello_world_robot) StdoutLine: {'line': b'-- Looking for pthread_create\n'}
[16.559252] (-) TimerEvent: {}
[16.590365] (hello_world_robot) StdoutLine: {'line': b'-- Looking for pthread_create - not found\n'}
[16.590777] (hello_world_robot) StdoutLine: {'line': b'-- Looking for pthread_create in pthreads\n'}
[16.645932] (hello_world_robot) StdoutLine: {'line': b'-- Looking for pthread_create in pthreads - not found\n'}
[16.646302] (hello_world_robot) StdoutLine: {'line': b'-- Looking for pthread_create in pthread\n'}
[16.659403] (-) TimerEvent: {}
[16.709937] (hello_world_robot) StdoutLine: {'line': b'-- Looking for pthread_create in pthread - found\n'}
[16.711173] (hello_world_robot) StdoutLine: {'line': b'-- Found Threads: TRUE  \n'}
[16.715587] (hello_world_robot) StdoutLine: {'line': b'-- Using Python nosetests: /usr/bin/nosetests-2.7\n'}
[16.755236] (hello_world_robot) StdoutLine: {'line': b'-- catkin 0.7.29\n'}
[16.755506] (hello_world_robot) StdoutLine: {'line': b'-- BUILD_SHARED_LIBS is on\n'}
[16.759536] (-) TimerEvent: {}
[16.859837] (-) TimerEvent: {}
[16.895794] (hello_world_robot) StdoutLine: {'line': b'-- Using these message generators: gencpp;geneus;genlisp;gennodejs;genpy\n'}
[16.959983] (-) TimerEvent: {}
[17.060357] (-) TimerEvent: {}
[17.160704] (-) TimerEvent: {}
[17.260981] (-) TimerEvent: {}
[17.361379] (-) TimerEvent: {}
[17.461861] (-) TimerEvent: {}
[17.562217] (-) TimerEvent: {}
[17.662496] (-) TimerEvent: {}
[17.762814] (-) TimerEvent: {}
[17.863211] (-) TimerEvent: {}
[17.963495] (-) TimerEvent: {}
[18.063788] (-) TimerEvent: {}
[18.164064] (-) TimerEvent: {}
[18.264387] (-) TimerEvent: {}
[18.364784] (-) TimerEvent: {}
[18.465113] (-) TimerEvent: {}
[18.565597] (-) TimerEvent: {}
[18.666009] (-) TimerEvent: {}
[18.766363] (-) TimerEvent: {}
[18.866620] (-) TimerEvent: {}
[18.966944] (-) TimerEvent: {}
[19.067348] (-) TimerEvent: {}
[19.167896] (-) TimerEvent: {}
[19.268340] (-) TimerEvent: {}
[19.368790] (-) TimerEvent: {}
[19.469213] (-) TimerEvent: {}
[19.569541] (-) TimerEvent: {}
[19.669853] (-) TimerEvent: {}
[19.770174] (-) TimerEvent: {}
[19.870629] (-) TimerEvent: {}
[19.971093] (-) TimerEvent: {}
[20.071346] (-) TimerEvent: {}
[20.171658] (-) TimerEvent: {}
[20.272017] (-) TimerEvent: {}
[20.372355] (-) TimerEvent: {}
[20.472826] (-) TimerEvent: {}
[20.573281] (-) TimerEvent: {}
[20.673582] (-) TimerEvent: {}
[20.773946] (-) TimerEvent: {}
[20.874376] (-) TimerEvent: {}
[20.974693] (-) TimerEvent: {}
[21.075089] (-) TimerEvent: {}
[21.175451] (-) TimerEvent: {}
[21.275834] (-) TimerEvent: {}
[21.376134] (-) TimerEvent: {}
[21.476447] (-) TimerEvent: {}
[21.576705] (-) TimerEvent: {}
[21.677018] (-) TimerEvent: {}
[21.777435] (-) TimerEvent: {}
[21.877730] (-) TimerEvent: {}
[21.978102] (-) TimerEvent: {}
[22.078519] (-) TimerEvent: {}
[22.178793] (-) TimerEvent: {}
[22.279137] (-) TimerEvent: {}
[22.379483] (-) TimerEvent: {}
[22.407966] (hello_world_robot) StdoutLine: {'line': b'-- Configuring done\n'}
[22.428694] (hello_world_robot) StdoutLine: {'line': b'-- Generating done\n'}
[22.434266] (hello_world_robot) StdoutLine: {'line': b'-- Build files have been written to: /home/ubuntu/environment/aws-robomaker-sample-application-helloworld/robot_ws/build/hello_world_robot\n'}
[22.438495] (hello_world_robot) CommandEnded: {'returncode': 0}
[22.439359] (hello_world_robot) JobProgress: {'identifier': 'hello_world_robot', 'progress': 'build'}
[22.439896] (hello_world_robot) Command: {'cmd': ['/usr/bin/cmake', '--build', '/home/ubuntu/environment/aws-robomaker-sample-application-helloworld/robot_ws/build/hello_world_robot', '--', '-j4', '-l4'], 'cwd': '/home/ubuntu/environment/aws-robomaker-sample-application-helloworld/robot_ws/build/hello_world_robot', 'env': OrderedDict([('HISTFILESIZE', '100000'), ('TMUX', '/tmp/tmux-1000/cloud92.2,7027,2'), ('MAIL', '/var/mail/ubuntu'), ('USER', 'ubuntu'), ('SSH_CLIENT', '18.188.9.34 45920 22'), ('ROS_PACKAGE_PATH', '/home/ubuntu/environment/aws-robomaker-sample-application-helloworld/robot_ws/install/turtlebot3_description_reduced_mesh/share:/opt/ros/melodic/share'), ('LD_LIBRARY_PATH', '/opt/ros/melodic/lib'), ('ROS_ETC_DIR', '/opt/ros/melodic/etc/ros'), ('SHLVL', '4'), ('OLDPWD', '/home/ubuntu/environment/aws-robomaker-sample-application-helloworld/simulation_ws'), ('HOME', '/home/ubuntu'), ('PORT', '8080'), ('ISOUTPUTPANE', '0'), ('NVM_BIN', '/home/ubuntu/.nvm/versions/node/v8.17.0/bin'), ('NVM_NODEJS_ORG_MIRROR', 'https://nodejs.org/dist'), ('ROS_PYTHON_VERSION', '2'), ('C9_USER', 'root'), ('NVM_DIR', '/home/ubuntu/.nvm'), ('NVM_PATH', '/home/ubuntu/.nvm/versions/node/v8.17.0/lib/node'), ('ROS_DISTRO', 'melodic'), ('HGUSER', 'root'), ('LOGNAME', 'ubuntu'), ('rvm_bin_path', '/usr/local/rvm/bin'), ('_', '/usr/local/bin/colcon'), ('RUBY_VERSION', 'ruby-2.6.6'), ('ROS_VERSION', '1'), ('C9_PORT', '8080'), ('PKG_CONFIG_PATH', '/home/ubuntu/environment/aws-robomaker-sample-application-helloworld/robot_ws/install/turtlebot3_description_reduced_mesh/lib/x86_64-linux-gnu/pkgconfig:/home/ubuntu/environment/aws-robomaker-sample-application-helloworld/robot_ws/install/turtlebot3_description_reduced_mesh/lib/pkgconfig:/opt/ros/melodic/lib/pkgconfig'), ('IRBRC', '/usr/local/rvm/rubies/ruby-2.6.6/.irbrc'), ('XDG_SESSION_ID', '87'), ('TERM', 'xterm-256color'), ('PATH', '/home/ubuntu/.nvm/versions/node/v8.17.0/bin:/opt/ros/melodic/bin:/usr/local/rvm/gems/ruby-2.6.6/bin:/usr/local/rvm/gems/ruby-2.6.6@global/bin:/usr/local/rvm/rubies/ruby-2.6.6/bin:/usr/local/sbin:/usr/local/bin:/usr/sbin:/usr/bin:/sbin:/bin:/usr/games:/usr/local/games:/snap/bin:/home/ubuntu/.local/bin:/home/ubuntu/bin:/home/ubuntu/.local/bin:/home/ubuntu/bin:/usr/local/rvm/bin:/home/ubuntu/.local/bin:/home/ubuntu/bin'), ('NVM_IOJS_ORG_MIRROR', 'https://iojs.org/dist'), ('XDG_RUNTIME_DIR', '/run/user/1000'), ('MY_RUBY_HOME', '/usr/local/rvm/rubies/ruby-2.6.6'), ('LANG', 'C.UTF-8'), ('HISTSIZE', '100000'), ('ROS_ROOT', '/opt/ros/melodic/share/ros'), ('ROSLISP_PACKAGE_DIRECTORIES', ''), ('C9_HOSTNAME', '18.224.182.144'), ('NODE_PATH', '/home/ubuntu/.c9/node_modules'), ('SHELL', '/bin/bash'), ('ROS_MASTER_URI', 'http://localhost:11311'), ('rvm_prefix', '/usr/local'), ('PROMPT_COMMAND', 'history -a;'), ('GEM_HOME', '/usr/local/rvm/gems/ruby-2.6.6'), ('C9_PID', '7b743f9ec4604edabf6b35e8d9b6071f'), ('rvm_version', '1.29.12 (latest)'), ('C9_PROJECT', 'lab1-ros-melodic'), ('PWD', '/home/ubuntu/environment/aws-robomaker-sample-application-helloworld/robot_ws/build/hello_world_robot'), ('GEM_PATH', '/usr/local/rvm/gems/ruby-2.6.6:/usr/local/rvm/gems/ruby-2.6.6@global'), ('SSH_CONNECTION', '18.188.9.34 45920 172.31.41.254 22'), ('NVM_CD_FLAGS', ''), ('XDG_DATA_DIRS', '/usr/local/share:/usr/share:/var/lib/snapd/desktop'), ('IP', '127.0.0.1'), ('PYTHONPATH', '/opt/ros/melodic/lib/python2.7/dist-packages'), ('COLCON', '1'), ('rvm_path', '/usr/local/rvm'), ('TMUX_PANE', '%2'), ('MANPATH', '/home/ubuntu/.nvm/versions/node/v8.17.0/share/man:/usr/local/rvm/rubies/ruby-2.6.6/share/man:/usr/local/man:/usr/local/share/man:/usr/share/man:/usr/local/rvm/man'), ('EDITOR', ''), ('CMAKE_PREFIX_PATH', '/home/ubuntu/environment/aws-robomaker-sample-application-helloworld/robot_ws/install/turtlebot3_description_reduced_mesh:/opt/ros/melodic')]), 'shell': False}
[22.479662] (-) TimerEvent: {}
[22.481635] (hello_world_robot) StdoutLine: {'line': b'\x1b[35m\x1b[1mScanning dependencies of target hello_world_robot_xacro_generated_to_devel_space_\x1b[0m\n'}
[22.491402] (hello_world_robot) StdoutLine: {'line': b'Built target hello_world_robot_xacro_generated_to_devel_space_\n'}
[22.502301] (hello_world_robot) CommandEnded: {'returncode': 0}
[22.550319] (hello_world_robot) JobProgress: {'identifier': 'hello_world_robot', 'progress': "build target 'tests'"}
[22.550537] (hello_world_robot) Command: {'cmd': ['/usr/bin/cmake', '--build', '/home/ubuntu/environment/aws-robomaker-sample-application-helloworld/robot_ws/build/hello_world_robot', '--target', 'tests', '--', '-j4', '-l4'], 'cwd': '/home/ubuntu/environment/aws-robomaker-sample-application-helloworld/robot_ws/build/hello_world_robot', 'env': OrderedDict([('HISTFILESIZE', '100000'), ('TMUX', '/tmp/tmux-1000/cloud92.2,7027,2'), ('MAIL', '/var/mail/ubuntu'), ('USER', 'ubuntu'), ('SSH_CLIENT', '18.188.9.34 45920 22'), ('ROS_PACKAGE_PATH', '/home/ubuntu/environment/aws-robomaker-sample-application-helloworld/robot_ws/install/turtlebot3_description_reduced_mesh/share:/opt/ros/melodic/share'), ('LD_LIBRARY_PATH', '/opt/ros/melodic/lib'), ('ROS_ETC_DIR', '/opt/ros/melodic/etc/ros'), ('SHLVL', '4'), ('OLDPWD', '/home/ubuntu/environment/aws-robomaker-sample-application-helloworld/simulation_ws'), ('HOME', '/home/ubuntu'), ('PORT', '8080'), ('ISOUTPUTPANE', '0'), ('NVM_BIN', '/home/ubuntu/.nvm/versions/node/v8.17.0/bin'), ('NVM_NODEJS_ORG_MIRROR', 'https://nodejs.org/dist'), ('ROS_PYTHON_VERSION', '2'), ('C9_USER', 'root'), ('NVM_DIR', '/home/ubuntu/.nvm'), ('NVM_PATH', '/home/ubuntu/.nvm/versions/node/v8.17.0/lib/node'), ('ROS_DISTRO', 'melodic'), ('HGUSER', 'root'), ('LOGNAME', 'ubuntu'), ('rvm_bin_path', '/usr/local/rvm/bin'), ('_', '/usr/local/bin/colcon'), ('RUBY_VERSION', 'ruby-2.6.6'), ('ROS_VERSION', '1'), ('C9_PORT', '8080'), ('PKG_CONFIG_PATH', '/home/ubuntu/environment/aws-robomaker-sample-application-helloworld/robot_ws/install/turtlebot3_description_reduced_mesh/lib/x86_64-linux-gnu/pkgconfig:/home/ubuntu/environment/aws-robomaker-sample-application-helloworld/robot_ws/install/turtlebot3_description_reduced_mesh/lib/pkgconfig:/opt/ros/melodic/lib/pkgconfig'), ('IRBRC', '/usr/local/rvm/rubies/ruby-2.6.6/.irbrc'), ('XDG_SESSION_ID', '87'), ('TERM', 'xterm-256color'), ('PATH', '/home/ubuntu/.nvm/versions/node/v8.17.0/bin:/opt/ros/melodic/bin:/usr/local/rvm/gems/ruby-2.6.6/bin:/usr/local/rvm/gems/ruby-2.6.6@global/bin:/usr/local/rvm/rubies/ruby-2.6.6/bin:/usr/local/sbin:/usr/local/bin:/usr/sbin:/usr/bin:/sbin:/bin:/usr/games:/usr/local/games:/snap/bin:/home/ubuntu/.local/bin:/home/ubuntu/bin:/home/ubuntu/.local/bin:/home/ubuntu/bin:/usr/local/rvm/bin:/home/ubuntu/.local/bin:/home/ubuntu/bin'), ('NVM_IOJS_ORG_MIRROR', 'https://iojs.org/dist'), ('XDG_RUNTIME_DIR', '/run/user/1000'), ('MY_RUBY_HOME', '/usr/local/rvm/rubies/ruby-2.6.6'), ('LANG', 'C.UTF-8'), ('HISTSIZE', '100000'), ('ROS_ROOT', '/opt/ros/melodic/share/ros'), ('ROSLISP_PACKAGE_DIRECTORIES', ''), ('C9_HOSTNAME', '18.224.182.144'), ('NODE_PATH', '/home/ubuntu/.c9/node_modules'), ('SHELL', '/bin/bash'), ('ROS_MASTER_URI', 'http://localhost:11311'), ('rvm_prefix', '/usr/local'), ('PROMPT_COMMAND', 'history -a;'), ('GEM_HOME', '/usr/local/rvm/gems/ruby-2.6.6'), ('C9_PID', '7b743f9ec4604edabf6b35e8d9b6071f'), ('rvm_version', '1.29.12 (latest)'), ('C9_PROJECT', 'lab1-ros-melodic'), ('PWD', '/home/ubuntu/environment/aws-robomaker-sample-application-helloworld/robot_ws/build/hello_world_robot'), ('GEM_PATH', '/usr/local/rvm/gems/ruby-2.6.6:/usr/local/rvm/gems/ruby-2.6.6@global'), ('SSH_CONNECTION', '18.188.9.34 45920 172.31.41.254 22'), ('NVM_CD_FLAGS', ''), ('XDG_DATA_DIRS', '/usr/local/share:/usr/share:/var/lib/snapd/desktop'), ('IP', '127.0.0.1'), ('PYTHONPATH', '/opt/ros/melodic/lib/python2.7/dist-packages'), ('COLCON', '1'), ('rvm_path', '/usr/local/rvm'), ('TMUX_PANE', '%2'), ('MANPATH', '/home/ubuntu/.nvm/versions/node/v8.17.0/share/man:/usr/local/rvm/rubies/ruby-2.6.6/share/man:/usr/local/man:/usr/local/share/man:/usr/share/man:/usr/local/rvm/man'), ('EDITOR', ''), ('CMAKE_PREFIX_PATH', '/home/ubuntu/environment/aws-robomaker-sample-application-helloworld/robot_ws/install/turtlebot3_description_reduced_mesh:/opt/ros/melodic')]), 'shell': False}
[22.579829] (-) TimerEvent: {}
[22.602120] (hello_world_robot) StdoutLine: {'line': b'\x1b[35m\x1b[1mScanning dependencies of target tests\x1b[0m\n'}
[22.611894] (hello_world_robot) StdoutLine: {'line': b'Built target tests\n'}
[22.622094] (hello_world_robot) CommandEnded: {'returncode': 0}
[22.667713] (hello_world_robot) JobProgress: {'identifier': 'hello_world_robot', 'progress': 'install'}
[22.668466] (hello_world_robot) Command: {'cmd': ['/usr/bin/cmake', '--build', '/home/ubuntu/environment/aws-robomaker-sample-application-helloworld/robot_ws/build/hello_world_robot', '--target', 'install', '--', '-j4', '-l4'], 'cwd': '/home/ubuntu/environment/aws-robomaker-sample-application-helloworld/robot_ws/build/hello_world_robot', 'env': OrderedDict([('HISTFILESIZE', '100000'), ('TMUX', '/tmp/tmux-1000/cloud92.2,7027,2'), ('MAIL', '/var/mail/ubuntu'), ('USER', 'ubuntu'), ('SSH_CLIENT', '18.188.9.34 45920 22'), ('ROS_PACKAGE_PATH', '/home/ubuntu/environment/aws-robomaker-sample-application-helloworld/robot_ws/install/turtlebot3_description_reduced_mesh/share:/opt/ros/melodic/share'), ('LD_LIBRARY_PATH', '/opt/ros/melodic/lib'), ('ROS_ETC_DIR', '/opt/ros/melodic/etc/ros'), ('SHLVL', '4'), ('OLDPWD', '/home/ubuntu/environment/aws-robomaker-sample-application-helloworld/simulation_ws'), ('HOME', '/home/ubuntu'), ('PORT', '8080'), ('ISOUTPUTPANE', '0'), ('NVM_BIN', '/home/ubuntu/.nvm/versions/node/v8.17.0/bin'), ('NVM_NODEJS_ORG_MIRROR', 'https://nodejs.org/dist'), ('ROS_PYTHON_VERSION', '2'), ('C9_USER', 'root'), ('NVM_DIR', '/home/ubuntu/.nvm'), ('NVM_PATH', '/home/ubuntu/.nvm/versions/node/v8.17.0/lib/node'), ('ROS_DISTRO', 'melodic'), ('HGUSER', 'root'), ('LOGNAME', 'ubuntu'), ('rvm_bin_path', '/usr/local/rvm/bin'), ('_', '/usr/local/bin/colcon'), ('RUBY_VERSION', 'ruby-2.6.6'), ('ROS_VERSION', '1'), ('C9_PORT', '8080'), ('PKG_CONFIG_PATH', '/home/ubuntu/environment/aws-robomaker-sample-application-helloworld/robot_ws/install/turtlebot3_description_reduced_mesh/lib/x86_64-linux-gnu/pkgconfig:/home/ubuntu/environment/aws-robomaker-sample-application-helloworld/robot_ws/install/turtlebot3_description_reduced_mesh/lib/pkgconfig:/opt/ros/melodic/lib/pkgconfig'), ('IRBRC', '/usr/local/rvm/rubies/ruby-2.6.6/.irbrc'), ('XDG_SESSION_ID', '87'), ('TERM', 'xterm-256color'), ('PATH', '/home/ubuntu/.nvm/versions/node/v8.17.0/bin:/opt/ros/melodic/bin:/usr/local/rvm/gems/ruby-2.6.6/bin:/usr/local/rvm/gems/ruby-2.6.6@global/bin:/usr/local/rvm/rubies/ruby-2.6.6/bin:/usr/local/sbin:/usr/local/bin:/usr/sbin:/usr/bin:/sbin:/bin:/usr/games:/usr/local/games:/snap/bin:/home/ubuntu/.local/bin:/home/ubuntu/bin:/home/ubuntu/.local/bin:/home/ubuntu/bin:/usr/local/rvm/bin:/home/ubuntu/.local/bin:/home/ubuntu/bin'), ('NVM_IOJS_ORG_MIRROR', 'https://iojs.org/dist'), ('XDG_RUNTIME_DIR', '/run/user/1000'), ('MY_RUBY_HOME', '/usr/local/rvm/rubies/ruby-2.6.6'), ('LANG', 'C.UTF-8'), ('HISTSIZE', '100000'), ('ROS_ROOT', '/opt/ros/melodic/share/ros'), ('ROSLISP_PACKAGE_DIRECTORIES', ''), ('C9_HOSTNAME', '18.224.182.144'), ('NODE_PATH', '/home/ubuntu/.c9/node_modules'), ('SHELL', '/bin/bash'), ('ROS_MASTER_URI', 'http://localhost:11311'), ('rvm_prefix', '/usr/local'), ('PROMPT_COMMAND', 'history -a;'), ('GEM_HOME', '/usr/local/rvm/gems/ruby-2.6.6'), ('C9_PID', '7b743f9ec4604edabf6b35e8d9b6071f'), ('rvm_version', '1.29.12 (latest)'), ('C9_PROJECT', 'lab1-ros-melodic'), ('PWD', '/home/ubuntu/environment/aws-robomaker-sample-application-helloworld/robot_ws/build/hello_world_robot'), ('GEM_PATH', '/usr/local/rvm/gems/ruby-2.6.6:/usr/local/rvm/gems/ruby-2.6.6@global'), ('SSH_CONNECTION', '18.188.9.34 45920 172.31.41.254 22'), ('NVM_CD_FLAGS', ''), ('XDG_DATA_DIRS', '/usr/local/share:/usr/share:/var/lib/snapd/desktop'), ('IP', '127.0.0.1'), ('PYTHONPATH', '/opt/ros/melodic/lib/python2.7/dist-packages'), ('COLCON', '1'), ('rvm_path', '/usr/local/rvm'), ('TMUX_PANE', '%2'), ('MANPATH', '/home/ubuntu/.nvm/versions/node/v8.17.0/share/man:/usr/local/rvm/rubies/ruby-2.6.6/share/man:/usr/local/man:/usr/local/share/man:/usr/share/man:/usr/local/rvm/man'), ('EDITOR', ''), ('CMAKE_PREFIX_PATH', '/home/ubuntu/environment/aws-robomaker-sample-application-helloworld/robot_ws/install/turtlebot3_description_reduced_mesh:/opt/ros/melodic')]), 'shell': False}
[22.679982] (-) TimerEvent: {}
[22.720475] (hello_world_robot) StdoutLine: {'line': b'Built target hello_world_robot_xacro_generated_to_devel_space_\n'}
[22.739157] (hello_world_robot) StdoutLine: {'line': b'\x1b[36mInstall the project...\x1b[0m\n'}
[22.747714] (hello_world_robot) StdoutLine: {'line': b'-- Install configuration: ""\n'}
[22.748741] (hello_world_robot) StdoutLine: {'line': b'+ cd /home/ubuntu/environment/aws-robomaker-sample-application-helloworld/robot_ws/src/hello_world_robot\n'}
[22.748959] (hello_world_robot) StdoutLine: {'line': b'+ mkdir -p /home/ubuntu/environment/aws-robomaker-sample-application-helloworld/robot_ws/install/hello_world_robot/lib/python2.7/dist-packages\n'}
[22.750026] (hello_world_robot) StdoutLine: {'line': b'+ /usr/bin/env PYTHONPATH=/home/ubuntu/environment/aws-robomaker-sample-application-helloworld/robot_ws/install/hello_world_robot/lib/python2.7/dist-packages:/home/ubuntu/environment/aws-robomaker-sample-application-helloworld/robot_ws/build/hello_world_robot/lib/python2.7/dist-packages:/opt/ros/melodic/lib/python2.7/dist-packages CATKIN_BINARY_DIR=/home/ubuntu/environment/aws-robomaker-sample-application-helloworld/robot_ws/build/hello_world_robot /usr/bin/python2 /home/ubuntu/environment/aws-robomaker-sample-application-helloworld/robot_ws/src/hello_world_robot/setup.py build --build-base /home/ubuntu/environment/aws-robomaker-sample-application-helloworld/robot_ws/build/hello_world_robot install --root=/ --install-layout=deb --prefix=/home/ubuntu/environment/aws-robomaker-sample-application-helloworld/robot_ws/install/hello_world_robot --install-scripts=/home/ubuntu/environment/aws-robomaker-sample-application-helloworld/robot_ws/install/hello_world_robot/bin\n'}
[22.780185] (-) TimerEvent: {}
[22.789525] (hello_world_robot) StdoutLine: {'line': b'running build\n'}
[22.789802] (hello_world_robot) StdoutLine: {'line': b'running build_py\n'}
[22.790989] (hello_world_robot) StdoutLine: {'line': b'creating /home/ubuntu/environment/aws-robomaker-sample-application-helloworld/robot_ws/build/hello_world_robot/lib.linux-x86_64-2.7\n'}
[22.791335] (hello_world_robot) StdoutLine: {'line': b'creating /home/ubuntu/environment/aws-robomaker-sample-application-helloworld/robot_ws/build/hello_world_robot/lib.linux-x86_64-2.7/hello_world_robot\n'}
[22.791520] (hello_world_robot) StdoutLine: {'line': b'copying src/hello_world_robot/__init__.py -> /home/ubuntu/environment/aws-robomaker-sample-application-helloworld/robot_ws/build/hello_world_robot/lib.linux-x86_64-2.7/hello_world_robot\n'}
[22.791759] (hello_world_robot) StdoutLine: {'line': b'running install\n'}
[22.792000] (hello_world_robot) StdoutLine: {'line': b'running install_lib\n'}
[22.792355] (hello_world_robot) StdoutLine: {'line': b'creating /home/ubuntu/environment/aws-robomaker-sample-application-helloworld/robot_ws/install/hello_world_robot/lib/python2.7/dist-packages/hello_world_robot\n'}
[22.792611] (hello_world_robot) StdoutLine: {'line': b'copying /home/ubuntu/environment/aws-robomaker-sample-application-helloworld/robot_ws/build/hello_world_robot/lib.linux-x86_64-2.7/hello_world_robot/__init__.py -> /home/ubuntu/environment/aws-robomaker-sample-application-helloworld/robot_ws/install/hello_world_robot/lib/python2.7/dist-packages/hello_world_robot\n'}
[22.793078] (hello_world_robot) StdoutLine: {'line': b'byte-compiling /home/ubuntu/environment/aws-robomaker-sample-application-helloworld/robot_ws/install/hello_world_robot/lib/python2.7/dist-packages/hello_world_robot/__init__.py to __init__.pyc\n'}
[22.794741] (hello_world_robot) StdoutLine: {'line': b'running install_egg_info\n'}
[22.795488] (hello_world_robot) StdoutLine: {'line': b'Writing /home/ubuntu/environment/aws-robomaker-sample-application-helloworld/robot_ws/install/hello_world_robot/lib/python2.7/dist-packages/hello_world_robot-1.4.1.egg-info\n'}
[22.799199] (hello_world_robot) StdoutLine: {'line': b'-- Installing: /home/ubuntu/environment/aws-robomaker-sample-application-helloworld/robot_ws/install/hello_world_robot/lib/pkgconfig/hello_world_robot.pc\n'}
[22.799527] (hello_world_robot) StdoutLine: {'line': b'-- Installing: /home/ubuntu/environment/aws-robomaker-sample-application-helloworld/robot_ws/install/hello_world_robot/share/hello_world_robot/cmake/hello_world_robotConfig.cmake\n'}
[22.799761] (hello_world_robot) StdoutLine: {'line': b'-- Installing: /home/ubuntu/environment/aws-robomaker-sample-application-helloworld/robot_ws/install/hello_world_robot/share/hello_world_robot/cmake/hello_world_robotConfig-version.cmake\n'}
[22.800008] (hello_world_robot) StdoutLine: {'line': b'-- Installing: /home/ubuntu/environment/aws-robomaker-sample-application-helloworld/robot_ws/install/hello_world_robot/share/hello_world_robot/package.xml\n'}
[22.800257] (hello_world_robot) StdoutLine: {'line': b'-- Installing: /home/ubuntu/environment/aws-robomaker-sample-application-helloworld/robot_ws/install/hello_world_robot/lib/hello_world_robot/rotate.py\n'}
[22.800543] (hello_world_robot) StdoutLine: {'line': b'-- Installing: /home/ubuntu/environment/aws-robomaker-sample-application-helloworld/robot_ws/install/hello_world_robot/share/hello_world_robot/launch\n'}
[22.800783] (hello_world_robot) StdoutLine: {'line': b'-- Installing: /home/ubuntu/environment/aws-robomaker-sample-application-helloworld/robot_ws/install/hello_world_robot/share/hello_world_robot/launch/deploy_rotate.launch\n'}
[22.801095] (hello_world_robot) StdoutLine: {'line': b'-- Installing: /home/ubuntu/environment/aws-robomaker-sample-application-helloworld/robot_ws/install/hello_world_robot/share/hello_world_robot/launch/rotate.launch\n'}
[22.801351] (hello_world_robot) StdoutLine: {'line': b'-- Installing: /home/ubuntu/environment/aws-robomaker-sample-application-helloworld/robot_ws/install/hello_world_robot/share/deploymentScripts\n'}
[22.801515] (hello_world_robot) StdoutLine: {'line': b'-- Installing: /home/ubuntu/environment/aws-robomaker-sample-application-helloworld/robot_ws/install/hello_world_robot/share/deploymentScripts/post_launch_file.sh\n'}
[22.801614] (hello_world_robot) StdoutLine: {'line': b'-- Installing: /home/ubuntu/environment/aws-robomaker-sample-application-helloworld/robot_ws/install/hello_world_robot/share/deploymentScripts/pre_launch_file.sh\n'}
[22.801729] (hello_world_robot) StdoutLine: {'line': b'-- Installing: /home/ubuntu/environment/aws-robomaker-sample-application-helloworld/robot_ws/install/hello_world_robot/share/hello_world_robot/rviz/turtlebot3_model.rviz\n'}
[22.805443] (hello_world_robot) CommandEnded: {'returncode': 0}
[22.885467] (-) TimerEvent: {}
[22.958327] (hello_world_robot) JobEnded: {'identifier': 'hello_world_robot', 'rc': 0}
[22.960432] (-) EventReactorShutdown: {}
