[0.053s] Invoking command in '/home/ubuntu/environment/aws-robomaker-sample-application-helloworld/simulation_ws/build/hello_world_simulation': /usr/bin/cmake --build /home/ubuntu/environment/aws-robomaker-sample-application-helloworld/simulation_ws/build/hello_world_simulation -- -j4 -l4
[0.117s] Built target hello_world_simulation_xacro_generated_to_devel_space_
[0.128s] Invoked command in '/home/ubuntu/environment/aws-robomaker-sample-application-helloworld/simulation_ws/build/hello_world_simulation' returned '0': /usr/bin/cmake --build /home/ubuntu/environment/aws-robomaker-sample-application-helloworld/simulation_ws/build/hello_world_simulation -- -j4 -l4
[0.214s] Invoking command in '/home/ubuntu/environment/aws-robomaker-sample-application-helloworld/simulation_ws/build/hello_world_simulation': /usr/bin/cmake --build /home/ubuntu/environment/aws-robomaker-sample-application-helloworld/simulation_ws/build/hello_world_simulation --target tests -- -j4 -l4
[0.297s] Built target tests
[0.312s] Invoked command in '/home/ubuntu/environment/aws-robomaker-sample-application-helloworld/simulation_ws/build/hello_world_simulation' returned '0': /usr/bin/cmake --build /home/ubuntu/environment/aws-robomaker-sample-application-helloworld/simulation_ws/build/hello_world_simulation --target tests -- -j4 -l4
[0.408s] Invoking command in '/home/ubuntu/environment/aws-robomaker-sample-application-helloworld/simulation_ws/build/hello_world_simulation': /usr/bin/cmake --build /home/ubuntu/environment/aws-robomaker-sample-application-helloworld/simulation_ws/build/hello_world_simulation --target install -- -j4 -l4
[0.463s] Built target hello_world_simulation_xacro_generated_to_devel_space_
[0.490s] [36mInstall the project...[0m
[0.500s] -- Install configuration: ""
[0.500s] -- Up-to-date: /home/ubuntu/environment/aws-robomaker-sample-application-helloworld/simulation_ws/install/hello_world_simulation/lib/pkgconfig/hello_world_simulation.pc
[0.501s] -- Up-to-date: /home/ubuntu/environment/aws-robomaker-sample-application-helloworld/simulation_ws/install/hello_world_simulation/share/hello_world_simulation/cmake/hello_world_simulationConfig.cmake
[0.501s] -- Up-to-date: /home/ubuntu/environment/aws-robomaker-sample-application-helloworld/simulation_ws/install/hello_world_simulation/share/hello_world_simulation/cmake/hello_world_simulationConfig-version.cmake
[0.501s] -- Up-to-date: /home/ubuntu/environment/aws-robomaker-sample-application-helloworld/simulation_ws/install/hello_world_simulation/share/hello_world_simulation/package.xml
[0.501s] -- Up-to-date: /home/ubuntu/environment/aws-robomaker-sample-application-helloworld/simulation_ws/install/hello_world_simulation/share/hello_world_simulation/launch
[0.501s] -- Up-to-date: /home/ubuntu/environment/aws-robomaker-sample-application-helloworld/simulation_ws/install/hello_world_simulation/share/hello_world_simulation/launch/view_empty_world.launch
[0.501s] -- Up-to-date: /home/ubuntu/environment/aws-robomaker-sample-application-helloworld/simulation_ws/install/hello_world_simulation/share/hello_world_simulation/launch/empty_world.launch
[0.502s] -- Up-to-date: /home/ubuntu/environment/aws-robomaker-sample-application-helloworld/simulation_ws/install/hello_world_simulation/share/hello_world_simulation/launch/worldforge_world.launch
[0.502s] -- Up-to-date: /home/ubuntu/environment/aws-robomaker-sample-application-helloworld/simulation_ws/install/hello_world_simulation/share/hello_world_simulation/worlds
[0.502s] -- Up-to-date: /home/ubuntu/environment/aws-robomaker-sample-application-helloworld/simulation_ws/install/hello_world_simulation/share/hello_world_simulation/worlds/empty.world
[0.503s] -- Up-to-date: /home/ubuntu/environment/aws-robomaker-sample-application-helloworld/simulation_ws/install/hello_world_simulation/share/hello_world_simulation/rviz/turtlebot3_model.rviz
[0.505s] Invoked command in '/home/ubuntu/environment/aws-robomaker-sample-application-helloworld/simulation_ws/build/hello_world_simulation' returned '0': /usr/bin/cmake --build /home/ubuntu/environment/aws-robomaker-sample-application-helloworld/simulation_ws/build/hello_world_simulation --target install -- -j4 -l4
