[0.010s] Invoking command in '/home/ubuntu/environment/aws-robomaker-sample-application-helloworld/robot_ws/build/hello_world_robot': CMAKE_PREFIX_PATH=/home/ubuntu/environment/aws-robomaker-sample-application-helloworld/robot_ws/install/turtlebot3_description_reduced_mesh:${CMAKE_PREFIX_PATH} PKG_CONFIG_PATH=/home/ubuntu/environment/aws-robomaker-sample-application-helloworld/robot_ws/install/turtlebot3_description_reduced_mesh/lib/x86_64-linux-gnu/pkgconfig:/home/ubuntu/environment/aws-robomaker-sample-application-helloworld/robot_ws/install/turtlebot3_description_reduced_mesh/lib/pkgconfig:${PKG_CONFIG_PATH} ROS_PACKAGE_PATH=/home/ubuntu/environment/aws-robomaker-sample-application-helloworld/robot_ws/install/turtlebot3_description_reduced_mesh/share:${ROS_PACKAGE_PATH} /usr/bin/cmake /home/ubuntu/environment/aws-robomaker-sample-application-helloworld/robot_ws/src/hello_world_robot -DCATKIN_INSTALL_INTO_PREFIX_ROOT=0 -DCMAKE_INSTALL_PREFIX=/home/ubuntu/environment/aws-robomaker-sample-application-helloworld/robot_ws/install/hello_world_robot
[0.069s] -- The C compiler identification is GNU 7.5.0
[0.127s] -- The CXX compiler identification is GNU 7.5.0
[0.132s] -- Check for working C compiler: /usr/bin/cc
[0.196s] -- Check for working C compiler: /usr/bin/cc -- works
[0.197s] -- Detecting C compiler ABI info
[0.260s] -- Detecting C compiler ABI info - done
[0.270s] -- Detecting C compile features
[0.462s] -- Detecting C compile features - done
[0.465s] -- Check for working CXX compiler: /usr/bin/c++
[0.539s] -- Check for working CXX compiler: /usr/bin/c++ -- works
[0.539s] -- Detecting CXX compiler ABI info
[0.614s] -- Detecting CXX compiler ABI info - done
[0.623s] -- Detecting CXX compile features
[0.956s] -- Detecting CXX compile features - done
[0.958s] -- Using CATKIN_DEVEL_PREFIX: /home/ubuntu/environment/aws-robomaker-sample-application-helloworld/robot_ws/build/hello_world_robot/devel
[0.958s] -- Using CMAKE_PREFIX_PATH: /home/ubuntu/environment/aws-robomaker-sample-application-helloworld/robot_ws/install/turtlebot3_description_reduced_mesh;/opt/ros/melodic
[0.959s] -- This workspace overlays: /home/ubuntu/environment/aws-robomaker-sample-application-helloworld/robot_ws/install/turtlebot3_description_reduced_mesh;/opt/ros/melodic
[0.972s] -- Found PythonInterp: /usr/bin/python2 (found suitable version "2.7.17", minimum required is "2") 
[0.973s] -- Using PYTHON_EXECUTABLE: /usr/bin/python2
[0.973s] -- Using Debian Python package layout
[0.973s] -- Using empy: /usr/bin/empy
[1.125s] -- Using CATKIN_ENABLE_TESTING: ON
[1.125s] -- Call enable_testing()
[1.127s] -- Using CATKIN_TEST_RESULTS_DIR: /home/ubuntu/environment/aws-robomaker-sample-application-helloworld/robot_ws/build/hello_world_robot/test_results
[1.144s] -- Found gtest sources under '/usr/src/googletest': gtests will be built
[1.144s] -- Found gmock sources under '/usr/src/googletest': gmock will be built
[1.157s] -- Found PythonInterp: /usr/bin/python2 (found version "2.7.17") 
[1.158s] -- Looking for pthread.h
[1.226s] -- Looking for pthread.h - found
[1.226s] -- Looking for pthread_create
[1.295s] -- Looking for pthread_create - not found
[1.295s] -- Looking for pthread_create in pthreads
[1.350s] -- Looking for pthread_create in pthreads - not found
[1.351s] -- Looking for pthread_create in pthread
[1.414s] -- Looking for pthread_create in pthread - found
[1.415s] -- Found Threads: TRUE  
[1.420s] -- Using Python nosetests: /usr/bin/nosetests-2.7
[1.459s] -- catkin 0.7.29
[1.460s] -- BUILD_SHARED_LIBS is on
[1.600s] -- Using these message generators: gencpp;geneus;genlisp;gennodejs;genpy
[7.112s] -- Configuring done
[7.133s] -- Generating done
[7.138s] -- Build files have been written to: /home/ubuntu/environment/aws-robomaker-sample-application-helloworld/robot_ws/build/hello_world_robot
[7.143s] Invoked command in '/home/ubuntu/environment/aws-robomaker-sample-application-helloworld/robot_ws/build/hello_world_robot' returned '0': CMAKE_PREFIX_PATH=/home/ubuntu/environment/aws-robomaker-sample-application-helloworld/robot_ws/install/turtlebot3_description_reduced_mesh:${CMAKE_PREFIX_PATH} PKG_CONFIG_PATH=/home/ubuntu/environment/aws-robomaker-sample-application-helloworld/robot_ws/install/turtlebot3_description_reduced_mesh/lib/x86_64-linux-gnu/pkgconfig:/home/ubuntu/environment/aws-robomaker-sample-application-helloworld/robot_ws/install/turtlebot3_description_reduced_mesh/lib/pkgconfig:${PKG_CONFIG_PATH} ROS_PACKAGE_PATH=/home/ubuntu/environment/aws-robomaker-sample-application-helloworld/robot_ws/install/turtlebot3_description_reduced_mesh/share:${ROS_PACKAGE_PATH} /usr/bin/cmake /home/ubuntu/environment/aws-robomaker-sample-application-helloworld/robot_ws/src/hello_world_robot -DCATKIN_INSTALL_INTO_PREFIX_ROOT=0 -DCMAKE_INSTALL_PREFIX=/home/ubuntu/environment/aws-robomaker-sample-application-helloworld/robot_ws/install/hello_world_robot
[7.146s] Invoking command in '/home/ubuntu/environment/aws-robomaker-sample-application-helloworld/robot_ws/build/hello_world_robot': CMAKE_PREFIX_PATH=/home/ubuntu/environment/aws-robomaker-sample-application-helloworld/robot_ws/install/turtlebot3_description_reduced_mesh:${CMAKE_PREFIX_PATH} PKG_CONFIG_PATH=/home/ubuntu/environment/aws-robomaker-sample-application-helloworld/robot_ws/install/turtlebot3_description_reduced_mesh/lib/x86_64-linux-gnu/pkgconfig:/home/ubuntu/environment/aws-robomaker-sample-application-helloworld/robot_ws/install/turtlebot3_description_reduced_mesh/lib/pkgconfig:${PKG_CONFIG_PATH} ROS_PACKAGE_PATH=/home/ubuntu/environment/aws-robomaker-sample-application-helloworld/robot_ws/install/turtlebot3_description_reduced_mesh/share:${ROS_PACKAGE_PATH} /usr/bin/cmake --build /home/ubuntu/environment/aws-robomaker-sample-application-helloworld/robot_ws/build/hello_world_robot -- -j4 -l4
[7.186s] [35m[1mScanning dependencies of target hello_world_robot_xacro_generated_to_devel_space_[0m
[7.196s] Built target hello_world_robot_xacro_generated_to_devel_space_
[7.207s] Invoked command in '/home/ubuntu/environment/aws-robomaker-sample-application-helloworld/robot_ws/build/hello_world_robot' returned '0': CMAKE_PREFIX_PATH=/home/ubuntu/environment/aws-robomaker-sample-application-helloworld/robot_ws/install/turtlebot3_description_reduced_mesh:${CMAKE_PREFIX_PATH} PKG_CONFIG_PATH=/home/ubuntu/environment/aws-robomaker-sample-application-helloworld/robot_ws/install/turtlebot3_description_reduced_mesh/lib/x86_64-linux-gnu/pkgconfig:/home/ubuntu/environment/aws-robomaker-sample-application-helloworld/robot_ws/install/turtlebot3_description_reduced_mesh/lib/pkgconfig:${PKG_CONFIG_PATH} ROS_PACKAGE_PATH=/home/ubuntu/environment/aws-robomaker-sample-application-helloworld/robot_ws/install/turtlebot3_description_reduced_mesh/share:${ROS_PACKAGE_PATH} /usr/bin/cmake --build /home/ubuntu/environment/aws-robomaker-sample-application-helloworld/robot_ws/build/hello_world_robot -- -j4 -l4
[7.256s] Invoking command in '/home/ubuntu/environment/aws-robomaker-sample-application-helloworld/robot_ws/build/hello_world_robot': CMAKE_PREFIX_PATH=/home/ubuntu/environment/aws-robomaker-sample-application-helloworld/robot_ws/install/turtlebot3_description_reduced_mesh:${CMAKE_PREFIX_PATH} PKG_CONFIG_PATH=/home/ubuntu/environment/aws-robomaker-sample-application-helloworld/robot_ws/install/turtlebot3_description_reduced_mesh/lib/x86_64-linux-gnu/pkgconfig:/home/ubuntu/environment/aws-robomaker-sample-application-helloworld/robot_ws/install/turtlebot3_description_reduced_mesh/lib/pkgconfig:${PKG_CONFIG_PATH} ROS_PACKAGE_PATH=/home/ubuntu/environment/aws-robomaker-sample-application-helloworld/robot_ws/install/turtlebot3_description_reduced_mesh/share:${ROS_PACKAGE_PATH} /usr/bin/cmake --build /home/ubuntu/environment/aws-robomaker-sample-application-helloworld/robot_ws/build/hello_world_robot --target tests -- -j4 -l4
[7.306s] [35m[1mScanning dependencies of target tests[0m
[7.316s] Built target tests
[7.326s] Invoked command in '/home/ubuntu/environment/aws-robomaker-sample-application-helloworld/robot_ws/build/hello_world_robot' returned '0': CMAKE_PREFIX_PATH=/home/ubuntu/environment/aws-robomaker-sample-application-helloworld/robot_ws/install/turtlebot3_description_reduced_mesh:${CMAKE_PREFIX_PATH} PKG_CONFIG_PATH=/home/ubuntu/environment/aws-robomaker-sample-application-helloworld/robot_ws/install/turtlebot3_description_reduced_mesh/lib/x86_64-linux-gnu/pkgconfig:/home/ubuntu/environment/aws-robomaker-sample-application-helloworld/robot_ws/install/turtlebot3_description_reduced_mesh/lib/pkgconfig:${PKG_CONFIG_PATH} ROS_PACKAGE_PATH=/home/ubuntu/environment/aws-robomaker-sample-application-helloworld/robot_ws/install/turtlebot3_description_reduced_mesh/share:${ROS_PACKAGE_PATH} /usr/bin/cmake --build /home/ubuntu/environment/aws-robomaker-sample-application-helloworld/robot_ws/build/hello_world_robot --target tests -- -j4 -l4
[7.376s] Invoking command in '/home/ubuntu/environment/aws-robomaker-sample-application-helloworld/robot_ws/build/hello_world_robot': CMAKE_PREFIX_PATH=/home/ubuntu/environment/aws-robomaker-sample-application-helloworld/robot_ws/install/turtlebot3_description_reduced_mesh:${CMAKE_PREFIX_PATH} PKG_CONFIG_PATH=/home/ubuntu/environment/aws-robomaker-sample-application-helloworld/robot_ws/install/turtlebot3_description_reduced_mesh/lib/x86_64-linux-gnu/pkgconfig:/home/ubuntu/environment/aws-robomaker-sample-application-helloworld/robot_ws/install/turtlebot3_description_reduced_mesh/lib/pkgconfig:${PKG_CONFIG_PATH} ROS_PACKAGE_PATH=/home/ubuntu/environment/aws-robomaker-sample-application-helloworld/robot_ws/install/turtlebot3_description_reduced_mesh/share:${ROS_PACKAGE_PATH} /usr/bin/cmake --build /home/ubuntu/environment/aws-robomaker-sample-application-helloworld/robot_ws/build/hello_world_robot --target install -- -j4 -l4
[7.425s] Built target hello_world_robot_xacro_generated_to_devel_space_
[7.443s] [36mInstall the project...[0m
[7.452s] -- Install configuration: ""
[7.453s] + cd /home/ubuntu/environment/aws-robomaker-sample-application-helloworld/robot_ws/src/hello_world_robot
[7.453s] + mkdir -p /home/ubuntu/environment/aws-robomaker-sample-application-helloworld/robot_ws/install/hello_world_robot/lib/python2.7/dist-packages
[7.454s] + /usr/bin/env PYTHONPATH=/home/ubuntu/environment/aws-robomaker-sample-application-helloworld/robot_ws/install/hello_world_robot/lib/python2.7/dist-packages:/home/ubuntu/environment/aws-robomaker-sample-application-helloworld/robot_ws/build/hello_world_robot/lib/python2.7/dist-packages:/opt/ros/melodic/lib/python2.7/dist-packages CATKIN_BINARY_DIR=/home/ubuntu/environment/aws-robomaker-sample-application-helloworld/robot_ws/build/hello_world_robot /usr/bin/python2 /home/ubuntu/environment/aws-robomaker-sample-application-helloworld/robot_ws/src/hello_world_robot/setup.py build --build-base /home/ubuntu/environment/aws-robomaker-sample-application-helloworld/robot_ws/build/hello_world_robot install --root=/ --install-layout=deb --prefix=/home/ubuntu/environment/aws-robomaker-sample-application-helloworld/robot_ws/install/hello_world_robot --install-scripts=/home/ubuntu/environment/aws-robomaker-sample-application-helloworld/robot_ws/install/hello_world_robot/bin
[7.494s] running build
[7.494s] running build_py
[7.495s] creating /home/ubuntu/environment/aws-robomaker-sample-application-helloworld/robot_ws/build/hello_world_robot/lib.linux-x86_64-2.7
[7.496s] creating /home/ubuntu/environment/aws-robomaker-sample-application-helloworld/robot_ws/build/hello_world_robot/lib.linux-x86_64-2.7/hello_world_robot
[7.496s] copying src/hello_world_robot/__init__.py -> /home/ubuntu/environment/aws-robomaker-sample-application-helloworld/robot_ws/build/hello_world_robot/lib.linux-x86_64-2.7/hello_world_robot
[7.496s] running install
[7.496s] running install_lib
[7.497s] creating /home/ubuntu/environment/aws-robomaker-sample-application-helloworld/robot_ws/install/hello_world_robot/lib/python2.7/dist-packages/hello_world_robot
[7.497s] copying /home/ubuntu/environment/aws-robomaker-sample-application-helloworld/robot_ws/build/hello_world_robot/lib.linux-x86_64-2.7/hello_world_robot/__init__.py -> /home/ubuntu/environment/aws-robomaker-sample-application-helloworld/robot_ws/install/hello_world_robot/lib/python2.7/dist-packages/hello_world_robot
[7.497s] byte-compiling /home/ubuntu/environment/aws-robomaker-sample-application-helloworld/robot_ws/install/hello_world_robot/lib/python2.7/dist-packages/hello_world_robot/__init__.py to __init__.pyc
[7.499s] running install_egg_info
[7.500s] Writing /home/ubuntu/environment/aws-robomaker-sample-application-helloworld/robot_ws/install/hello_world_robot/lib/python2.7/dist-packages/hello_world_robot-1.4.1.egg-info
[7.503s] -- Installing: /home/ubuntu/environment/aws-robomaker-sample-application-helloworld/robot_ws/install/hello_world_robot/lib/pkgconfig/hello_world_robot.pc
[7.504s] -- Installing: /home/ubuntu/environment/aws-robomaker-sample-application-helloworld/robot_ws/install/hello_world_robot/share/hello_world_robot/cmake/hello_world_robotConfig.cmake
[7.504s] -- Installing: /home/ubuntu/environment/aws-robomaker-sample-application-helloworld/robot_ws/install/hello_world_robot/share/hello_world_robot/cmake/hello_world_robotConfig-version.cmake
[7.504s] -- Installing: /home/ubuntu/environment/aws-robomaker-sample-application-helloworld/robot_ws/install/hello_world_robot/share/hello_world_robot/package.xml
[7.505s] -- Installing: /home/ubuntu/environment/aws-robomaker-sample-application-helloworld/robot_ws/install/hello_world_robot/lib/hello_world_robot/rotate.py
[7.505s] -- Installing: /home/ubuntu/environment/aws-robomaker-sample-application-helloworld/robot_ws/install/hello_world_robot/share/hello_world_robot/launch
[7.505s] -- Installing: /home/ubuntu/environment/aws-robomaker-sample-application-helloworld/robot_ws/install/hello_world_robot/share/hello_world_robot/launch/deploy_rotate.launch
[7.505s] -- Installing: /home/ubuntu/environment/aws-robomaker-sample-application-helloworld/robot_ws/install/hello_world_robot/share/hello_world_robot/launch/rotate.launch
[7.506s] -- Installing: /home/ubuntu/environment/aws-robomaker-sample-application-helloworld/robot_ws/install/hello_world_robot/share/deploymentScripts
[7.506s] -- Installing: /home/ubuntu/environment/aws-robomaker-sample-application-helloworld/robot_ws/install/hello_world_robot/share/deploymentScripts/post_launch_file.sh
[7.506s] -- Installing: /home/ubuntu/environment/aws-robomaker-sample-application-helloworld/robot_ws/install/hello_world_robot/share/deploymentScripts/pre_launch_file.sh
[7.506s] -- Installing: /home/ubuntu/environment/aws-robomaker-sample-application-helloworld/robot_ws/install/hello_world_robot/share/hello_world_robot/rviz/turtlebot3_model.rviz
[7.510s] Invoked command in '/home/ubuntu/environment/aws-robomaker-sample-application-helloworld/robot_ws/build/hello_world_robot' returned '0': CMAKE_PREFIX_PATH=/home/ubuntu/environment/aws-robomaker-sample-application-helloworld/robot_ws/install/turtlebot3_description_reduced_mesh:${CMAKE_PREFIX_PATH} PKG_CONFIG_PATH=/home/ubuntu/environment/aws-robomaker-sample-application-helloworld/robot_ws/install/turtlebot3_description_reduced_mesh/lib/x86_64-linux-gnu/pkgconfig:/home/ubuntu/environment/aws-robomaker-sample-application-helloworld/robot_ws/install/turtlebot3_description_reduced_mesh/lib/pkgconfig:${PKG_CONFIG_PATH} ROS_PACKAGE_PATH=/home/ubuntu/environment/aws-robomaker-sample-application-helloworld/robot_ws/install/turtlebot3_description_reduced_mesh/share:${ROS_PACKAGE_PATH} /usr/bin/cmake --build /home/ubuntu/environment/aws-robomaker-sample-application-helloworld/robot_ws/build/hello_world_robot --target install -- -j4 -l4
